|   iter    |  target   |    x1     |    x2     |
-------------------------------------------------
|  1        | -22.02    |  14.06    |  6.03     |
|  2        | -21.46    | -7.961    |  16.26    |
|  3        | -10.73    | -14.89    | -0.8313   |
|  4        | -6.765    | -8.562    |  0.7512   |
|  5        | -10.5     | -4.513    |  5.485    |
|  6        | -12.98    | -7.309    |  7.773    |
|  7        | -29.54    |  24.5     | -3.357    |
|  8        | -6.979    |  1.737    | -3.176    |
|  9        | -11.24    |  4.457    |  1.072    |
|  10       | -22.55    |  12.23    |  9.547    |
|  11       | -24.78    |  14.26    |  10.58    |
|  12       | -21.66    | -16.16    |  13.57    |
|  13       | -14.51    |  9.361    | -2.898    |
|  14       | -11.07    |  5.447    | -8.668    |
|  15       | -17.06    | -1.296    |  11.65    |
|  16       | -30.1     | -10.73    |  24.55    |
|  17       | -5.261    | -8.596    | -1.16     |
|  18       | -24.48    |  5.157    | -27.28    |
|  19       | -23.33    |  18.22    | -7.297    |
|  20       | -17.08    |  2.036    |  10.56    |
|  21       | -4.333    | -2.915    | -1.202    |
|  22       | -17.7     | -5.822    |  12.68    |
|  23       | -25.96    |  14.14    |  12.54    |
|  24       | -17.47    |  6.209    |  8.404    |
|  25       | -15.13    |  2.986    |  7.856    |
|  26       | -17.82    |  5.99     |  9.033    |
|  27       | -27.77    |  4.317    |  21.16    |
|  28       | -18.47    |  13.37    | -3.101    |
|  29       | -23.33    |  8.114    |  14.29    |
|  30       | -13.34    | -10.4     |  7.202    |
|  31       | -13.94    |  3.541    |  6.016    |
|  32       | -12.48    |  6.367    | -10.14    |
|  33       | -34.99    |  16.74    |  22.42    |
|  34       | -22.55    |  2.398    |  16.31    |
|  35       | -9.693    | -0.2046   |  3.423    |
|  36       | -16.33    |  9.592    | -12.34    |
|  37       | -28.98    | -5.145    |  23.98    |
|  38       | -12.44    |  1.077    |  5.855    |
|  39       | -10.78    |  2.405    |  2.839    |
|  40       | -17.92    |  12.88    | -3.906    |
|  41       | -10.02    |  4.819    | -6.993    |
|  42       | -9.653    |  4.61     | -4.089    |
|  43       | -20.68    |  9.874    |  9.371    |
|  44       | -29.03    |  3.245    |  22.83    |
|  45       | -21.67    |  16.65    | -4.034    |
|  46       | -30.19    |  11.54    |  20.26    |
|  47       | -20.8     |  15.75    | -6.485    |
|  48       | -21.61    |  15.42    |  2.077    |
|  49       | -28.38    |  3.887    |  21.96    |
|  50       | -23.61    |  17.67    |  1.589    |
|  51       | -14.73    |  8.576    |  0.7069   |
|  52       | -11.7     |  2.352    |  4.1      |
|  53       | -26.52    |  20.84    |  0.9529   |
|  54       | -28.45    |  22.29    | -13.03    |
|  55       | -12.82    |  5.049    |  2.963    |
|  56       | -26.93    |  11.0     |  16.67    |
|  57       | -5.109    | -0.3136   | -2.967    |
|  58       | -20.62    |  14.02    |  2.966    |
|  59       | -13.14    |  8.086    | -3.849    |
|  60       | -26.03    |  1.395    |  20.23    |
|  61       | -25.52    |  13.89    |  12.16    |
|  62       | -21.87    |  14.71    | -14.48    |
|  63       | -21.04    |  16.04    | -5.086    |
|  64       | -12.85    | -8.18     |  7.448    |
|  65       | -24.71    |  14.36    |  10.36    |
|  66       | -26.1     |  7.407    |  17.96    |
|  67       | -8.052    | -0.04683  |  1.349    |
|  68       | -14.22    |  3.82     |  6.155    |
|  69       | -23.22    |  6.159    |  15.36    |
|  70       | -10.82    |  4.009    | -10.99    |
|  71       | -13.49    |  3.517    |  5.456    |
|  72       | -20.83    | -15.62    |  12.92    |
|  73       | -15.59    |  7.368    |  4.486    |
|  74       | -17.26    |  10.7     |  2.167    |
|  75       | -24.51    |  12.82    |  11.83    |
|  76       | -12.12    |  6.27     | -9.464    |
|  77       | -13.61    |  7.999    | -0.9552   |
|  78       | -17.99    |  12.56    | -1.075    |
|  79       | -11.84    |  6.772    | -3.718    |
|  80       | -21.52    |  7.634    |  12.42    |
|  81       | -11.28    |  4.524    | -11.05    |
|  82       | -18.39    |  6.643    |  9.239    |
|  83       | -20.66    |  10.77    |  8.346    |
|  84       | -17.59    |  7.124    | -17.74    |
|  85       | -15.8     |  1.692    |  9.318    |
|  86       | -16.54    |  10.21    |  1.501    |
|  87       | -12.92    | -1.509    |  7.444    |
|  88       | -25.53    |  18.95    |  3.837    |
|  89       | -27.2     |  11.33    |  16.75    |
|  90       | -16.7     | -2.751    |  11.55    |
|  91       | -19.02    |  11.79    |  3.943    |
|  92       | -32.79    |  18.05    |  18.33    |
|  93       | -14.33    | -1.936    |  8.994    |
|  94       | -21.74    | -5.187    |  16.74    |
|  95       | -27.56    |  17.49    |  10.92    |
|  96       | -27.27    |  18.42    |  8.969    |
|  97       | -19.27    |  13.7     | -0.3686   |
|  98       | -23.57    |  10.69    |  12.58    |
|  99       | -15.54    |  5.102    |  6.807    |
|  100      | -14.58    |  9.462    | -6.828    |
  0%|                                                                                                                                                                                                       | 0/3000 [00:00<?, ?it/s]100%|████████████████████████████████████████████████████████████████████████████████████████████████████████████████████████████████████████████████████████████████████████████████████████████| 3000/3000 [05:46<00:00,  8.67it/s]
took 347.2196 sec
|  101      | -0.6875   | -5.454    | -5.516    |
|  102      | -0.8245   | -5.567    | -5.599    |
|  103      | -0.6878   | -5.493    | -5.479    |
|  104      | -1.004    | -5.646    | -5.769    |
|  105      | -0.7865   | -5.541    | -5.571    |
|  106      | -0.4975   | -5.45     | -5.212    |
|  107      | -0.6149   | -5.431    | -5.439    |
|  108      | -0.7171   | -5.611    | -5.376    |
|  109      | -0.5319   | -5.388    | -5.364    |
|  110      | -0.6799   | -5.522    | -5.436    |
  0%|                                                                                                                                                                                                       | 0/1000 [00:00<?, ?it/s]100%|████████████████████████████████████████████████████████████████████████████████████████████████████████████████████████████████████████████████████████████████████████████████████████████| 1000/1000 [02:00<00:00,  8.32it/s]
took 121.6040 sec
|  111      | -0.398    | -5.061    | -4.607    |
|  112      | -0.204    | -5.028    | -4.798    |
|  113      | -0.2762   | -5.176    | -4.787    |
|  114      | -0.138    | -5.006    | -4.862    |
|  115      | -0.1447   | -4.9      | -4.895    |
|  116      | -0.1545   | -4.887    | -4.895    |
|  117      | -0.2686   | -4.915    | -4.745    |
|  118      | -0.2983   | -4.828    | -4.757    |
|  119      | -0.3121   | -5.041    | -4.691    |
|  120      | -0.2511   | -5.048    | -4.753    |
  0%|                                                                                                                                                                                                       | 0/1000 [00:00<?, ?it/s]100%|████████████████████████████████████████████████████████████████████████████████████████████████████████████████████████████████████████████████████████████████████████████████████████████| 1000/1000 [02:04<00:00,  8.05it/s]
took 125.5633 sec
|  121      | -0.09708  | -4.911    | -5.039    |
|  122      | -0.09601  | -4.937    | -5.072    |
|  123      | -0.441    | -4.586    | -5.152    |
|  124      | -0.3282   | -4.682    | -5.082    |
|  125      | -0.346    | -4.701    | -5.173    |
|  126      | -0.3931   | -4.629    | -5.131    |
|  127      | -0.3916   | -4.641    | -5.156    |
|  128      | -0.2281   | -4.773    | -5.018    |
|  129      | -0.4387   | -4.637    | -5.246    |
|  130      | -0.2932   | -4.716    | -5.074    |
  0%|                                                                                                                                                                                                       | 0/1000 [00:00<?, ?it/s]100%|████████████████████████████████████████████████████████████████████████████████████████████████████████████████████████████████████████████████████████████████████████████████████████████| 1000/1000 [02:02<00:00,  8.15it/s]
took 123.9572 sec
|  131      | -0.198    | -4.824    | -5.091    |
|  132      | -0.05343  | -5.027    | -5.046    |
|  133      | -0.115    | -5.051    | -4.897    |
|  134      | -0.04842  | -5.001    | -5.048    |
|  135      | -0.06246  | -5.061    | -5.014    |
|  136      | -0.1391   | -4.876    | -5.063    |
|  137      | -0.1618   | -5.006    | -5.162    |
|  138      | -0.03634  | -5.029    | -5.022    |
|  139      | -0.1389   | -4.997    | -5.139    |
|  140      | -0.154    | -4.979    | -5.153    |
  0%|                                                                                                                                                                                                       | 0/1000 [00:00<?, ?it/s]100%|████████████████████████████████████████████████████████████████████████████████████████████████████████████████████████████████████████████████████████████████████████████████████████████| 1000/1000 [02:04<00:00,  8.02it/s]
took 125.8437 sec
|  141      | -0.1179   | -4.978    | -4.884    |
|  142      | -0.07589  | -5.066    | -5.038    |
|  143      | -0.08983  | -5.074    | -4.949    |
|  144      | -0.08178  | -5.078    | -4.975    |
|  145      | -0.1458   | -4.855    | -4.99     |
|  146      | -0.2462   | -4.886    | -4.782    |
|  147      | -0.07304  | -4.969    | -5.066    |
|  148      | -0.02407  | -4.99     | -4.978    |
|  149      | -0.051    | -5.032    | -5.04     |
|  150      | -0.04941  | -4.961    | -5.031    |
=================================================
maximizing took: 875.118 sec
RESULT: (-4.989824376174465, -4.978182216901111) -0.024073975160717964