|  425      | -14.95    |  0.1923   | -4.061    |
|  426      | -25.5     |  7.193    |  3.432    |
|  427      | -14.8     |  2.669    | -7.505    |
|  428      | -26.26    | -0.5882   |  9.731    |
|  429      | -26.49    |  8.966    |  2.902    |
|  430      | -15.86    | -6.966    |  2.783    |
|  431      | -17.36    |  1.313    | -0.6267   |
|  432      | -17.55    | -1.439    |  1.985    |
|  433      | -25.62    |  6.999    |  5.022    |
|  434      | -25.58    |  1.587    |  8.494    |
|  435      | -21.04    | -8.705    |  9.827    |
|  436      | -6.138    | -8.94     | -6.01     |
|  437      | -10.18    | -1.545    | -7.85     |
|  438      | -14.48    |  2.473    | -9.04     |
|  439      | -7.86     | -4.308    | -8.779    |
|  440      | -21.55    |  4.07     |  3.369    |
|  441      | -11.06    | -2.428    | -6.236    |
|  442      | -22.01    |  4.94     | -3.192    |
|  443      | -20.84    |  5.906    | -0.242    |
|  444      | -13.81    |  0.5134   | -9.43     |
|  445      | -19.57    |  2.885    | -2.987    |
|  446      | -13.42    | -5.416    | -1.322    |
|  447      | -14.85    | -2.351    | -0.6042   |
|  448      | -23.12    |  9.59     | -2.712    |
|  449      | -21.36    |  5.488    |  1.055    |
|  450      | -23.41    |  7.783    | -2.901    |
|  451      | -19.98    | -5.09     |  8.22     |
|  452      | -21.86    | -9.129    |  9.015    |
|  453      | -18.68    |  1.128    | -2.473    |
|  454      | -21.84    |  9.901    | -8.833    |
|  455      | -13.12    |  0.3341   | -9.378    |
|  456      | -15.55    |  1.424    | -6.391    |
|  457      | -25.7     |  2.619    |  9.618    |
|  458      | -24.9     |  7.498    | -0.9633   |
|  459      | -25.76    |  4.169    |  5.549    |
|  460      | -18.4     | -0.1031   |  0.5707   |
|  461      | -12.92    | -6.984    | -2.612    |
|  462      | -15.46    | -7.156    |  4.538    |
|  463      | -15.77    | -0.4597   | -1.022    |
|  464      | -22.68    |  7.72     |  0.5524   |
|  465      | -12.4     | -1.818    | -4.622    |
|  466      | -9.478    | -8.56     | -1.637    |
|  467      | -9.083    | -9.485    | -4.177    |
|  468      | -27.55    |  0.07019  |  9.319    |
|  469      | -16.83    | -7.812    |  3.461    |
|  470      | -23.22    | -0.001353 |  5.542    |
|  471      | -6.489    | -7.128    | -8.336    |
|  472      | -19.71    | -2.016    |  5.939    |
|  473      | -20.75    | -6.166    |  5.356    |
|  474      | -9.066    | -4.194    | -5.662    |
|  475      | -12.91    | -9.666    | -2.027    |
|  476      | -17.49    | -2.378    |  3.187    |
|  477      | -9.548    | -8.582    | -6.948    |
|  478      | -5.416    | -9.668    | -7.724    |
|  479      | -17.58    |  3.036    | -1.947    |
|  480      | -17.61    | -3.579    |  1.158    |
|  481      | -26.47    |  9.869    |  6.69     |
|  482      | -28.15    |  3.992    |  8.365    |
|  483      | -6.0      | -9.205    | -8.593    |
|  484      | -14.25    | -0.5199   | -3.017    |
|  485      | -26.22    |  8.745    | -0.2087   |
|  486      | -23.02    |  0.793    |  7.905    |
|  487      | -22.98    | -1.067    |  7.541    |
|  488      | -13.98    | -4.928    | -4.524    |
|  489      | -16.71    | -3.433    |  0.9513   |
|  490      | -15.87    | -5.597    |  3.429    |
|  491      | -8.468    | -7.144    | -8.118    |
|  492      | -20.98    |  7.404    | -5.263    |
|  493      | -17.14    | -2.28     |  1.431    |
|  494      | -13.68    |  0.516    | -8.48     |
|  495      | -29.98    |  7.483    |  9.023    |
|  496      | -20.69    |  6.25     | -4.324    |
|  497      | -16.63    |  0.5569   | -3.212    |
|  498      | -25.61    |  1.093    |  9.488    |
|  499      | -17.58    | -3.766    |  3.376    |
|  500      | -21.94    | -3.481    |  5.49     |
|  501      | -22.6     | -3.484    |  7.797    |
|  502      | -27.0     |  5.034    |  5.253    |
|  503      | -10.78    | -0.6104   | -5.785    |
|  504      | -10.27    | -9.17     | -3.563    |
|  505      | -14.86    | -9.258    |  3.877    |
|  506      | -17.55    |  3.407    | -1.391    |
|  507      | -23.12    |  5.356    |  0.7202   |
|  508      | -6.385    | -9.203    | -7.304    |
|  509      | -12.07    | -6.132    | -3.287    |
|  510      | -16.9     | -8.954    |  2.102    |
|  511      | -16.79    |  0.2412   |  2.349    |
|  512      | -20.26    | -1.353    |  6.954    |
|  513      | -14.17    | -0.9188   | -9.692    |
|  514      | -23.44    |  7.461    |  3.124    |
|  515      | -30.89    |  6.46     |  9.036    |
|  516      | -10.46    | -8.982    | -5.299    |
|  517      | -13.43    | -8.733    | -1.567    |
|  518      | -19.58    |  7.277    | -8.368    |
|  519      | -14.22    | -0.5378   | -7.489    |
|  520      | -25.95    |  5.458    |  6.828    |
|  521      | -14.86    | -9.134    | -0.2712   |
|  522      | -20.83    | -5.212    |  9.049    |
|  523      | -26.43    |  8.878    |  2.279    |
|  524      | -26.26    |  9.47     | -3.103    |
|  525      | -22.37    |  7.957    | -1.308    |
|  526      | -22.1     | -5.284    |  8.817    |
|  527      | -18.84    |  3.684    | -8.702    |
|  528      | -24.92    |  7.408    |  4.028    |
|  529      | -23.62    |  2.099    |  4.647    |
|  530      | -13.81    | -4.931    |  2.01     |
|  531      | -17.57    |  6.292    | -8.918    |
|  532      | -21.4     | -7.39     |  6.849    |
|  533      | -20.05    |  2.367    |  0.6258   |
|  534      | -10.83    | -5.034    | -4.098    |
|  535      | -21.19    |  7.454    | -1.567    |
|  536      | -19.17    | -8.711    |  7.94     |
|  537      | -20.3     | -5.932    |  6.525    |
|  538      | -23.7     |  7.635    | -0.265    |
|  539      | -19.71    |  1.969    |  0.5453   |
|  540      | -26.92    |  2.496    |  7.101    |
|  541      | -20.62    | -4.357    |  7.675    |
|  542      | -16.45    |  1.354    | -7.698    |
|  543      | -18.46    | -5.46     |  1.92     |
|  544      | -6.83     | -5.211    | -7.372    |
|  545      | -21.1     | -6.763    |  6.897    |
|  546      | -28.31    |  2.044    |  9.271    |
|  547      | -16.95    | -3.086    |  1.913    |
|  548      | -22.49    |  1.98     |  2.314    |
|  549      | -15.92    | -8.816    |  5.006    |
|  550      | -23.1     |  8.964    |  0.6936   |
|  551      | -20.48    | -6.149    |  5.059    |
|  552      | -8.453    | -9.854    | -3.435    |
|  553      | -24.17    |  8.352    |  1.767    |
|  554      | -24.71    |  7.104    |  2.093    |
|  555      | -29.39    |  6.452    |  7.59     |
|  556      | -12.06    | -3.58     | -7.541    |
|  557      | -20.76    |  4.426    | -1.193    |
|  558      | -15.66    | -7.465    |  1.796    |
|  559      | -7.021    | -9.279    | -5.996    |
|  560      | -18.39    |  5.766    | -9.758    |
|  561      | -10.42    | -3.933    | -9.572    |
|  562      | -27.61    |  9.95     |  1.641    |
|  563      | -20.93    | -4.132    |  8.579    |
|  564      | -16.38    |  0.1424   | -0.9062   |
|  565      | -14.8     |  1.757    | -4.717    |
|  566      | -15.82    | -3.894    | -2.567    |
|  567      | -16.86    | -5.111    |  1.691    |
|  568      | -15.07    |  3.917    | -8.561    |
|  569      | -26.88    |  9.422    |  5.061    |
|  570      | -22.31    |  6.123    |  5.033    |
|  571      | -13.01    | -8.399    | -0.3661   |
|  572      | -18.75    | -1.087    |  3.449    |
|  573      | -21.46    | -1.025    |  4.086    |
|  574      | -22.05    |  3.633    |  3.943    |
|  575      | -16.68    |  2.372    | -6.98     |
|  576      | -24.21    |  5.216    |  5.621    |
|  577      | -22.79    |  8.082    | -5.325    |
|  578      | -11.86    | -6.466    | -2.178    |
|  579      | -18.77    | -3.589    |  6.31     |
|  580      | -25.71    |  2.271    |  5.2      |
|  581      | -9.511    | -1.447    | -8.011    |
|  582      | -10.6     | -7.699    | -2.532    |
|  583      | -21.22    | -6.123    |  6.415    |
|  584      | -22.74    |  1.993    |  3.777    |
|  585      | -12.24    | -0.1778   | -8.237    |
|  586      | -11.61    | -5.298    | -0.768    |
|  587      | -8.247    | -6.028    | -9.49     |
|  588      | -22.49    |  4.588    |  4.498    |
|  589      | -18.8     | -3.392    |  6.87     |
|  590      | -20.68    | -1.431    |  7.294    |
|  591      | -19.73    |  3.141    |  1.621    |
|  592      | -14.19    | -5.985    |  0.5909   |
|  593      | -24.17    |  7.889    | -3.9      |
|  594      | -28.79    |  7.419    |  8.175    |
|  595      | -19.68    | -3.403    |  3.661    |
|  596      | -19.84    |  7.984    | -8.486    |
|  597      | -20.86    |  7.572    | -6.183    |
|  598      | -25.05    |  6.995    |  3.342    |
|  599      | -9.269    | -3.113    | -6.972    |
|  600      | -23.93    |  2.707    |  6.956    |
|  601      | -24.13    |  6.437    |  2.565    |
|  602      | -26.72    |  9.126    |  1.798    |
|  603      | -14.95    | -6.043    | -1.413    |
|  604      | -23.37    | -3.265    |  9.839    |
|  605      | -24.78    | -2.395    |  9.854    |
|  606      | -15.19    |  0.3761   | -6.554    |
|  607      | -11.07    | -8.509    | -2.594    |
|  608      | -15.81    | -7.532    |  2.69     |
|  609      | -25.39    | -1.722    |  9.818    |
|  610      | -20.35    |  8.599    | -7.015    |
|  611      | -13.58    | -2.102    | -0.7684   |
|  612      | -19.98    |  1.219    |  5.607    |
|  613      | -16.34    | -0.2561   | -1.6      |
|  614      | -23.7     | -4.76     |  8.216    |
|  615      | -18.07    | -9.555    |  6.422    |
|  616      | -18.94    | -6.231    |  3.715    |
|  617      | -23.26    | -2.896    |  9.484    |
|  618      | -8.269    | -7.545    | -6.249    |
|  619      | -24.93    |  7.789    |  1.668    |
|  620      | -10.82    | -3.815    | -9.985    |
|  621      | -9.615    | -5.448    | -7.092    |
|  622      | -20.83    | -5.931    |  7.926    |
|  623      | -24.33    |  7.462    |  4.006    |
|  624      | -23.04    | -0.59     |  6.543    |
|  625      | -17.98    | -0.08347  | -2.73     |
|  626      | -24.55    | -4.488    |  8.495    |
|  627      | -17.34    | -2.26     | -0.1424   |
|  628      | -23.66    | -4.911    |  7.699    |
|  629      | -15.41    | -2.335    | -4.049    |
|  630      | -17.71    |  4.352    | -6.183    |
|  631      | -19.63    | -7.636    |  6.74     |
|  632      | -23.82    |  4.883    |  1.81     |
|  633      | -17.89    | -5.142    |  2.465    |
|  634      | -17.8     |  2.767    | -3.449    |
|  635      | -21.06    | -8.65     |  7.611    |
|  636      | -19.88    | -0.8009   |  5.277    |
|  637      | -14.7     | -4.922    |  1.828    |
|  638      | -14.4     | -1.424    | -2.358    |
|  639      | -9.216    | -7.466    | -5.115    |
|  640      | -10.61    | -8.413    | -3.943    |
|  641      | -23.95    |  4.834    |  2.3      |
|  642      | -16.34    |  3.448    | -9.832    |
|  643      | -20.85    |  3.568    |  0.06361  |
|  644      | -6.714    | -5.382    | -6.502    |
|  645      | -21.35    | -6.3      |  6.885    |
|  646      | -30.3     |  9.652    |  8.275    |
|  647      | -21.94    | -3.053    |  5.604    |
|  648      | -25.85    |  0.9291   |  6.329    |
|  649      | -17.59    | -0.3255   |  1.799    |
|  650      | -17.89    |  5.745    | -7.995    |
|  651      | -19.39    |  0.7401   | -2.68     |
|  652      | -27.44    |  2.086    |  9.176    |
|  653      | -14.59    | -2.144    | -2.141    |
|  654      | -26.7     |  5.813    |  2.902    |
|  655      | -18.18    | -2.122    |  3.779    |
|  656      | -10.28    | -1.92     | -7.278    |
|  657      | -12.34    | -0.9871   | -3.312    |
|  658      | -20.14    | -5.641    |  8.515    |
|  659      | -19.68    |  3.793    |  1.976    |
|  660      | -23.5     |  4.933    |  0.8394   |
|  661      | -26.5     |  4.011    |  8.611    |
|  662      | -20.79    |  7.252    | -6.651    |
|  663      | -8.79     | -4.737    | -8.568    |
|  664      | -21.91    |  9.573    | -5.272    |
|  665      | -14.35    |  3.212    | -8.207    |
|  666      | -13.15    | -5.785    |  0.05649  |
|  667      | -10.15    | -7.901    | -2.223    |
|  668      | -16.89    |  0.7598   | -3.216    |
|  669      | -18.52    |  1.118    |  0.7354   |
|  670      | -20.04    | -2.188    |  3.925    |
|  671      | -23.71    |  3.57     |  3.746    |
|  672      | -17.73    |  1.23     | -2.838    |
|  673      | -25.94    |  2.262    |  8.715    |
|  674      | -28.14    |  1.938    |  9.592    |
|  675      | -19.72    | -1.18     |  4.792    |
|  676      | -16.5     | -9.248    |  5.295    |
|  677      | -14.94    |  0.3656   | -9.894    |
|  678      | -14.2     | -4.456    |  0.6966   |
|  679      | -20.57    |  5.359    | -8.938    |
|  680      | -21.38    |  0.9811   |  6.02     |
|  681      | -26.11    |  2.992    |  8.629    |
|  682      | -7.553    | -8.505    | -4.464    |
|  683      | -28.75    |  8.385    |  5.3      |
|  684      | -24.95    |  1.995    |  6.659    |
|  685      | -30.09    |  7.921    |  9.454    |
|  686      | -22.14    |  9.97     | -7.207    |
|  687      | -7.175    | -8.589    | -8.531    |
|  688      | -24.37    | -9.705    |  9.436    |
|  689      | -21.34    | -8.105    |  6.835    |
|  690      | -19.97    |  3.703    | -0.2489   |
|  691      | -14.88    | -3.066    | -2.927    |
|  692      | -23.6     | -4.923    |  8.22     |
|  693      | -15.68    |  4.513    | -9.481    |
|  694      | -14.13    | -0.7696   | -4.374    |
|  695      | -19.23    | -9.421    |  7.694    |
|  696      | -18.91    |  5.42     | -3.405    |
|  697      | -19.03    |  5.931    | -3.507    |
|  698      | -21.94    | -3.842    |  8.562    |
|  699      | -27.43    |  9.538    |  0.4711   |
|  700      | -29.56    |  9.039    |  7.76     |
|  701      | -13.42    |  0.3607   | -2.545    |
|  702      | -21.89    |  4.207    | -0.8871   |
|  703      | -28.16    |  2.104    |  9.808    |
|  704      | -21.87    |  5.478    | -3.314    |
|  705      | -6.998    | -8.22     | -6.302    |
|  706      | -16.78    |  0.537    | -1.658    |
|  707      | -27.48    |  6.013    |  8.664    |
|  708      | -19.86    | -6.443    |  7.201    |
|  709      | -28.6     |  9.148    |  9.189    |
|  710      | -5.568    | -9.243    | -8.848    |
|  711      | -7.141    | -9.884    | -3.746    |
|  712      | -8.522    | -8.886    | -4.123    |
|  713      | -25.93    | -2.88     |  9.074    |
|  714      | -12.12    | -0.461    | -4.435    |
|  715      | -17.78    |  0.0601   |  2.867    |
|  716      | -18.51    | -7.775    |  5.161    |
|  717      | -26.54    |  7.039    |  6.885    |
|  718      | -20.55    |  7.81     | -2.363    |
|  719      | -12.5     | -1.124    | -7.968    |
|  720      | -23.27    | -5.484    |  9.426    |
|  721      | -21.44    | -4.308    |  8.148    |
|  722      | -30.41    |  7.811    |  8.45     |
|  723      | -19.98    | -6.877    |  7.594    |
|  724      | -14.58    |  2.64     | -5.787    |
|  725      | -9.869    | -3.098    | -6.802    |
|  726      | -13.04    | -1.113    | -8.325    |
|  727      | -7.675    | -6.694    | -6.056    |
|  728      | -23.29    |  3.821    |  1.476    |
|  729      | -21.93    |  7.466    | -5.107    |
|  730      | -15.02    |  2.592    | -9.311    |
|  731      | -22.91    |  0.324    |  7.265    |
|  732      | -21.37    |  9.683    | -9.803    |
|  733      | -9.659    | -4.943    | -5.523    |
|  734      | -5.66     | -9.049    | -9.797    |
|  735      | -12.76    | -0.1961   | -9.09     |
|  736      | -16.64    | -4.433    |  2.799    |
|  737      | -12.21    | -4.106    | -4.607    |
|  738      | -18.4     |  1.811    | -2.389    |
|  739      | -20.53    |  4.05     | -0.07752  |
|  740      | -19.42    |  2.664    | -2.932    |
|  741      | -8.717    | -4.259    | -7.336    |
|  742      | -26.19    |  8.742    |  6.097    |
|  743      | -22.87    |  8.761    | -6.292    |
|  744      | -27.18    |  8.663    |  8.715    |
|  745      | -9.836    | -4.329    | -4.507    |
|  746      | -15.9     |  1.029    | -6.294    |
|  747      | -12.61    | -1.158    | -6.294    |
|  748      | -23.36    |  8.948    | -0.1235   |
|  749      | -27.29    |  9.278    |  2.899    |
|  750      | -27.04    | -0.3137   |  9.354    |
|  751      | -16.05    | -7.136    |  2.647    |
|  752      | -19.38    |  3.238    | -1.323    |
|  753      | -13.81    | -8.813    | -0.1455   |
|  754      | -23.36    | -0.6973   |  6.135    |
|  755      | -13.86    | -4.867    | -2.171    |
|  756      | -17.2     | -5.197    |  3.729    |
|  757      | -23.43    |  9.798    | -6.451    |
|  758      | -21.31    |  6.429    | -5.38     |
|  759      | -7.183    | -8.84     | -7.224    |
|  760      | -30.32    |  8.703    |  7.771    |
|  761      | -21.95    | -4.215    |  8.955    |
|  762      | -20.12    |  6.999    | -1.307    |
|  763      | -18.32    | -0.639    |  2.597    |
|  764      | -8.81     | -6.839    | -9.704    |
|  765      | -8.383    | -4.69     | -9.691    |
|  766      | -22.94    |  3.49     |  1.029    |
|  767      | -19.07    | -3.567    |  5.604    |
|  768      | -11.36    | -7.084    | -5.102    |
|  769      | -10.11    | -4.154    | -6.081    |
|  770      | -18.14    | -8.241    |  7.4      |
|  771      | -14.19    | -8.236    |  3.674    |
|  772      | -7.043    | -7.592    | -9.786    |
|  773      | -24.76    |  1.145    |  8.142    |
|  774      | -19.0     |  7.209    | -3.231    |
|  775      | -16.88    | -9.457    |  6.017    |
|  776      | -27.21    |  6.12     |  7.37     |
|  777      | -24.5     |  3.393    |  6.156    |
|  778      | -25.21    |  7.95     | -0.9234   |
|  779      | -17.71    |  1.157    |  0.1226   |
|  780      | -23.26    |  3.84     |  3.658    |
|  781      | -22.57    |  0.4063   |  6.569    |
|  782      | -22.93    |  0.1156   |  6.497    |
|  783      | -12.98    | -4.363    | -6.43     |
|  784      | -28.17    |  9.397    |  4.839    |
|  785      | -16.7     | -4.804    |  1.625    |
|  786      | -24.06    |  9.105    | -8.385    |
|  787      | -15.15    | -8.329    |  2.383    |
|  788      | -17.36    | -5.51     |  5.304    |
|  789      | -18.62    |  1.363    |  3.324    |
|  790      | -6.956    | -7.844    | -8.314    |
|  791      | -17.33    |  2.502    | -1.805    |
|  792      | -8.158    | -8.255    | -2.579    |
|  793      | -18.57    |  3.443    | -6.208    |
|  794      | -31.01    |  7.915    |  8.997    |
|  795      | -29.24    |  9.231    |  4.602    |
|  796      | -20.02    | -1.874    |  4.875    |
|  797      | -13.56    | -4.24     | -3.712    |
|  798      | -17.74    |  2.118    |  1.897    |
|  799      | -23.25    |  7.573    | -4.908    |
|  800      | -26.93    |  5.324    |  8.82     |
|  801      | -10.07    | -9.979    | -0.4782   |
|  802      | -24.23    |  3.141    |  6.866    |
|  803      | -20.21    | -6.325    |  7.123    |
|  804      | -24.26    | -2.713    |  7.845    |
|  805      | -7.876    | -9.446    | -8.292    |
|  806      | -25.48    |  9.628    |  2.19     |
|  807      | -12.93    | -1.647    | -6.616    |
|  808      | -16.42    |  2.998    | -9.26     |
|  809      | -13.22    | -3.768    | -3.53     |
|  810      | -20.73    |  2.149    |  3.017    |
|  811      | -28.66    |  6.921    |  8.552    |
|  812      | -21.68    |  3.209    |  1.563    |
|  813      | -21.58    | -2.026    |  9.332    |
|  814      | -20.82    | -6.918    |  7.902    |
|  815      | -16.45    | -3.78     |  0.9698   |
|  816      | -20.98    |  3.641    | -5.271    |
|  817      | -15.35    | -6.645    |  0.1696   |
|  818      | -25.21    |  5.837    |  3.848    |
|  819      | -20.23    | -7.621    |  8.015    |
|  820      | -23.94    | -0.4052   |  8.934    |
|  821      | -13.1     |  1.069    | -8.304    |
|  822      | -22.69    | -5.951    |  7.085    |
|  823      | -27.75    |  4.119    |  7.899    |
|  824      | -18.82    | -3.417    |  0.56     |
|  825      | -22.18    |  3.008    |  1.886    |
|  826      | -12.93    | -5.371    | -1.464    |
|  827      | -22.75    | -5.038    |  6.912    |
|  828      | -22.24    |  9.734    | -8.669    |
|  829      | -16.74    |  4.279    | -3.398    |
|  830      | -16.9     |  2.509    | -4.837    |
|  831      | -19.13    |  3.02     | -2.577    |
|  832      | -21.06    | -4.104    |  8.235    |
|  833      | -25.46    |  8.85     |  2.271    |
|  834      | -23.26    | -5.711    |  8.788    |
|  835      | -24.67    |  5.009    |  5.022    |
|  836      | -22.52    | -5.766    |  6.603    |
|  837      | -17.34    | -5.198    |  2.632    |
|  838      | -22.65    |  4.215    |  4.848    |
|  839      | -18.18    | -2.195    |  5.197    |
|  840      | -25.92    |  8.059    |  1.748    |
|  841      | -7.495    | -8.192    | -7.42     |
|  842      | -8.029    | -7.895    | -6.545    |
|  843      | -17.13    | -7.471    |  5.566    |
|  844      | -7.487    | -9.212    | -5.169    |
|  845      | -27.34    |  7.581    |  9.47     |
|  846      | -27.24    |  2.108    |  9.525    |
|  847      | -19.25    | -9.131    |  8.971    |
|  848      | -21.26    | -3.774    |  5.979    |
|  849      | -26.74    |  6.213    |  7.2      |
|  850      | -24.49    | -0.829    |  8.613    |
|  851      | -19.76    | -4.842    |  8.689    |
|  852      | -27.79    |  2.382    |  9.709    |
|  853      | -18.1     | -9.347    |  4.503    |
|  854      | -19.64    |  1.311    | -0.1515   |
|  855      | -12.86    | -4.816    | -3.463    |
|  856      | -8.602    | -5.011    | -5.615    |
|  857      | -20.83    |  5.993    |  0.0479   |
|  858      | -19.87    | -8.336    |  5.54     |
|  859      | -21.62    |  0.673    |  4.788    |
|  860      | -17.6     |  0.3079   | -2.001    |
|  861      | -21.74    |  9.725    | -9.435    |
|  862      | -31.04    |  8.655    |  8.617    |
|  863      | -13.84    | -2.182    | -5.711    |
|  864      | -16.89    |  2.384    | -6.441    |
