|  865      | -20.59    |  6.064    | -4.921    |
|  866      | -23.43    | -4.184    |  8.318    |
|  867      | -23.55    |  8.058    |  0.7076   |
|  868      | -19.47    |  7.257    | -2.949    |
|  869      | -25.48    |  9.958    | -1.326    |
|  870      | -7.676    | -4.104    | -9.169    |
|  871      | -24.97    |  9.794    | -0.7022   |
|  872      | -23.37    |  4.692    |  2.816    |
|  873      | -18.49    |  4.462    | -8.978    |
|  874      | -29.25    |  8.401    |  8.537    |
|  875      | -26.88    |  1.04     |  9.278    |
|  876      | -15.54    | -4.381    |  2.043    |
|  877      | -21.06    | -2.071    |  2.56     |
|  878      | -23.33    | -3.987    |  6.387    |
|  879      | -3.352    | -8.604    | -9.162    |
|  880      | -5.458    | -9.012    | -6.991    |
|  881      | -23.96    | -2.093    |  9.108    |
|  882      | -18.29    | -7.784    |  2.951    |
|  883      | -17.68    |  0.5524   | -2.935    |
|  884      | -11.45    | -6.036    | -5.588    |
|  885      | -14.74    | -9.124    |  4.263    |
|  886      | -16.65    |  3.077    | -1.125    |
|  887      | -16.81    |  4.379    | -7.8      |
|  888      | -26.28    |  8.774    |  6.953    |
|  889      | -18.64    |  3.181    | -2.423    |
|  890      | -15.91    | -1.669    | -0.3569   |
|  891      | -28.15    |  8.706    |  7.272    |
|  892      | -19.27    | -0.4415   |  1.09     |
|  893      | -29.52    |  7.508    |  8.985    |
|  894      | -25.17    |  2.784    |  4.97     |
|  895      | -22.29    | -2.968    |  8.361    |
|  896      | -23.23    |  6.735    |  1.041    |
|  897      | -28.46    |  7.353    |  6.997    |
|  898      | -19.95    |  6.168    | -7.386    |
|  899      | -22.46    |  0.7201   |  8.016    |
|  900      | -20.1     |  5.417    | -1.586    |
|  901      | -23.55    |  9.558    | -4.985    |
|  902      | -24.25    | -3.328    |  9.084    |
|  903      | -29.91    |  6.174    |  8.007    |
|  904      | -9.614    | -9.768    | -2.405    |
|  905      | -10.17    | -5.29     | -4.081    |
|  906      | -22.8     |  4.76     |  4.482    |
|  907      | -15.24    | -0.764    | -2.695    |
|  908      | -18.82    |  1.694    |  0.6742   |
|  909      | -21.17    |  1.012    |  2.31     |
|  910      | -21.51    | -2.087    |  5.434    |
|  911      | -18.94    | -4.976    |  3.115    |
|  912      | -23.41    |  9.208    | -9.929    |
|  913      | -18.11    |  4.467    | -7.82     |
|  914      | -20.02    |  0.8757   |  2.538    |
|  915      | -23.35    | -5.141    |  8.277    |
|  916      | -14.85    |  2.446    | -5.366    |
|  917      | -18.81    |  5.403    | -7.89     |
|  918      | -12.05    |  1.105    | -8.101    |
|  919      | -15.26    |  1.62     | -4.94     |
|  920      | -23.62    |  2.989    |  4.317    |
|  921      | -18.68    |  0.4837   |  3.15     |
|  922      | -23.47    |  6.266    |  6.15     |
|  923      | -18.23    |  2.394    | -0.978    |
|  924      | -21.62    | -1.841    |  7.495    |
|  925      | -18.03    |  4.059    | -6.301    |
|  926      | -21.86    |  1.315    |  8.176    |
|  927      | -20.56    | -6.986    |  6.91     |
|  928      | -22.04    |  6.404    | -0.01318  |
|  929      | -7.742    | -9.248    | -7.05     |
|  930      | -20.93    |  8.453    | -9.117    |
|  931      | -15.33    | -2.55     |  2.381    |
|  932      | -21.94    | -6.061    |  9.622    |
|  933      | -13.88    | -6.88     |  0.7936   |
|  934      | -17.72    |  2.36     | -5.38     |
|  935      | -15.75    | -0.6738   | -0.1798   |
|  936      | -23.44    |  5.337    |  2.686    |
|  937      | -19.72    | -0.649    |  3.339    |
|  938      | -16.26    | -0.9325   |  0.5142   |
|  939      | -15.1     |  3.171    | -6.376    |
|  940      | -22.61    |  5.761    |  2.057    |
|  941      | -22.14    |  9.607    | -5.552    |
|  942      | -20.92    | -0.6747   |  7.913    |
|  943      | -22.97    |  2.029    |  4.519    |
|  944      | -19.27    | -1.727    |  3.686    |
|  945      | -20.56    |  8.921    | -5.996    |
|  946      | -29.28    |  6.147    |  9.391    |
|  947      | -7.176    | -9.709    | -5.696    |
|  948      | -19.12    | -7.652    |  5.348    |
|  949      | -24.83    | -8.376    |  9.968    |
|  950      | -23.37    | -2.208    |  8.104    |
|  951      | -12.64    | -6.228    | -1.183    |
|  952      | -22.17    |  6.896    |  1.905    |
|  953      | -17.46    | -0.7568   |  0.253    |
|  954      | -16.3     |  1.478    | -1.194    |
|  955      | -9.325    | -6.129    | -7.721    |
|  956      | -9.653    | -6.975    | -8.95     |
|  957      | -23.22    |  1.174    |  6.954    |
|  958      | -10.14    | -2.818    | -8.494    |
|  959      | -16.21    | -1.486    |  2.04     |
|  960      | -22.64    | -1.492    |  6.214    |
|  961      | -25.76    |  8.838    |  7.398    |
|  962      | -20.37    |  4.08     | -0.594    |
|  963      | -14.27    |  3.654    | -9.732    |
|  964      | -20.93    |  9.65     | -6.558    |
|  965      | -27.68    |  8.125    |  6.142    |
|  966      | -20.88    |  6.003    | -4.621    |
|  967      | -12.45    | -5.617    | -1.424    |
|  968      | -23.77    |  6.987    | -0.9924   |
|  969      | -24.52    |  8.708    | -2.946    |
|  970      | -25.11    |  2.388    |  9.614    |
|  971      | -17.23    |  2.869    | -9.09     |
|  972      | -16.82    | -0.7289   | -3.305    |
|  973      | -16.63    |  0.6436   | -4.305    |
|  974      | -16.17    | -7.555    |  3.366    |
|  975      | -24.96    |  3.627    |  7.343    |
|  976      | -20.6     | -7.352    |  5.972    |
|  977      | -24.44    |  6.535    |  2.931    |
|  978      | -12.2     | -5.902    | -4.772    |
|  979      | -16.99    | -1.63     |  0.836    |
|  980      | -14.44    | -0.4512   | -0.6508   |
|  981      | -25.83    |  6.797    |  7.402    |
|  982      | -25.09    |  6.335    |  7.556    |
|  983      | -25.18    |  1.42     |  9.281    |
|  984      | -23.27    |  2.131    |  2.079    |
|  985      | -19.09    | -3.614    |  3.624    |
|  986      | -5.604    | -8.961    | -7.309    |
|  987      | -15.78    | -7.395    |  3.104    |
|  988      | -11.74    | -6.493    | -3.177    |
|  989      | -5.959    | -9.114    | -5.325    |
|  990      | -27.31    |  9.284    |  0.1828   |
|  991      | -15.67    | -6.979    |  0.4602   |
|  992      | -31.63    |  8.87     |  7.314    |
|  993      | -12.45    | -2.159    | -4.323    |
|  994      | -20.01    |  5.235    | -5.19     |
|  995      | -7.976    | -4.915    | -8.318    |
|  996      | -24.45    |  7.283    | -1.042    |
|  997      | -20.22    |  1.236    |  4.734    |
|  998      | -20.33    |  5.93     | -1.05     |
|  999      | -20.16    | -6.317    |  6.575    |

-------------------- candidates (10) --------------------
|  1000     | -23.08    | -9.38     |  8.935    |
|  1001     | -2.797    | -9.698    | -9.835    |
|  1002     | -3.157    | -9.763    | -9.996    |
|  1003     | -5.43     | -9.993    | -9.892    |
|  1004     | -1.568    | -9.925    | -9.974    |
|  1005     | -3.822    | -9.917    | -9.932    |
|  1006     | -2.351    | -9.944    | -9.927    |
|  1007     | -0.8859   | -9.919    | -9.995    |
|  1008     | -1.806    | -9.937    | -9.645    |
|  1009     | -4.645    | -9.961    | -9.718    |
|  1010     | -4.902    | -9.96     | -9.777    |

-------------------- final sampled (maximized) --------------------
* objective returns negative, so maximizing == minimizing here

'target': -0.8858598470687866, 
'params': {'x1': -9.918803466828283, 'x2': -9.994692282153563}

