{"target": -5.309995174407959, "params": {"x1": -1.610666036605835, "x2": 0.341760516166687}, "datetime": {"datetime": "2021-07-18 15:36:36", "elapsed": 0.123654, "delta": 0.000442}}
{"target": -5.309995174407959, "params": {"x1": -1.610666036605835, "x2": 0.341760516166687}, "datetime": {"datetime": "2021-07-18 15:36:36", "elapsed": 0.123919, "delta": 0.000265}}
{"target": -1.4856197834014893, "params": {"x1": -0.47199076414108276, "x2": -1.2645059823989868}, "datetime": {"datetime": "2021-07-18 15:36:36", "elapsed": 0.124354, "delta": 0.000435}}
{"target": -4.0171003341674805, "params": {"x1": -0.545271098613739, "x2": 0.32627707719802856}, "datetime": {"datetime": "2021-07-18 15:36:36", "elapsed": 0.124787, "delta": 0.000433}}
{"target": -2.624386787414551, "params": {"x1": 0.2761908769607544, "x2": 1.5131076574325562}, "datetime": {"datetime": "2021-07-18 15:36:36", "elapsed": 0.125222, "delta": 0.000435}}
{"target": -5.498698711395264, "params": {"x1": -0.844377875328064, "x2": 0.1713932901620865}, "datetime": {"datetime": "2021-07-18 15:36:36", "elapsed": 0.125665, "delta": 0.000443}}
{"target": -3.1473050117492676, "params": {"x1": -0.40586018562316895, "x2": 0.29087918996810913}, "datetime": {"datetime": "2021-07-18 15:36:36", "elapsed": 0.126101, "delta": 0.000436}}
{"target": -4.6407647132873535, "params": {"x1": 0.6377718448638916, "x2": 0.4526977837085724}, "datetime": {"datetime": "2021-07-18 15:36:36", "elapsed": 0.12654, "delta": 0.000439}}
{"target": -6.81767463684082, "params": {"x1": 0.46515071392059326, "x2": 0.9110543131828308}, "datetime": {"datetime": "2021-07-18 15:36:36", "elapsed": 0.127022, "delta": 0.000482}}
{"target": -6.81767463684082, "params": {"x1": 0.46515071392059326, "x2": 0.9110543131828308}, "datetime": {"datetime": "2021-07-18 15:36:36", "elapsed": 0.127294, "delta": 0.000272}}
{"target": -3.4236538410186768, "params": {"x1": -0.5150922536849976, "x2": -0.45915481448173523}, "datetime": {"datetime": "2021-07-18 15:36:36", "elapsed": 0.127731, "delta": 0.000437}}
{"target": -4.964630603790283, "params": {"x1": -0.626437783241272, "x2": 1.6615468263626099}, "datetime": {"datetime": "2021-07-18 15:36:36", "elapsed": 0.128172, "delta": 0.000441}}
{"target": -5.644436359405518, "params": {"x1": -1.31621515750885, "x2": 1.9939948320388794}, "datetime": {"datetime": "2021-07-18 15:36:36", "elapsed": 0.128614, "delta": 0.000442}}
{"target": -5.644436359405518, "params": {"x1": -1.31621515750885, "x2": 1.9939948320388794}, "datetime": {"datetime": "2021-07-18 15:36:36", "elapsed": 0.128885, "delta": 0.000271}}
{"target": -5.644436359405518, "params": {"x1": -1.31621515750885, "x2": 1.9939948320388794}, "datetime": {"datetime": "2021-07-18 15:36:36", "elapsed": 0.129146, "delta": 0.000261}}
{"target": -2.145496368408203, "params": {"x1": -0.9817978739738464, "x2": -0.3286202847957611}, "datetime": {"datetime": "2021-07-18 15:36:36", "elapsed": 0.129583, "delta": 0.000437}}
{"target": -2.145496368408203, "params": {"x1": -0.9817978739738464, "x2": -0.3286202847957611}, "datetime": {"datetime": "2021-07-18 15:36:36", "elapsed": 0.129898, "delta": 0.000315}}
{"target": -2.145496368408203, "params": {"x1": -0.9817978739738464, "x2": -0.3286202847957611}, "datetime": {"datetime": "2021-07-18 15:36:36", "elapsed": 0.130162, "delta": 0.000264}}
{"target": -2.145496368408203, "params": {"x1": -0.9817978739738464, "x2": -0.3286202847957611}, "datetime": {"datetime": "2021-07-18 15:36:36", "elapsed": 0.130463, "delta": 0.000301}}
{"target": -2.145496368408203, "params": {"x1": -0.9817978739738464, "x2": -0.3286202847957611}, "datetime": {"datetime": "2021-07-18 15:36:36", "elapsed": 0.130728, "delta": 0.000265}}
{"target": -2.145496368408203, "params": {"x1": -0.9817978739738464, "x2": -0.3286202847957611}, "datetime": {"datetime": "2021-07-18 15:36:36", "elapsed": 0.130987, "delta": 0.000259}}
{"target": -2.145496368408203, "params": {"x1": -0.9817978739738464, "x2": -0.3286202847957611}, "datetime": {"datetime": "2021-07-18 15:36:36", "elapsed": 0.131247, "delta": 0.00026}}
{"target": -6.101179599761963, "params": {"x1": 0.9212995171546936, "x2": 0.20670649409294128}, "datetime": {"datetime": "2021-07-18 15:36:36", "elapsed": 0.131687, "delta": 0.00044}}
{"target": -5.351796627044678, "params": {"x1": -0.004505051765590906, "x2": -0.1070350930094719}, "datetime": {"datetime": "2021-07-18 15:36:36", "elapsed": 0.132138, "delta": 0.000451}}
{"target": -5.194174766540527, "params": {"x1": 0.4047577977180481, "x2": -0.11311652511358261}, "datetime": {"datetime": "2021-07-18 15:36:36", "elapsed": 0.132582, "delta": 0.000444}}
{"target": -4.706284046173096, "params": {"x1": -0.8494256734848022, "x2": 0.9231958985328674}, "datetime": {"datetime": "2021-07-18 15:36:36", "elapsed": 0.133026, "delta": 0.000444}}
{"target": -3.5790014266967773, "params": {"x1": -1.4533969163894653, "x2": -0.40768420696258545}, "datetime": {"datetime": "2021-07-18 15:36:36", "elapsed": 0.133465, "delta": 0.000439}}
{"target": -5.413914203643799, "params": {"x1": 0.10164086520671844, "x2": -0.25111639499664307}, "datetime": {"datetime": "2021-07-18 15:36:36", "elapsed": 0.133914, "delta": 0.000449}}
{"target": -5.803428649902344, "params": {"x1": 0.3797488212585449, "x2": 1.4040724039077759}, "datetime": {"datetime": "2021-07-18 15:36:36", "elapsed": 0.134363, "delta": 0.000449}}
{"target": -4.561087131500244, "params": {"x1": -0.17924511432647705, "x2": 1.1293070316314697}, "datetime": {"datetime": "2021-07-18 15:36:36", "elapsed": 0.134809, "delta": 0.000446}}
{"target": -4.017046928405762, "params": {"x1": -0.6637441515922546, "x2": 0.9250672459602356}, "datetime": {"datetime": "2021-07-18 15:36:36", "elapsed": 0.135261, "delta": 0.000452}}
{"target": -4.017046928405762, "params": {"x1": -0.6637441515922546, "x2": 0.9250672459602356}, "datetime": {"datetime": "2021-07-18 15:36:36", "elapsed": 0.135538, "delta": 0.000277}}
{"target": -4.017046928405762, "params": {"x1": -0.6637441515922546, "x2": 0.9250672459602356}, "datetime": {"datetime": "2021-07-18 15:36:36", "elapsed": 0.135806, "delta": 0.000268}}
{"target": -4.7670512199401855, "params": {"x1": 0.5892837643623352, "x2": -0.1680372804403305}, "datetime": {"datetime": "2021-07-18 15:36:36", "elapsed": 0.136248, "delta": 0.000442}}
{"target": -4.7670512199401855, "params": {"x1": 0.5892837643623352, "x2": -0.1680372804403305}, "datetime": {"datetime": "2021-07-18 15:36:36", "elapsed": 0.136522, "delta": 0.000274}}
{"target": -4.7670512199401855, "params": {"x1": 0.5892837643623352, "x2": -0.1680372804403305}, "datetime": {"datetime": "2021-07-18 15:36:36", "elapsed": 0.13679, "delta": 0.000268}}
{"target": -3.891896963119507, "params": {"x1": 0.24005727469921112, "x2": -0.9824548959732056}, "datetime": {"datetime": "2021-07-18 15:36:36", "elapsed": 0.137232, "delta": 0.000442}}
{"target": -5.561856746673584, "params": {"x1": 0.640755295753479, "x2": 0.737844705581665}, "datetime": {"datetime": "2021-07-18 15:36:36", "elapsed": 0.137689, "delta": 0.000457}}
{"target": -5.641615390777588, "params": {"x1": 0.5179733633995056, "x2": -0.7937742471694946}, "datetime": {"datetime": "2021-07-18 15:36:36", "elapsed": 0.13814, "delta": 0.000451}}
{"target": -5.641615390777588, "params": {"x1": 0.5179733633995056, "x2": -0.7937742471694946}, "datetime": {"datetime": "2021-07-18 15:36:36", "elapsed": 0.138417, "delta": 0.000277}}
{"target": -6.8186869621276855, "params": {"x1": 0.610466480255127, "x2": -0.05974622070789337}, "datetime": {"datetime": "2021-07-18 15:36:36", "elapsed": 0.138861, "delta": 0.000444}}
{"target": -1.7763011455535889, "params": {"x1": -0.7621514797210693, "x2": -0.7083863019943237}, "datetime": {"datetime": "2021-07-18 15:36:36", "elapsed": 0.139309, "delta": 0.000448}}
{"target": -1.7763011455535889, "params": {"x1": -0.7621514797210693, "x2": -0.7083863019943237}, "datetime": {"datetime": "2021-07-18 15:36:36", "elapsed": 0.139589, "delta": 0.00028}}
{"target": -2.3247077465057373, "params": {"x1": -0.39465200901031494, "x2": -0.789177656173706}, "datetime": {"datetime": "2021-07-18 15:36:36", "elapsed": 0.140034, "delta": 0.000445}}
{"target": -2.3247077465057373, "params": {"x1": -0.39465200901031494, "x2": -0.789177656173706}, "datetime": {"datetime": "2021-07-18 15:36:36", "elapsed": 0.140311, "delta": 0.000277}}
{"target": -4.618435382843018, "params": {"x1": 0.12058872729539871, "x2": -0.2694241404533386}, "datetime": {"datetime": "2021-07-18 15:36:36", "elapsed": 0.140761, "delta": 0.00045}}
{"target": -4.618435382843018, "params": {"x1": 0.12058872729539871, "x2": -0.2694241404533386}, "datetime": {"datetime": "2021-07-18 15:36:36", "elapsed": 0.14104, "delta": 0.000279}}
{"target": -4.618435382843018, "params": {"x1": 0.12058872729539871, "x2": -0.2694241404533386}, "datetime": {"datetime": "2021-07-18 15:36:36", "elapsed": 0.141314, "delta": 0.000274}}
{"target": -4.618435382843018, "params": {"x1": 0.12058872729539871, "x2": -0.2694241404533386}, "datetime": {"datetime": "2021-07-18 15:36:36", "elapsed": 0.141584, "delta": 0.00027}}
{"target": -7.355129718780518, "params": {"x1": 1.9889612197875977, "x2": 1.345004677772522}, "datetime": {"datetime": "2021-07-18 15:36:36", "elapsed": 0.142038, "delta": 0.000454}}
{"target": -3.280756711959839, "params": {"x1": -0.6902380585670471, "x2": -1.5424505472183228}, "datetime": {"datetime": "2021-07-18 15:36:36", "elapsed": 0.142494, "delta": 0.000456}}
{"target": -3.280756711959839, "params": {"x1": -0.6902380585670471, "x2": -1.5424505472183228}, "datetime": {"datetime": "2021-07-18 15:36:36", "elapsed": 0.142775, "delta": 0.000281}}
{"target": -5.685168266296387, "params": {"x1": 0.7821183800697327, "x2": 1.4172109365463257}, "datetime": {"datetime": "2021-07-18 15:36:36", "elapsed": 0.143226, "delta": 0.000451}}
{"target": -5.906059741973877, "params": {"x1": 1.666792392730713, "x2": -1.0936137437820435}, "datetime": {"datetime": "2021-07-18 15:36:36", "elapsed": 0.143755, "delta": 0.000529}}
{"target": -5.564586639404297, "params": {"x1": 0.16632132232189178, "x2": -0.7577925324440002}, "datetime": {"datetime": "2021-07-18 15:36:36", "elapsed": 0.144228, "delta": 0.000473}}
{"target": -5.564586639404297, "params": {"x1": 0.16632132232189178, "x2": -0.7577925324440002}, "datetime": {"datetime": "2021-07-18 15:36:36", "elapsed": 0.144511, "delta": 0.000283}}
{"target": -3.147860527038574, "params": {"x1": 1.6950805187225342, "x2": 0.002069825306534767}, "datetime": {"datetime": "2021-07-18 15:36:36", "elapsed": 0.14496, "delta": 0.000449}}
{"target": -4.759073734283447, "params": {"x1": 0.4351435601711273, "x2": 0.3712611794471741}, "datetime": {"datetime": "2021-07-18 15:36:36", "elapsed": 0.145417, "delta": 0.000457}}
{"target": -5.0262064933776855, "params": {"x1": -0.47086891531944275, "x2": 0.3567925691604614}, "datetime": {"datetime": "2021-07-18 15:36:36", "elapsed": 0.145888, "delta": 0.000471}}
{"target": -6.285030364990234, "params": {"x1": 1.4557304382324219, "x2": 0.5048335790634155}, "datetime": {"datetime": "2021-07-18 15:36:36", "elapsed": 0.146345, "delta": 0.000457}}
{"target": -6.285030364990234, "params": {"x1": 1.4557304382324219, "x2": 0.5048335790634155}, "datetime": {"datetime": "2021-07-18 15:36:36", "elapsed": 0.146628, "delta": 0.000283}}
{"target": -6.285030364990234, "params": {"x1": 1.4557304382324219, "x2": 0.5048335790634155}, "datetime": {"datetime": "2021-07-18 15:36:36", "elapsed": 0.146906, "delta": 0.000278}}
{"target": -5.90705680847168, "params": {"x1": -0.047891248017549515, "x2": -0.4681110680103302}, "datetime": {"datetime": "2021-07-18 15:36:36", "elapsed": 0.147354, "delta": 0.000448}}
{"target": -5.90705680847168, "params": {"x1": -0.047891248017549515, "x2": -0.4681110680103302}, "datetime": {"datetime": "2021-07-18 15:36:36", "elapsed": 0.147641, "delta": 0.000287}}
{"target": -5.90705680847168, "params": {"x1": -0.047891248017549515, "x2": -0.4681110680103302}, "datetime": {"datetime": "2021-07-18 15:36:36", "elapsed": 0.147919, "delta": 0.000278}}
{"target": -5.90705680847168, "params": {"x1": -0.047891248017549515, "x2": -0.4681110680103302}, "datetime": {"datetime": "2021-07-18 15:36:36", "elapsed": 0.148197, "delta": 0.000278}}
{"target": -5.90705680847168, "params": {"x1": -0.047891248017549515, "x2": -0.4681110680103302}, "datetime": {"datetime": "2021-07-18 15:36:36", "elapsed": 0.14847, "delta": 0.000273}}
{"target": -6.37860631942749, "params": {"x1": 0.27310314774513245, "x2": 1.2571464776992798}, "datetime": {"datetime": "2021-07-18 15:36:36", "elapsed": 0.148921, "delta": 0.000451}}
{"target": -3.5213263034820557, "params": {"x1": -0.19321373105049133, "x2": -0.28965145349502563}, "datetime": {"datetime": "2021-07-18 15:36:36", "elapsed": 0.149378, "delta": 0.000457}}
{"target": -2.6149070262908936, "params": {"x1": -0.4292171895503998, "x2": -0.7924325466156006}, "datetime": {"datetime": "2021-07-18 15:36:36", "elapsed": 0.149843, "delta": 0.000465}}
{"target": -6.49043083190918, "params": {"x1": 0.5633530616760254, "x2": 0.9853408336639404}, "datetime": {"datetime": "2021-07-18 15:36:36", "elapsed": 0.150312, "delta": 0.000469}}
{"target": -4.370037078857422, "params": {"x1": 0.03600366786122322, "x2": -1.7016695737838745}, "datetime": {"datetime": "2021-07-18 15:36:36", "elapsed": 0.150768, "delta": 0.000456}}
{"target": -1.1837221384048462, "params": {"x1": -1.0150787830352783, "x2": -1.3193279504776}, "datetime": {"datetime": "2021-07-18 15:36:36", "elapsed": 0.151224, "delta": 0.000456}}
{"target": -1.1837221384048462, "params": {"x1": -1.0150787830352783, "x2": -1.3193279504776}, "datetime": {"datetime": "2021-07-18 15:36:36", "elapsed": 0.151512, "delta": 0.000288}}
{"target": -1.1837221384048462, "params": {"x1": -1.0150787830352783, "x2": -1.3193279504776}, "datetime": {"datetime": "2021-07-18 15:36:36", "elapsed": 0.151792, "delta": 0.00028}}
{"target": -3.587944746017456, "params": {"x1": 1.3705363273620605, "x2": -1.2108122110366821}, "datetime": {"datetime": "2021-07-18 15:36:36", "elapsed": 0.152247, "delta": 0.000455}}
{"target": -3.587944746017456, "params": {"x1": 1.3705363273620605, "x2": -1.2108122110366821}, "datetime": {"datetime": "2021-07-18 15:36:36", "elapsed": 0.152535, "delta": 0.000288}}
{"target": -3.587944746017456, "params": {"x1": 1.3705363273620605, "x2": -1.2108122110366821}, "datetime": {"datetime": "2021-07-18 15:36:36", "elapsed": 0.152815, "delta": 0.00028}}
{"target": -2.247164726257324, "params": {"x1": -1.507175087928772, "x2": -0.3705223500728607}, "datetime": {"datetime": "2021-07-18 15:36:36", "elapsed": 0.153269, "delta": 0.000454}}
{"target": -2.247164726257324, "params": {"x1": -1.507175087928772, "x2": -0.3705223500728607}, "datetime": {"datetime": "2021-07-18 15:36:36", "elapsed": 0.153561, "delta": 0.000292}}
{"target": -2.247164726257324, "params": {"x1": -1.507175087928772, "x2": -0.3705223500728607}, "datetime": {"datetime": "2021-07-18 15:36:36", "elapsed": 0.153894, "delta": 0.000333}}
{"target": -6.131141662597656, "params": {"x1": 0.1278512328863144, "x2": -0.02666892670094967}, "datetime": {"datetime": "2021-07-18 15:36:36", "elapsed": 0.154353, "delta": 0.000459}}
{"target": -4.834841728210449, "params": {"x1": 0.07802387326955795, "x2": -0.2809409499168396}, "datetime": {"datetime": "2021-07-18 15:36:36", "elapsed": 0.154811, "delta": 0.000458}}
{"target": -2.5157930850982666, "params": {"x1": -0.37975940108299255, "x2": -1.4548780918121338}, "datetime": {"datetime": "2021-07-18 15:36:36", "elapsed": 0.155272, "delta": 0.000461}}
{"target": -2.8687150478363037, "params": {"x1": 0.7287133932113647, "x2": -1.6129660606384277}, "datetime": {"datetime": "2021-07-18 15:36:36", "elapsed": 0.155734, "delta": 0.000462}}
{"target": -5.479946613311768, "params": {"x1": 0.16235657036304474, "x2": 0.11982676386833191}, "datetime": {"datetime": "2021-07-18 15:36:36", "elapsed": 0.156199, "delta": 0.000465}}
{"target": -6.8219099044799805, "params": {"x1": -0.44026491045951843, "x2": 1.526895523071289}, "datetime": {"datetime": "2021-07-18 15:36:36", "elapsed": 0.156664, "delta": 0.000465}}
{"target": -3.802666187286377, "params": {"x1": -0.05528254434466362, "x2": -0.15508709847927094}, "datetime": {"datetime": "2021-07-18 15:36:36", "elapsed": 0.157172, "delta": 0.000508}}
{"target": -6.229709625244141, "params": {"x1": -0.5419175624847412, "x2": 1.7944167852401733}, "datetime": {"datetime": "2021-07-18 15:36:36", "elapsed": 0.157646, "delta": 0.000474}}
{"target": -6.229709625244141, "params": {"x1": -0.5419175624847412, "x2": 1.7944167852401733}, "datetime": {"datetime": "2021-07-18 15:36:36", "elapsed": 0.157945, "delta": 0.000299}}
{"target": -6.229709625244141, "params": {"x1": -0.5419175624847412, "x2": 1.7944167852401733}, "datetime": {"datetime": "2021-07-18 15:36:36", "elapsed": 0.15823, "delta": 0.000285}}
{"target": -6.229709625244141, "params": {"x1": -0.5419175624847412, "x2": 1.7944167852401733}, "datetime": {"datetime": "2021-07-18 15:36:36", "elapsed": 0.158516, "delta": 0.000286}}
{"target": -6.229709625244141, "params": {"x1": -0.5419175624847412, "x2": 1.7944167852401733}, "datetime": {"datetime": "2021-07-18 15:36:36", "elapsed": 0.158797, "delta": 0.000281}}
{"target": -6.229709625244141, "params": {"x1": -0.5419175624847412, "x2": 1.7944167852401733}, "datetime": {"datetime": "2021-07-18 15:36:36", "elapsed": 0.159081, "delta": 0.000284}}
{"target": -7.525209426879883, "params": {"x1": 1.2731683254241943, "x2": 0.24942876398563385}, "datetime": {"datetime": "2021-07-18 15:36:36", "elapsed": 0.159557, "delta": 0.000476}}
{"target": -6.022827625274658, "params": {"x1": 0.7118127346038818, "x2": 0.4414193034172058}, "datetime": {"datetime": "2021-07-18 15:36:36", "elapsed": 0.160026, "delta": 0.000469}}
{"target": -6.022827625274658, "params": {"x1": 0.7118127346038818, "x2": 0.4414193034172058}, "datetime": {"datetime": "2021-07-18 15:36:36", "elapsed": 0.160362, "delta": 0.000336}}
{"target": -3.4395804405212402, "params": {"x1": 0.5231655240058899, "x2": 0.0604986697435379}, "datetime": {"datetime": "2021-07-18 15:36:36", "elapsed": 0.160829, "delta": 0.000467}}
{"target": -3.4395804405212402, "params": {"x1": 0.5231655240058899, "x2": 0.0604986697435379}, "datetime": {"datetime": "2021-07-18 15:36:36", "elapsed": 0.161124, "delta": 0.000295}}
{"target": -3.4395804405212402, "params": {"x1": 0.5231655240058899, "x2": 0.0604986697435379}, "datetime": {"datetime": "2021-07-18 15:36:36", "elapsed": 0.161412, "delta": 0.000288}}
{"target": -2.7860217094421387, "params": {"x1": 0.18237744271755219, "x2": 2.1059911251068115}, "datetime": {"datetime": "2021-07-18 15:36:36", "elapsed": 0.161878, "delta": 0.000466}}
{"target": -6.001974582672119, "params": {"x1": 0.869049608707428, "x2": -0.3680903911590576}, "datetime": {"datetime": "2021-07-18 15:36:36", "elapsed": 0.162346, "delta": 0.000468}}
{"target": -3.426335573196411, "params": {"x1": 0.1620604395866394, "x2": -0.16211076080799103}, "datetime": {"datetime": "2021-07-18 15:36:36", "elapsed": 0.162815, "delta": 0.000469}}
{"target": -3.426335573196411, "params": {"x1": 0.1620604395866394, "x2": -0.16211076080799103}, "datetime": {"datetime": "2021-07-18 15:36:36", "elapsed": 0.163116, "delta": 0.000301}}
{"target": -1.5906404256820679, "params": {"x1": -0.921550989151001, "x2": -1.8284146785736084}, "datetime": {"datetime": "2021-07-18 15:36:36", "elapsed": 0.163582, "delta": 0.000466}}
{"target": -1.5906404256820679, "params": {"x1": -0.921550989151001, "x2": -1.8284146785736084}, "datetime": {"datetime": "2021-07-18 15:36:36", "elapsed": 0.163884, "delta": 0.000302}}
{"target": -1.5906404256820679, "params": {"x1": -0.921550989151001, "x2": -1.8284146785736084}, "datetime": {"datetime": "2021-07-18 15:36:36", "elapsed": 0.164177, "delta": 0.000293}}
{"target": -5.69642448425293, "params": {"x1": -0.46184006333351135, "x2": 0.9455360174179077}, "datetime": {"datetime": "2021-07-18 15:36:36", "elapsed": 0.16464, "delta": 0.000463}}
{"target": -2.708719491958618, "params": {"x1": 0.01086814422160387, "x2": -0.15805809199810028}, "datetime": {"datetime": "2021-07-18 15:36:36", "elapsed": 0.165109, "delta": 0.000469}}
{"target": -2.708719491958618, "params": {"x1": 0.01086814422160387, "x2": -0.15805809199810028}, "datetime": {"datetime": "2021-07-18 15:36:36", "elapsed": 0.16541, "delta": 0.000301}}
{"target": -3.3319616317749023, "params": {"x1": 0.16323445737361908, "x2": -0.9545641541481018}, "datetime": {"datetime": "2021-07-18 15:36:36", "elapsed": 0.165887, "delta": 0.000477}}
{"target": -3.3319616317749023, "params": {"x1": 0.16323445737361908, "x2": -0.9545641541481018}, "datetime": {"datetime": "2021-07-18 15:36:36", "elapsed": 0.16619, "delta": 0.000303}}
{"target": -3.3319616317749023, "params": {"x1": 0.16323445737361908, "x2": -0.9545641541481018}, "datetime": {"datetime": "2021-07-18 15:36:36", "elapsed": 0.16648, "delta": 0.00029}}
{"target": -4.478833198547363, "params": {"x1": -0.8712361454963684, "x2": -0.20159688591957092}, "datetime": {"datetime": "2021-07-18 15:36:36", "elapsed": 0.166948, "delta": 0.000468}}
{"target": -4.478833198547363, "params": {"x1": -0.8712361454963684, "x2": -0.20159688591957092}, "datetime": {"datetime": "2021-07-18 15:36:36", "elapsed": 0.167247, "delta": 0.000299}}
{"target": -5.110312461853027, "params": {"x1": -1.1755682229995728, "x2": 0.45045167207717896}, "datetime": {"datetime": "2021-07-18 15:36:36", "elapsed": 0.167718, "delta": 0.000471}}
{"target": -5.110312461853027, "params": {"x1": -1.1755682229995728, "x2": 0.45045167207717896}, "datetime": {"datetime": "2021-07-18 15:36:36", "elapsed": 0.168017, "delta": 0.000299}}
{"target": -7.077392101287842, "params": {"x1": -0.8797858357429504, "x2": 2.1336774826049805}, "datetime": {"datetime": "2021-07-18 15:36:36", "elapsed": 0.168487, "delta": 0.00047}}
