{"target": -3.5895659923553467, "params": {"x1": -1.7222950458526611, "x2": 0.2753496468067169}, "datetime": {"datetime": "2021-07-18 15:36:36", "elapsed": 0.396459, "delta": 0.000618}}
{"target": -3.5895659923553467, "params": {"x1": -1.7222950458526611, "x2": 0.2753496468067169}, "datetime": {"datetime": "2021-07-18 15:36:36", "elapsed": 0.396903, "delta": 0.000444}}
{"target": -6.596123695373535, "params": {"x1": 0.8265887498855591, "x2": -0.5413743257522583}, "datetime": {"datetime": "2021-07-18 15:36:36", "elapsed": 0.397624, "delta": 0.000721}}
{"target": -2.064602851867676, "params": {"x1": -0.7815181016921997, "x2": -0.6200389862060547}, "datetime": {"datetime": "2021-07-18 15:36:36", "elapsed": 0.398239, "delta": 0.000615}}
{"target": -4.818241119384766, "params": {"x1": 0.322247713804245, "x2": -1.008976936340332}, "datetime": {"datetime": "2021-07-18 15:36:36", "elapsed": 0.398864, "delta": 0.000625}}
{"target": -4.818241119384766, "params": {"x1": 0.322247713804245, "x2": -1.008976936340332}, "datetime": {"datetime": "2021-07-18 15:36:36", "elapsed": 0.399316, "delta": 0.000452}}
{"target": -4.818241119384766, "params": {"x1": 0.322247713804245, "x2": -1.008976936340332}, "datetime": {"datetime": "2021-07-18 15:36:36", "elapsed": 0.399765, "delta": 0.000449}}
{"target": -4.818241119384766, "params": {"x1": 0.322247713804245, "x2": -1.008976936340332}, "datetime": {"datetime": "2021-07-18 15:36:36", "elapsed": 0.400204, "delta": 0.000439}}
{"target": -4.818241119384766, "params": {"x1": 0.322247713804245, "x2": -1.008976936340332}, "datetime": {"datetime": "2021-07-18 15:36:36", "elapsed": 0.400639, "delta": 0.000435}}
{"target": -4.818241119384766, "params": {"x1": 0.322247713804245, "x2": -1.008976936340332}, "datetime": {"datetime": "2021-07-18 15:36:36", "elapsed": 0.401072, "delta": 0.000433}}
{"target": -5.412080764770508, "params": {"x1": 0.603898823261261, "x2": -1.3949681520462036}, "datetime": {"datetime": "2021-07-18 15:36:36", "elapsed": 0.401699, "delta": 0.000627}}
{"target": -2.425917863845825, "params": {"x1": -0.7139783501625061, "x2": -0.5014337301254272}, "datetime": {"datetime": "2021-07-18 15:36:36", "elapsed": 0.402317, "delta": 0.000618}}
{"target": -2.425917863845825, "params": {"x1": -0.7139783501625061, "x2": -0.5014337301254272}, "datetime": {"datetime": "2021-07-18 15:36:36", "elapsed": 0.402761, "delta": 0.000444}}
{"target": -2.425917863845825, "params": {"x1": -0.7139783501625061, "x2": -0.5014337301254272}, "datetime": {"datetime": "2021-07-18 15:36:36", "elapsed": 0.403197, "delta": 0.000436}}
{"target": -2.425917863845825, "params": {"x1": -0.7139783501625061, "x2": -0.5014337301254272}, "datetime": {"datetime": "2021-07-18 15:36:36", "elapsed": 0.403635, "delta": 0.000438}}
{"target": -2.425917863845825, "params": {"x1": -0.7139783501625061, "x2": -0.5014337301254272}, "datetime": {"datetime": "2021-07-18 15:36:36", "elapsed": 0.404067, "delta": 0.000432}}
{"target": -2.425917863845825, "params": {"x1": -0.7139783501625061, "x2": -0.5014337301254272}, "datetime": {"datetime": "2021-07-18 15:36:36", "elapsed": 0.4045, "delta": 0.000433}}
{"target": -3.9864230155944824, "params": {"x1": -1.363769769668579, "x2": -1.1883097887039185}, "datetime": {"datetime": "2021-07-18 15:36:36", "elapsed": 0.405111, "delta": 0.000611}}
{"target": -3.1671509742736816, "params": {"x1": 0.8050477504730225, "x2": 0.11986448615789413}, "datetime": {"datetime": "2021-07-18 15:36:36", "elapsed": 0.405747, "delta": 0.000636}}
{"target": -3.1671509742736816, "params": {"x1": 0.8050477504730225, "x2": 0.11986448615789413}, "datetime": {"datetime": "2021-07-18 15:36:36", "elapsed": 0.4062, "delta": 0.000453}}
{"target": -4.2394232749938965, "params": {"x1": 0.17846599221229553, "x2": 1.409318447113037}, "datetime": {"datetime": "2021-07-18 15:36:36", "elapsed": 0.406822, "delta": 0.000622}}
{"target": -4.2394232749938965, "params": {"x1": 0.17846599221229553, "x2": 1.409318447113037}, "datetime": {"datetime": "2021-07-18 15:36:36", "elapsed": 0.407274, "delta": 0.000452}}
{"target": -4.2394232749938965, "params": {"x1": 0.17846599221229553, "x2": 1.409318447113037}, "datetime": {"datetime": "2021-07-18 15:36:36", "elapsed": 0.407713, "delta": 0.000439}}
{"target": -4.2394232749938965, "params": {"x1": 0.17846599221229553, "x2": 1.409318447113037}, "datetime": {"datetime": "2021-07-18 15:36:36", "elapsed": 0.408146, "delta": 0.000433}}
{"target": -4.2394232749938965, "params": {"x1": 0.17846599221229553, "x2": 1.409318447113037}, "datetime": {"datetime": "2021-07-18 15:36:36", "elapsed": 0.408579, "delta": 0.000433}}
{"target": -4.2394232749938965, "params": {"x1": 0.17846599221229553, "x2": 1.409318447113037}, "datetime": {"datetime": "2021-07-18 15:36:36", "elapsed": 0.409011, "delta": 0.000432}}
{"target": -4.2394232749938965, "params": {"x1": 0.17846599221229553, "x2": 1.409318447113037}, "datetime": {"datetime": "2021-07-18 15:36:36", "elapsed": 0.409446, "delta": 0.000435}}
{"target": -4.2394232749938965, "params": {"x1": 0.17846599221229553, "x2": 1.409318447113037}, "datetime": {"datetime": "2021-07-18 15:36:36", "elapsed": 0.409882, "delta": 0.000436}}
{"target": -4.2394232749938965, "params": {"x1": 0.17846599221229553, "x2": 1.409318447113037}, "datetime": {"datetime": "2021-07-18 15:36:36", "elapsed": 0.410372, "delta": 0.00049}}
{"target": -4.2394232749938965, "params": {"x1": 0.17846599221229553, "x2": 1.409318447113037}, "datetime": {"datetime": "2021-07-18 15:36:36", "elapsed": 0.410875, "delta": 0.000503}}
{"target": -4.2394232749938965, "params": {"x1": 0.17846599221229553, "x2": 1.409318447113037}, "datetime": {"datetime": "2021-07-18 15:36:36", "elapsed": 0.411309, "delta": 0.000434}}
{"target": -3.806391477584839, "params": {"x1": 0.2694815397262573, "x2": -0.42500147223472595}, "datetime": {"datetime": "2021-07-18 15:36:36", "elapsed": 0.411932, "delta": 0.000623}}
{"target": -3.806391477584839, "params": {"x1": 0.2694815397262573, "x2": -0.42500147223472595}, "datetime": {"datetime": "2021-07-18 15:36:36", "elapsed": 0.412384, "delta": 0.000452}}
{"target": -3.806391477584839, "params": {"x1": 0.2694815397262573, "x2": -0.42500147223472595}, "datetime": {"datetime": "2021-07-18 15:36:36", "elapsed": 0.412827, "delta": 0.000443}}
{"target": -3.9431517124176025, "params": {"x1": -0.7521352767944336, "x2": -0.5585249066352844}, "datetime": {"datetime": "2021-07-18 15:36:36", "elapsed": 0.413446, "delta": 0.000619}}
{"target": -3.9431517124176025, "params": {"x1": -0.7521352767944336, "x2": -0.5585249066352844}, "datetime": {"datetime": "2021-07-18 15:36:36", "elapsed": 0.413902, "delta": 0.000456}}
{"target": -3.9431517124176025, "params": {"x1": -0.7521352767944336, "x2": -0.5585249066352844}, "datetime": {"datetime": "2021-07-18 15:36:36", "elapsed": 0.414347, "delta": 0.000445}}
{"target": -3.9431517124176025, "params": {"x1": -0.7521352767944336, "x2": -0.5585249066352844}, "datetime": {"datetime": "2021-07-18 15:36:36", "elapsed": 0.414786, "delta": 0.000439}}
{"target": -3.9431517124176025, "params": {"x1": -0.7521352767944336, "x2": -0.5585249066352844}, "datetime": {"datetime": "2021-07-18 15:36:36", "elapsed": 0.415227, "delta": 0.000441}}
{"target": -3.9431517124176025, "params": {"x1": -0.7521352767944336, "x2": -0.5585249066352844}, "datetime": {"datetime": "2021-07-18 15:36:36", "elapsed": 0.415662, "delta": 0.000435}}
{"target": -3.9431517124176025, "params": {"x1": -0.7521352767944336, "x2": -0.5585249066352844}, "datetime": {"datetime": "2021-07-18 15:36:36", "elapsed": 0.416101, "delta": 0.000439}}
{"target": -2.950845241546631, "params": {"x1": 1.2586976289749146, "x2": 1.5783164501190186}, "datetime": {"datetime": "2021-07-18 15:36:36", "elapsed": 0.416713, "delta": 0.000612}}
{"target": -2.950845241546631, "params": {"x1": 1.2586976289749146, "x2": 1.5783164501190186}, "datetime": {"datetime": "2021-07-18 15:36:36", "elapsed": 0.41716, "delta": 0.000447}}
{"target": -3.311401605606079, "params": {"x1": -1.6171332597732544, "x2": -0.5939895510673523}, "datetime": {"datetime": "2021-07-18 15:36:36", "elapsed": 0.417782, "delta": 0.000622}}
{"target": -3.311401605606079, "params": {"x1": -1.6171332597732544, "x2": -0.5939895510673523}, "datetime": {"datetime": "2021-07-18 15:36:36", "elapsed": 0.418231, "delta": 0.000449}}
{"target": -3.311401605606079, "params": {"x1": -1.6171332597732544, "x2": -0.5939895510673523}, "datetime": {"datetime": "2021-07-18 15:36:36", "elapsed": 0.418668, "delta": 0.000437}}
{"target": -3.0240960121154785, "params": {"x1": -1.1425532102584839, "x2": -1.4389820098876953}, "datetime": {"datetime": "2021-07-18 15:36:36", "elapsed": 0.419281, "delta": 0.000613}}
{"target": -3.0240960121154785, "params": {"x1": -1.1425532102584839, "x2": -1.4389820098876953}, "datetime": {"datetime": "2021-07-18 15:36:36", "elapsed": 0.419726, "delta": 0.000445}}
{"target": -3.0240960121154785, "params": {"x1": -1.1425532102584839, "x2": -1.4389820098876953}, "datetime": {"datetime": "2021-07-18 15:36:36", "elapsed": 0.420164, "delta": 0.000438}}
{"target": -3.0240960121154785, "params": {"x1": -1.1425532102584839, "x2": -1.4389820098876953}, "datetime": {"datetime": "2021-07-18 15:36:36", "elapsed": 0.4206, "delta": 0.000436}}
{"target": -3.0240960121154785, "params": {"x1": -1.1425532102584839, "x2": -1.4389820098876953}, "datetime": {"datetime": "2021-07-18 15:36:36", "elapsed": 0.421035, "delta": 0.000435}}
{"target": -3.395723581314087, "params": {"x1": -0.7046414017677307, "x2": 0.004129562992602587}, "datetime": {"datetime": "2021-07-18 15:36:36", "elapsed": 0.42171, "delta": 0.000675}}
{"target": -2.642801523208618, "params": {"x1": -1.4298604726791382, "x2": 1.9881891012191772}, "datetime": {"datetime": "2021-07-18 15:36:36", "elapsed": 0.422334, "delta": 0.000624}}
{"target": -2.642801523208618, "params": {"x1": -1.4298604726791382, "x2": 1.9881891012191772}, "datetime": {"datetime": "2021-07-18 15:36:36", "elapsed": 0.422779, "delta": 0.000445}}
{"target": -6.856643199920654, "params": {"x1": 1.255434274673462, "x2": -0.06611745059490204}, "datetime": {"datetime": "2021-07-18 15:36:36", "elapsed": 0.423395, "delta": 0.000616}}
{"target": -6.87464714050293, "params": {"x1": 1.5582875556267126, "x2": -7.351150034192154}, "datetime": {"datetime": "2021-07-18 15:36:37", "elapsed": 1.098657, "delta": 0.675262}}
{"target": -2.3311374187469482, "params": {"x1": -0.7125673520595299, "x2": -0.5001935130786972}, "datetime": {"datetime": "2021-07-18 15:36:38", "elapsed": 1.820809, "delta": 0.722152}}
{"target": -1.6774088144302368, "params": {"x1": -0.7573571398846983, "x2": -0.4815892496874685}, "datetime": {"datetime": "2021-07-18 15:36:39", "elapsed": 3.091027, "delta": 1.270218}}
{"target": -4.481353282928467, "params": {"x1": -0.7312883433949313, "x2": 0.21836624581483832}, "datetime": {"datetime": "2021-07-18 15:36:41", "elapsed": 4.797822, "delta": 1.706795}}
{"target": -2.5545740127563477, "params": {"x1": -0.689907572259953, "x2": 0.25962128425405595}, "datetime": {"datetime": "2021-07-18 15:36:42", "elapsed": 6.519652, "delta": 1.72183}}
{"target": -5.494165420532227, "params": {"x1": -0.2319183186755147, "x2": 0.13173688514231507}, "datetime": {"datetime": "2021-07-18 15:36:44", "elapsed": 8.418638, "delta": 1.898986}}
{"target": -8.333538055419922, "params": {"x1": -9.079246416875941, "x2": 2.267881075191891}, "datetime": {"datetime": "2021-07-18 15:36:45", "elapsed": 9.060116, "delta": 0.641478}}
{"target": -11.229490280151367, "params": {"x1": -3.8996609383802383, "x2": 7.0483272658246}, "datetime": {"datetime": "2021-07-18 15:36:46", "elapsed": 9.785394, "delta": 0.725278}}
{"target": -6.010676383972168, "params": {"x1": -0.4916055559528161, "x2": 1.3994263439713315}, "datetime": {"datetime": "2021-07-18 15:36:47", "elapsed": 11.038706, "delta": 1.253312}}
{"target": -3.4050679206848145, "params": {"x1": -0.941675459597338, "x2": -0.0015385562318712687}, "datetime": {"datetime": "2021-07-18 15:36:49", "elapsed": 12.797164, "delta": 1.758458}}
{"target": -1.0315837860107422, "params": {"x1": -1.3939996965035935, "x2": -1.246352904531797}, "datetime": {"datetime": "2021-07-18 15:36:50", "elapsed": 14.308939, "delta": 1.511775}}
{"target": -4.652278423309326, "params": {"x1": 0.7418577713984185, "x2": 0.460483700588858}, "datetime": {"datetime": "2021-07-18 15:36:51", "elapsed": 14.960124, "delta": 0.651185}}
{"target": -7.8689117431640625, "params": {"x1": -4.490728316597197, "x2": 4.0142620917919345}, "datetime": {"datetime": "2021-07-18 15:36:52", "elapsed": 15.581555, "delta": 0.621431}}
{"target": -7.462339401245117, "params": {"x1": 6.62474215764049, "x2": -0.011708090820992112}, "datetime": {"datetime": "2021-07-18 15:36:52", "elapsed": 16.303181, "delta": 0.721626}}
{"target": -3.8737001419067383, "params": {"x1": -4.655628728041508, "x2": 2.0850032337504523}, "datetime": {"datetime": "2021-07-18 15:36:53", "elapsed": 17.068379, "delta": 0.765198}}
{"target": -4.581951141357422, "params": {"x1": -0.02602436277574327, "x2": 0.9273044860961459}, "datetime": {"datetime": "2021-07-18 15:36:54", "elapsed": 18.439182, "delta": 1.370803}}
{"target": -3.333932399749756, "params": {"x1": -1.7983435202805964, "x2": 0.7376598070279368}, "datetime": {"datetime": "2021-07-18 15:36:55", "elapsed": 19.394454, "delta": 0.955272}}
{"target": -6.249199390411377, "params": {"x1": 2.1302624511387496, "x2": 2.0299901713640534}, "datetime": {"datetime": "2021-07-18 15:36:56", "elapsed": 20.140056, "delta": 0.745602}}
{"target": -11.18483829498291, "params": {"x1": 0.7506831395628595, "x2": 5.872466480040279}, "datetime": {"datetime": "2021-07-18 15:36:57", "elapsed": 20.788964, "delta": 0.648908}}
{"target": -1.4537787437438965, "params": {"x1": -0.7160038578757462, "x2": 0.23247995440223335}, "datetime": {"datetime": "2021-07-18 15:36:58", "elapsed": 22.300692, "delta": 1.511728}}
