{"target": -5.37101411819458, "params": {"x1": 0.09063850343227386, "x2": -1.0458097457885742}, "datetime": {"datetime": "2021-07-18 15:36:36", "elapsed": 0.336543, "delta": 0.000583}}
{"target": -4.752128601074219, "params": {"x1": -0.5193602442741394, "x2": -0.7699581384658813}, "datetime": {"datetime": "2021-07-18 15:36:36", "elapsed": 0.33713, "delta": 0.000587}}
{"target": -4.752128601074219, "params": {"x1": -0.5193602442741394, "x2": -0.7699581384658813}, "datetime": {"datetime": "2021-07-18 15:36:36", "elapsed": 0.337542, "delta": 0.000412}}
{"target": -3.2944295406341553, "params": {"x1": 1.0844124555587769, "x2": -0.8118564486503601}, "datetime": {"datetime": "2021-07-18 15:36:36", "elapsed": 0.338168, "delta": 0.000626}}
{"target": -3.2944295406341553, "params": {"x1": 1.0844124555587769, "x2": -0.8118564486503601}, "datetime": {"datetime": "2021-07-18 15:36:36", "elapsed": 0.338586, "delta": 0.000418}}
{"target": -3.2944295406341553, "params": {"x1": 1.0844124555587769, "x2": -0.8118564486503601}, "datetime": {"datetime": "2021-07-18 15:36:36", "elapsed": 0.338995, "delta": 0.000409}}
{"target": -3.2944295406341553, "params": {"x1": 1.0844124555587769, "x2": -0.8118564486503601}, "datetime": {"datetime": "2021-07-18 15:36:36", "elapsed": 0.339399, "delta": 0.000404}}
{"target": -1.0419423580169678, "params": {"x1": 0.9364385008811951, "x2": -0.5947000980377197}, "datetime": {"datetime": "2021-07-18 15:36:36", "elapsed": 0.339984, "delta": 0.000585}}
{"target": -1.0824987888336182, "params": {"x1": -1.2461947202682495, "x2": -1.3196390867233276}, "datetime": {"datetime": "2021-07-18 15:36:36", "elapsed": 0.340575, "delta": 0.000591}}
{"target": -1.0824987888336182, "params": {"x1": -1.2461947202682495, "x2": -1.3196390867233276}, "datetime": {"datetime": "2021-07-18 15:36:36", "elapsed": 0.340994, "delta": 0.000419}}
{"target": -5.607215881347656, "params": {"x1": 0.19315829873085022, "x2": 0.2221890538930893}, "datetime": {"datetime": "2021-07-18 15:36:36", "elapsed": 0.341576, "delta": 0.000582}}
{"target": -5.607215881347656, "params": {"x1": 0.19315829873085022, "x2": 0.2221890538930893}, "datetime": {"datetime": "2021-07-18 15:36:36", "elapsed": 0.342006, "delta": 0.00043}}
{"target": -2.969041585922241, "params": {"x1": -0.30360376834869385, "x2": -0.01456519030034542}, "datetime": {"datetime": "2021-07-18 15:36:36", "elapsed": 0.3426, "delta": 0.000594}}
{"target": -2.969041585922241, "params": {"x1": -0.30360376834869385, "x2": -0.01456519030034542}, "datetime": {"datetime": "2021-07-18 15:36:36", "elapsed": 0.343024, "delta": 0.000424}}
{"target": -2.969041585922241, "params": {"x1": -0.30360376834869385, "x2": -0.01456519030034542}, "datetime": {"datetime": "2021-07-18 15:36:36", "elapsed": 0.343445, "delta": 0.000421}}
{"target": -2.969041585922241, "params": {"x1": -0.30360376834869385, "x2": -0.01456519030034542}, "datetime": {"datetime": "2021-07-18 15:36:36", "elapsed": 0.343973, "delta": 0.000528}}
{"target": -2.969041585922241, "params": {"x1": -0.30360376834869385, "x2": -0.01456519030034542}, "datetime": {"datetime": "2021-07-18 15:36:36", "elapsed": 0.344388, "delta": 0.000415}}
{"target": -2.969041585922241, "params": {"x1": -0.30360376834869385, "x2": -0.01456519030034542}, "datetime": {"datetime": "2021-07-18 15:36:36", "elapsed": 0.344797, "delta": 0.000409}}
{"target": -3.6143174171447754, "params": {"x1": 1.334702968597412, "x2": 0.5674450993537903}, "datetime": {"datetime": "2021-07-18 15:36:36", "elapsed": 0.345381, "delta": 0.000584}}
{"target": -3.6143174171447754, "params": {"x1": 1.334702968597412, "x2": 0.5674450993537903}, "datetime": {"datetime": "2021-07-18 15:36:36", "elapsed": 0.345807, "delta": 0.000426}}
{"target": -2.723745822906494, "params": {"x1": 1.27912437915802, "x2": 0.5569454431533813}, "datetime": {"datetime": "2021-07-18 15:36:36", "elapsed": 0.346399, "delta": 0.000592}}
{"target": -5.939864158630371, "params": {"x1": 0.9254348874092102, "x2": -0.13394701480865479}, "datetime": {"datetime": "2021-07-18 15:36:36", "elapsed": 0.346996, "delta": 0.000597}}
{"target": -5.939864158630371, "params": {"x1": 0.9254348874092102, "x2": -0.13394701480865479}, "datetime": {"datetime": "2021-07-18 15:36:36", "elapsed": 0.347415, "delta": 0.000419}}
{"target": -5.939864158630371, "params": {"x1": 0.9254348874092102, "x2": -0.13394701480865479}, "datetime": {"datetime": "2021-07-18 15:36:36", "elapsed": 0.34783, "delta": 0.000415}}
{"target": -1.723125696182251, "params": {"x1": -1.5909662246704102, "x2": 0.5358343720436096}, "datetime": {"datetime": "2021-07-18 15:36:36", "elapsed": 0.348415, "delta": 0.000585}}
{"target": -5.271999359130859, "params": {"x1": 0.0826888456940651, "x2": 1.3524107933044434}, "datetime": {"datetime": "2021-07-18 15:36:36", "elapsed": 0.349018, "delta": 0.000603}}
{"target": -4.26420259475708, "params": {"x1": -0.2316243201494217, "x2": 1.5730741024017334}, "datetime": {"datetime": "2021-07-18 15:36:36", "elapsed": 0.349626, "delta": 0.000608}}
{"target": -5.445552349090576, "params": {"x1": 1.4451338052749634, "x2": 0.04235552251338959}, "datetime": {"datetime": "2021-07-18 15:36:36", "elapsed": 0.350227, "delta": 0.000601}}
{"target": -5.445552349090576, "params": {"x1": 1.4451338052749634, "x2": 0.04235552251338959}, "datetime": {"datetime": "2021-07-18 15:36:36", "elapsed": 0.350651, "delta": 0.000424}}
{"target": -2.683898448944092, "params": {"x1": 0.13253536820411682, "x2": 0.1605725735425949}, "datetime": {"datetime": "2021-07-18 15:36:36", "elapsed": 0.351248, "delta": 0.000597}}
{"target": -6.471102237701416, "params": {"x1": -0.8483412265777588, "x2": 1.6462355852127075}, "datetime": {"datetime": "2021-07-18 15:36:36", "elapsed": 0.351845, "delta": 0.000597}}
{"target": -6.471102237701416, "params": {"x1": -0.8483412265777588, "x2": 1.6462355852127075}, "datetime": {"datetime": "2021-07-18 15:36:36", "elapsed": 0.352268, "delta": 0.000423}}
{"target": -2.509742259979248, "params": {"x1": -2.3908050060272217, "x2": 0.4725607931613922}, "datetime": {"datetime": "2021-07-18 15:36:36", "elapsed": 0.352858, "delta": 0.00059}}
{"target": -4.515693187713623, "params": {"x1": 0.6110401153564453, "x2": 0.47502878308296204}, "datetime": {"datetime": "2021-07-18 15:36:36", "elapsed": 0.353454, "delta": 0.000596}}
{"target": -4.515693187713623, "params": {"x1": 0.6110401153564453, "x2": 0.47502878308296204}, "datetime": {"datetime": "2021-07-18 15:36:36", "elapsed": 0.35388, "delta": 0.000426}}
{"target": -4.074904918670654, "params": {"x1": 0.22245365381240845, "x2": -0.5299267768859863}, "datetime": {"datetime": "2021-07-18 15:36:36", "elapsed": 0.354475, "delta": 0.000595}}
{"target": -5.137897968292236, "params": {"x1": 1.305860161781311, "x2": 1.6713995933532715}, "datetime": {"datetime": "2021-07-18 15:36:36", "elapsed": 0.355075, "delta": 0.0006}}
{"target": -2.0162627696990967, "params": {"x1": -0.42451897263526917, "x2": 0.20827679336071014}, "datetime": {"datetime": "2021-07-18 15:36:36", "elapsed": 0.355672, "delta": 0.000597}}
{"target": -2.0162627696990967, "params": {"x1": -0.42451897263526917, "x2": 0.20827679336071014}, "datetime": {"datetime": "2021-07-18 15:36:36", "elapsed": 0.356095, "delta": 0.000423}}
{"target": -2.0162627696990967, "params": {"x1": -0.42451897263526917, "x2": 0.20827679336071014}, "datetime": {"datetime": "2021-07-18 15:36:36", "elapsed": 0.356516, "delta": 0.000421}}
{"target": -2.0162627696990967, "params": {"x1": -0.42451897263526917, "x2": 0.20827679336071014}, "datetime": {"datetime": "2021-07-18 15:36:36", "elapsed": 0.356932, "delta": 0.000416}}
{"target": -2.4202256202697754, "params": {"x1": -0.6604134440422058, "x2": -2.0094480514526367}, "datetime": {"datetime": "2021-07-18 15:36:36", "elapsed": 0.357613, "delta": 0.000681}}
{"target": -1.284192442893982, "params": {"x1": -0.7111545205116272, "x2": -1.4062258005142212}, "datetime": {"datetime": "2021-07-18 15:36:36", "elapsed": 0.358222, "delta": 0.000609}}
{"target": -1.284192442893982, "params": {"x1": -0.7111545205116272, "x2": -1.4062258005142212}, "datetime": {"datetime": "2021-07-18 15:36:36", "elapsed": 0.358653, "delta": 0.000431}}
{"target": -1.284192442893982, "params": {"x1": -0.7111545205116272, "x2": -1.4062258005142212}, "datetime": {"datetime": "2021-07-18 15:36:36", "elapsed": 0.359072, "delta": 0.000419}}
{"target": -1.284192442893982, "params": {"x1": -0.7111545205116272, "x2": -1.4062258005142212}, "datetime": {"datetime": "2021-07-18 15:36:36", "elapsed": 0.35949, "delta": 0.000418}}
{"target": -3.7261393070220947, "params": {"x1": 0.01693599671125412, "x2": -0.26240864396095276}, "datetime": {"datetime": "2021-07-18 15:36:36", "elapsed": 0.360082, "delta": 0.000592}}
{"target": -4.40472412109375, "params": {"x1": -1.0020296573638916, "x2": 2.0646610260009766}, "datetime": {"datetime": "2021-07-18 15:36:36", "elapsed": 0.360735, "delta": 0.000653}}
{"target": -4.84429407119751, "params": {"x1": 0.3752319812774658, "x2": -2.2764313220977783}, "datetime": {"datetime": "2021-07-18 15:36:36", "elapsed": 0.361337, "delta": 0.000602}}
{"target": -4.84429407119751, "params": {"x1": 0.3752319812774658, "x2": -2.2764313220977783}, "datetime": {"datetime": "2021-07-18 15:36:36", "elapsed": 0.361788, "delta": 0.000451}}
{"target": -4.84429407119751, "params": {"x1": 0.3752319812774658, "x2": -2.2764313220977783}, "datetime": {"datetime": "2021-07-18 15:36:36", "elapsed": 0.362208, "delta": 0.00042}}
{"target": -4.84429407119751, "params": {"x1": 0.3752319812774658, "x2": -2.2764313220977783}, "datetime": {"datetime": "2021-07-18 15:36:36", "elapsed": 0.362623, "delta": 0.000415}}
{"target": -4.84429407119751, "params": {"x1": 0.3752319812774658, "x2": -2.2764313220977783}, "datetime": {"datetime": "2021-07-18 15:36:36", "elapsed": 0.363039, "delta": 0.000416}}
{"target": -2.456977605819702, "params": {"x1": -0.09247277677059174, "x2": 0.5413376092910767}, "datetime": {"datetime": "2021-07-18 15:36:36", "elapsed": 0.363639, "delta": 0.0006}}
{"target": -0.6016043424606323, "params": {"x1": -0.52259761095047, "x2": -0.9591447710990906}, "datetime": {"datetime": "2021-07-18 15:36:36", "elapsed": 0.364243, "delta": 0.000604}}
{"target": -4.6101393699646, "params": {"x1": 0.2868328094482422, "x2": -1.0997719764709473}, "datetime": {"datetime": "2021-07-18 15:36:36", "elapsed": 0.36485, "delta": 0.000607}}
{"target": -4.6101393699646, "params": {"x1": 0.2868328094482422, "x2": -1.0997719764709473}, "datetime": {"datetime": "2021-07-18 15:36:36", "elapsed": 0.365283, "delta": 0.000433}}
{"target": -4.6101393699646, "params": {"x1": 0.2868328094482422, "x2": -1.0997719764709473}, "datetime": {"datetime": "2021-07-18 15:36:36", "elapsed": 0.365722, "delta": 0.000439}}
{"target": -4.6101393699646, "params": {"x1": 0.2868328094482422, "x2": -1.0997719764709473}, "datetime": {"datetime": "2021-07-18 15:36:36", "elapsed": 0.366143, "delta": 0.000421}}
{"target": -4.6101393699646, "params": {"x1": 0.2868328094482422, "x2": -1.0997719764709473}, "datetime": {"datetime": "2021-07-18 15:36:36", "elapsed": 0.36657, "delta": 0.000427}}
{"target": -7.178381443023682, "params": {"x1": -0.09658124297857285, "x2": 0.7982524633407593}, "datetime": {"datetime": "2021-07-18 15:36:36", "elapsed": 0.367164, "delta": 0.000594}}
{"target": -7.178381443023682, "params": {"x1": -0.09658124297857285, "x2": 0.7982524633407593}, "datetime": {"datetime": "2021-07-18 15:36:36", "elapsed": 0.367593, "delta": 0.000429}}
{"target": -7.178381443023682, "params": {"x1": -0.09658124297857285, "x2": 0.7982524633407593}, "datetime": {"datetime": "2021-07-18 15:36:36", "elapsed": 0.368013, "delta": 0.00042}}
{"target": -3.549422264099121, "params": {"x1": 0.6833979487419128, "x2": -0.025479229167103767}, "datetime": {"datetime": "2021-07-18 15:36:36", "elapsed": 0.368606, "delta": 0.000593}}
{"target": -3.549422264099121, "params": {"x1": 0.6833979487419128, "x2": -0.025479229167103767}, "datetime": {"datetime": "2021-07-18 15:36:36", "elapsed": 0.369033, "delta": 0.000427}}
{"target": -3.549422264099121, "params": {"x1": 0.6833979487419128, "x2": -0.025479229167103767}, "datetime": {"datetime": "2021-07-18 15:36:36", "elapsed": 0.369458, "delta": 0.000425}}
{"target": -4.887397289276123, "params": {"x1": 1.118869423866272, "x2": -0.9125545620918274}, "datetime": {"datetime": "2021-07-18 15:36:36", "elapsed": 0.370109, "delta": 0.000651}}
{"target": -4.887397289276123, "params": {"x1": 1.118869423866272, "x2": -0.9125545620918274}, "datetime": {"datetime": "2021-07-18 15:36:36", "elapsed": 0.370616, "delta": 0.000507}}
{"target": -4.887397289276123, "params": {"x1": 1.118869423866272, "x2": -0.9125545620918274}, "datetime": {"datetime": "2021-07-18 15:36:36", "elapsed": 0.371047, "delta": 0.000431}}
{"target": -3.672092914581299, "params": {"x1": 0.6685602068901062, "x2": -1.3070950508117676}, "datetime": {"datetime": "2021-07-18 15:36:36", "elapsed": 0.371656, "delta": 0.000609}}
{"target": -3.672092914581299, "params": {"x1": 0.6685602068901062, "x2": -1.3070950508117676}, "datetime": {"datetime": "2021-07-18 15:36:36", "elapsed": 0.372094, "delta": 0.000438}}
{"target": -3.672092914581299, "params": {"x1": 0.6685602068901062, "x2": -1.3070950508117676}, "datetime": {"datetime": "2021-07-18 15:36:36", "elapsed": 0.372521, "delta": 0.000427}}
{"target": -3.672092914581299, "params": {"x1": 0.6685602068901062, "x2": -1.3070950508117676}, "datetime": {"datetime": "2021-07-18 15:36:36", "elapsed": 0.37294, "delta": 0.000419}}
{"target": -3.672092914581299, "params": {"x1": 0.6685602068901062, "x2": -1.3070950508117676}, "datetime": {"datetime": "2021-07-18 15:36:36", "elapsed": 0.373361, "delta": 0.000421}}
{"target": -3.672092914581299, "params": {"x1": 0.6685602068901062, "x2": -1.3070950508117676}, "datetime": {"datetime": "2021-07-18 15:36:36", "elapsed": 0.373791, "delta": 0.00043}}
{"target": -5.305004119873047, "params": {"x1": -0.008228386752307415, "x2": 0.2443658858537674}, "datetime": {"datetime": "2021-07-18 15:36:36", "elapsed": 0.374394, "delta": 0.000603}}
{"target": -5.305004119873047, "params": {"x1": -0.008228386752307415, "x2": 0.2443658858537674}, "datetime": {"datetime": "2021-07-18 15:36:36", "elapsed": 0.374825, "delta": 0.000431}}
{"target": -4.365779876708984, "params": {"x1": 0.07648162543773651, "x2": 0.24747790396213531}, "datetime": {"datetime": "2021-07-18 15:36:36", "elapsed": 0.375433, "delta": 0.000608}}
{"target": -4.365779876708984, "params": {"x1": 0.07648162543773651, "x2": 0.24747790396213531}, "datetime": {"datetime": "2021-07-18 15:36:36", "elapsed": 0.375867, "delta": 0.000434}}
{"target": -5.654723167419434, "params": {"x1": 0.39990535378456116, "x2": -0.16695699095726013}, "datetime": {"datetime": "2021-07-18 15:36:36", "elapsed": 0.376467, "delta": 0.0006}}
{"target": -5.654723167419434, "params": {"x1": 0.39990535378456116, "x2": -0.16695699095726013}, "datetime": {"datetime": "2021-07-18 15:36:36", "elapsed": 0.376953, "delta": 0.000486}}
{"target": -5.654723167419434, "params": {"x1": 0.39990535378456116, "x2": -0.16695699095726013}, "datetime": {"datetime": "2021-07-18 15:36:36", "elapsed": 0.377394, "delta": 0.000441}}
{"target": -5.654723167419434, "params": {"x1": 0.39990535378456116, "x2": -0.16695699095726013}, "datetime": {"datetime": "2021-07-18 15:36:36", "elapsed": 0.377828, "delta": 0.000434}}
{"target": -5.654723167419434, "params": {"x1": 0.39990535378456116, "x2": -0.16695699095726013}, "datetime": {"datetime": "2021-07-18 15:36:36", "elapsed": 0.378257, "delta": 0.000429}}
{"target": -4.986993312835693, "params": {"x1": 0.43104586005210876, "x2": 0.182944193482399}, "datetime": {"datetime": "2021-07-18 15:36:36", "elapsed": 0.378861, "delta": 0.000604}}
{"target": -4.986993312835693, "params": {"x1": 0.43104586005210876, "x2": 0.182944193482399}, "datetime": {"datetime": "2021-07-18 15:36:36", "elapsed": 0.379299, "delta": 0.000438}}
{"target": -4.986993312835693, "params": {"x1": 0.43104586005210876, "x2": 0.182944193482399}, "datetime": {"datetime": "2021-07-18 15:36:36", "elapsed": 0.379723, "delta": 0.000424}}
{"target": -4.986993312835693, "params": {"x1": 0.43104586005210876, "x2": 0.182944193482399}, "datetime": {"datetime": "2021-07-18 15:36:36", "elapsed": 0.380148, "delta": 0.000425}}
{"target": -4.986993312835693, "params": {"x1": 0.43104586005210876, "x2": 0.182944193482399}, "datetime": {"datetime": "2021-07-18 15:36:36", "elapsed": 0.38057, "delta": 0.000422}}
{"target": -4.986993312835693, "params": {"x1": 0.43104586005210876, "x2": 0.182944193482399}, "datetime": {"datetime": "2021-07-18 15:36:36", "elapsed": 0.38099, "delta": 0.00042}}
{"target": -5.4876708984375, "params": {"x1": 0.8243650794029236, "x2": 0.4634801745414734}, "datetime": {"datetime": "2021-07-18 15:36:36", "elapsed": 0.381594, "delta": 0.000604}}
{"target": -5.4876708984375, "params": {"x1": 0.8243650794029236, "x2": 0.4634801745414734}, "datetime": {"datetime": "2021-07-18 15:36:36", "elapsed": 0.382042, "delta": 0.000448}}
{"target": -5.4876708984375, "params": {"x1": 0.8243650794029236, "x2": 0.4634801745414734}, "datetime": {"datetime": "2021-07-18 15:36:36", "elapsed": 0.382469, "delta": 0.000427}}
{"target": -5.4876708984375, "params": {"x1": 0.8243650794029236, "x2": 0.4634801745414734}, "datetime": {"datetime": "2021-07-18 15:36:36", "elapsed": 0.382895, "delta": 0.000426}}
{"target": -5.4876708984375, "params": {"x1": 0.8243650794029236, "x2": 0.4634801745414734}, "datetime": {"datetime": "2021-07-18 15:36:36", "elapsed": 0.38332, "delta": 0.000425}}
{"target": -5.4876708984375, "params": {"x1": 0.8243650794029236, "x2": 0.4634801745414734}, "datetime": {"datetime": "2021-07-18 15:36:36", "elapsed": 0.383817, "delta": 0.000497}}
{"target": -5.467247486114502, "params": {"x1": 0.5235219597816467, "x2": 0.2728163003921509}, "datetime": {"datetime": "2021-07-18 15:36:36", "elapsed": 0.384427, "delta": 0.00061}}
{"target": -5.467247486114502, "params": {"x1": 0.5235219597816467, "x2": 0.2728163003921509}, "datetime": {"datetime": "2021-07-18 15:36:36", "elapsed": 0.384867, "delta": 0.00044}}
{"target": -3.97251033782959, "params": {"x1": 0.6503364443778992, "x2": -1.4856157302856445}, "datetime": {"datetime": "2021-07-18 15:36:36", "elapsed": 0.385473, "delta": 0.000606}}
{"target": -3.3084797859191895, "params": {"x1": 0.15132997930049896, "x2": -1.01389479637146}, "datetime": {"datetime": "2021-07-18 15:36:36", "elapsed": 0.386147, "delta": 0.000674}}
{"target": -6.801896095275879, "params": {"x1": 1.875388741493225, "x2": -1.2625644207000732}, "datetime": {"datetime": "2021-07-18 15:36:36", "elapsed": 0.386757, "delta": 0.00061}}
{"target": -6.801896095275879, "params": {"x1": 1.875388741493225, "x2": -1.2625644207000732}, "datetime": {"datetime": "2021-07-18 15:36:36", "elapsed": 0.387194, "delta": 0.000437}}
{"target": -7.06115198135376, "params": {"x1": 1.861944556236267, "x2": 2.172628879547119}, "datetime": {"datetime": "2021-07-18 15:36:36", "elapsed": 0.387799, "delta": 0.000605}}
{"target": -7.06115198135376, "params": {"x1": 1.861944556236267, "x2": 2.172628879547119}, "datetime": {"datetime": "2021-07-18 15:36:36", "elapsed": 0.388241, "delta": 0.000442}}
{"target": -7.06115198135376, "params": {"x1": 1.861944556236267, "x2": 2.172628879547119}, "datetime": {"datetime": "2021-07-18 15:36:36", "elapsed": 0.388671, "delta": 0.00043}}
{"target": -7.06115198135376, "params": {"x1": 1.861944556236267, "x2": 2.172628879547119}, "datetime": {"datetime": "2021-07-18 15:36:36", "elapsed": 0.3891, "delta": 0.000429}}
{"target": -7.06115198135376, "params": {"x1": 1.861944556236267, "x2": 2.172628879547119}, "datetime": {"datetime": "2021-07-18 15:36:36", "elapsed": 0.389525, "delta": 0.000425}}
{"target": -7.06115198135376, "params": {"x1": 1.861944556236267, "x2": 2.172628879547119}, "datetime": {"datetime": "2021-07-18 15:36:36", "elapsed": 0.389962, "delta": 0.000437}}
{"target": -7.06115198135376, "params": {"x1": 1.861944556236267, "x2": 2.172628879547119}, "datetime": {"datetime": "2021-07-18 15:36:36", "elapsed": 0.390389, "delta": 0.000427}}
{"target": -7.06115198135376, "params": {"x1": 1.861944556236267, "x2": 2.172628879547119}, "datetime": {"datetime": "2021-07-18 15:36:36", "elapsed": 0.39082, "delta": 0.000431}}
{"target": -7.06115198135376, "params": {"x1": 1.861944556236267, "x2": 2.172628879547119}, "datetime": {"datetime": "2021-07-18 15:36:36", "elapsed": 0.391249, "delta": 0.000429}}
{"target": -7.06115198135376, "params": {"x1": 1.861944556236267, "x2": 2.172628879547119}, "datetime": {"datetime": "2021-07-18 15:36:36", "elapsed": 0.391681, "delta": 0.000432}}
{"target": -7.06115198135376, "params": {"x1": 1.861944556236267, "x2": 2.172628879547119}, "datetime": {"datetime": "2021-07-18 15:36:36", "elapsed": 0.392109, "delta": 0.000428}}
{"target": -1.9825901985168457, "params": {"x1": 0.22404761612415314, "x2": 0.16382797062397003}, "datetime": {"datetime": "2021-07-18 15:36:36", "elapsed": 0.392718, "delta": 0.000609}}
{"target": -1.8837779760360718, "params": {"x1": 0.5260620713233948, "x2": -1.465786099433899}, "datetime": {"datetime": "2021-07-18 15:36:36", "elapsed": 0.393327, "delta": 0.000609}}
{"target": -2.0966179370880127, "params": {"x1": -1.184537410736084, "x2": 0.7854079604148865}, "datetime": {"datetime": "2021-07-18 15:36:36", "elapsed": 0.394, "delta": 0.000673}}
{"target": -3.406303644180298, "params": {"x1": -1.4575366973876953, "x2": 0.6509060859680176}, "datetime": {"datetime": "2021-07-18 15:36:36", "elapsed": 0.394617, "delta": 0.000617}}
{"target": -5.4573073387146, "params": {"x1": -0.28154700994491577, "x2": 1.7235876321792603}, "datetime": {"datetime": "2021-07-18 15:36:36", "elapsed": 0.395229, "delta": 0.000612}}
{"target": -6.3285112380981445, "params": {"x1": 1.4981187582015991, "x2": 1.249178171157837}, "datetime": {"datetime": "2021-07-18 15:36:36", "elapsed": 0.395841, "delta": 0.000612}}
