{"target": -4.105396270751953, "params": {"x1": -0.595004141330719, "x2": -1.4638135433197021}, "datetime": {"datetime": "2021-07-18 15:36:36", "elapsed": 0.169187, "delta": 0.0007}}
{"target": -4.105396270751953, "params": {"x1": -0.595004141330719, "x2": -1.4638135433197021}, "datetime": {"datetime": "2021-07-18 15:36:36", "elapsed": 0.169494, "delta": 0.000307}}
{"target": -5.437941074371338, "params": {"x1": 0.24083632230758667, "x2": -0.39192530512809753}, "datetime": {"datetime": "2021-07-18 15:36:36", "elapsed": 0.170021, "delta": 0.000527}}
{"target": -3.5408942699432373, "params": {"x1": -2.3179564476013184, "x2": -1.5928043127059937}, "datetime": {"datetime": "2021-07-18 15:36:36", "elapsed": 0.170544, "delta": 0.000523}}
{"target": -3.5408942699432373, "params": {"x1": -2.3179564476013184, "x2": -1.5928043127059937}, "datetime": {"datetime": "2021-07-18 15:36:36", "elapsed": 0.170853, "delta": 0.000309}}
{"target": -2.864466667175293, "params": {"x1": -0.7668924331665039, "x2": -0.7236549258232117}, "datetime": {"datetime": "2021-07-18 15:36:36", "elapsed": 0.171328, "delta": 0.000475}}
{"target": -3.2766549587249756, "params": {"x1": 0.8539193272590637, "x2": 1.3753548860549927}, "datetime": {"datetime": "2021-07-18 15:36:36", "elapsed": 0.171809, "delta": 0.000481}}
{"target": -5.703865051269531, "params": {"x1": 1.7743884325027466, "x2": 1.4625015258789062}, "datetime": {"datetime": "2021-07-18 15:36:36", "elapsed": 0.172288, "delta": 0.000479}}
{"target": -1.6506786346435547, "params": {"x1": -0.906094491481781, "x2": -0.34462252259254456}, "datetime": {"datetime": "2021-07-18 15:36:36", "elapsed": 0.172767, "delta": 0.000479}}
{"target": -6.031595230102539, "params": {"x1": -0.8680985569953918, "x2": 0.03714213892817497}, "datetime": {"datetime": "2021-07-18 15:36:36", "elapsed": 0.173255, "delta": 0.000488}}
{"target": -5.055105686187744, "params": {"x1": -0.45007675886154175, "x2": 0.4138718247413635}, "datetime": {"datetime": "2021-07-18 15:36:36", "elapsed": 0.173759, "delta": 0.000504}}
{"target": -2.48260760307312, "params": {"x1": 0.64540034532547, "x2": -1.0653364658355713}, "datetime": {"datetime": "2021-07-18 15:36:36", "elapsed": 0.174244, "delta": 0.000485}}
{"target": -4.228072166442871, "params": {"x1": 0.4159761369228363, "x2": -0.7732301354408264}, "datetime": {"datetime": "2021-07-18 15:36:36", "elapsed": 0.174725, "delta": 0.000481}}
{"target": -4.228072166442871, "params": {"x1": 0.4159761369228363, "x2": -0.7732301354408264}, "datetime": {"datetime": "2021-07-18 15:36:36", "elapsed": 0.175035, "delta": 0.00031}}
{"target": -4.681403160095215, "params": {"x1": 0.25391900539398193, "x2": 1.1428356170654297}, "datetime": {"datetime": "2021-07-18 15:36:36", "elapsed": 0.175507, "delta": 0.000472}}
{"target": -4.681403160095215, "params": {"x1": 0.25391900539398193, "x2": 1.1428356170654297}, "datetime": {"datetime": "2021-07-18 15:36:36", "elapsed": 0.175823, "delta": 0.000316}}
{"target": -4.681403160095215, "params": {"x1": 0.25391900539398193, "x2": 1.1428356170654297}, "datetime": {"datetime": "2021-07-18 15:36:36", "elapsed": 0.176128, "delta": 0.000305}}
{"target": -4.026607990264893, "params": {"x1": -0.7174144983291626, "x2": 0.6258875131607056}, "datetime": {"datetime": "2021-07-18 15:36:36", "elapsed": 0.176605, "delta": 0.000477}}
{"target": -4.044145584106445, "params": {"x1": 0.6991406679153442, "x2": -1.0105520486831665}, "datetime": {"datetime": "2021-07-18 15:36:36", "elapsed": 0.177142, "delta": 0.000537}}
{"target": -4.044145584106445, "params": {"x1": 0.6991406679153442, "x2": -1.0105520486831665}, "datetime": {"datetime": "2021-07-18 15:36:36", "elapsed": 0.177455, "delta": 0.000313}}
{"target": -5.457707405090332, "params": {"x1": 0.9187757968902588, "x2": -0.5295901894569397}, "datetime": {"datetime": "2021-07-18 15:36:36", "elapsed": 0.177949, "delta": 0.000494}}
{"target": -3.1198508739471436, "params": {"x1": -0.9542103409767151, "x2": -1.6644023656845093}, "datetime": {"datetime": "2021-07-18 15:36:36", "elapsed": 0.178435, "delta": 0.000486}}
{"target": -3.1198508739471436, "params": {"x1": -0.9542103409767151, "x2": -1.6644023656845093}, "datetime": {"datetime": "2021-07-18 15:36:36", "elapsed": 0.178746, "delta": 0.000311}}
{"target": -3.044785976409912, "params": {"x1": -0.3197358250617981, "x2": -0.5582399368286133}, "datetime": {"datetime": "2021-07-18 15:36:36", "elapsed": 0.179238, "delta": 0.000492}}
{"target": -3.044785976409912, "params": {"x1": -0.3197358250617981, "x2": -0.5582399368286133}, "datetime": {"datetime": "2021-07-18 15:36:36", "elapsed": 0.179548, "delta": 0.00031}}
{"target": -3.044785976409912, "params": {"x1": -0.3197358250617981, "x2": -0.5582399368286133}, "datetime": {"datetime": "2021-07-18 15:36:36", "elapsed": 0.179851, "delta": 0.000303}}
{"target": -3.044785976409912, "params": {"x1": -0.3197358250617981, "x2": -0.5582399368286133}, "datetime": {"datetime": "2021-07-18 15:36:36", "elapsed": 0.180152, "delta": 0.000301}}
{"target": -3.044785976409912, "params": {"x1": -0.3197358250617981, "x2": -0.5582399368286133}, "datetime": {"datetime": "2021-07-18 15:36:36", "elapsed": 0.180453, "delta": 0.000301}}
{"target": -3.044785976409912, "params": {"x1": -0.3197358250617981, "x2": -0.5582399368286133}, "datetime": {"datetime": "2021-07-18 15:36:36", "elapsed": 0.180752, "delta": 0.000299}}
{"target": -3.044785976409912, "params": {"x1": -0.3197358250617981, "x2": -0.5582399368286133}, "datetime": {"datetime": "2021-07-18 15:36:36", "elapsed": 0.181053, "delta": 0.000301}}
{"target": -3.044785976409912, "params": {"x1": -0.3197358250617981, "x2": -0.5582399368286133}, "datetime": {"datetime": "2021-07-18 15:36:36", "elapsed": 0.181351, "delta": 0.000298}}
{"target": -3.7704644203186035, "params": {"x1": 1.450609803199768, "x2": -2.1240861415863037}, "datetime": {"datetime": "2021-07-18 15:36:36", "elapsed": 0.181833, "delta": 0.000482}}
{"target": -3.7704644203186035, "params": {"x1": 1.450609803199768, "x2": -2.1240861415863037}, "datetime": {"datetime": "2021-07-18 15:36:36", "elapsed": 0.182146, "delta": 0.000313}}
{"target": -5.484628200531006, "params": {"x1": 0.7642406225204468, "x2": 2.2373695373535156}, "datetime": {"datetime": "2021-07-18 15:36:36", "elapsed": 0.182641, "delta": 0.000495}}
{"target": -5.484628200531006, "params": {"x1": 0.7642406225204468, "x2": 2.2373695373535156}, "datetime": {"datetime": "2021-07-18 15:36:36", "elapsed": 0.182956, "delta": 0.000315}}
{"target": -5.484628200531006, "params": {"x1": 0.7642406225204468, "x2": 2.2373695373535156}, "datetime": {"datetime": "2021-07-18 15:36:36", "elapsed": 0.183262, "delta": 0.000306}}
{"target": -6.898182392120361, "params": {"x1": 1.9138009548187256, "x2": 0.9599182605743408}, "datetime": {"datetime": "2021-07-18 15:36:36", "elapsed": 0.183788, "delta": 0.000526}}
{"target": -4.112517833709717, "params": {"x1": 0.17482025921344757, "x2": -0.18342575430870056}, "datetime": {"datetime": "2021-07-18 15:36:36", "elapsed": 0.184342, "delta": 0.000554}}
{"target": -4.112517833709717, "params": {"x1": 0.17482025921344757, "x2": -0.18342575430870056}, "datetime": {"datetime": "2021-07-18 15:36:36", "elapsed": 0.1847, "delta": 0.000358}}
{"target": -1.4275093078613281, "params": {"x1": -1.1807502508163452, "x2": 0.939643383026123}, "datetime": {"datetime": "2021-07-18 15:36:36", "elapsed": 0.185228, "delta": 0.000528}}
{"target": -1.4275093078613281, "params": {"x1": -1.1807502508163452, "x2": 0.939643383026123}, "datetime": {"datetime": "2021-07-18 15:36:36", "elapsed": 0.18556, "delta": 0.000332}}
{"target": -6.817677021026611, "params": {"x1": 0.4770564138889313, "x2": 1.7073947191238403}, "datetime": {"datetime": "2021-07-18 15:36:36", "elapsed": 0.186079, "delta": 0.000519}}
{"target": -6.065120220184326, "params": {"x1": 1.0429801940917969, "x2": -0.2728694975376129}, "datetime": {"datetime": "2021-07-18 15:36:36", "elapsed": 0.186589, "delta": 0.00051}}
{"target": -3.027513265609741, "params": {"x1": -1.4936561584472656, "x2": -0.13458259403705597}, "datetime": {"datetime": "2021-07-18 15:36:36", "elapsed": 0.1871, "delta": 0.000511}}
{"target": -3.027513265609741, "params": {"x1": -1.4936561584472656, "x2": -0.13458259403705597}, "datetime": {"datetime": "2021-07-18 15:36:36", "elapsed": 0.187435, "delta": 0.000335}}
{"target": -3.027513265609741, "params": {"x1": -1.4936561584472656, "x2": -0.13458259403705597}, "datetime": {"datetime": "2021-07-18 15:36:36", "elapsed": 0.18776, "delta": 0.000325}}
{"target": -4.11791467666626, "params": {"x1": 0.5397310256958008, "x2": 0.5423157811164856}, "datetime": {"datetime": "2021-07-18 15:36:36", "elapsed": 0.188262, "delta": 0.000502}}
{"target": -4.11791467666626, "params": {"x1": 0.5397310256958008, "x2": 0.5423157811164856}, "datetime": {"datetime": "2021-07-18 15:36:36", "elapsed": 0.188595, "delta": 0.000333}}
{"target": -3.6975340843200684, "params": {"x1": -1.0810555219650269, "x2": 0.024238986894488335}, "datetime": {"datetime": "2021-07-18 15:36:36", "elapsed": 0.189095, "delta": 0.0005}}
{"target": -2.7479934692382812, "params": {"x1": -0.08472306281328201, "x2": 0.28252723813056946}, "datetime": {"datetime": "2021-07-18 15:36:36", "elapsed": 0.189604, "delta": 0.000509}}
{"target": -2.406111478805542, "params": {"x1": -0.8211768269538879, "x2": -0.3861907422542572}, "datetime": {"datetime": "2021-07-18 15:36:36", "elapsed": 0.190126, "delta": 0.000522}}
{"target": -3.990145683288574, "params": {"x1": -0.35945725440979004, "x2": 0.6405739784240723}, "datetime": {"datetime": "2021-07-18 15:36:36", "elapsed": 0.190638, "delta": 0.000512}}
{"target": -3.990145683288574, "params": {"x1": -0.35945725440979004, "x2": 0.6405739784240723}, "datetime": {"datetime": "2021-07-18 15:36:36", "elapsed": 0.19097, "delta": 0.000332}}
{"target": -3.990145683288574, "params": {"x1": -0.35945725440979004, "x2": 0.6405739784240723}, "datetime": {"datetime": "2021-07-18 15:36:36", "elapsed": 0.191298, "delta": 0.000328}}
{"target": -3.990145683288574, "params": {"x1": -0.35945725440979004, "x2": 0.6405739784240723}, "datetime": {"datetime": "2021-07-18 15:36:36", "elapsed": 0.19162, "delta": 0.000322}}
{"target": -3.990145683288574, "params": {"x1": -0.35945725440979004, "x2": 0.6405739784240723}, "datetime": {"datetime": "2021-07-18 15:36:36", "elapsed": 0.191943, "delta": 0.000323}}
{"target": -3.990145683288574, "params": {"x1": -0.35945725440979004, "x2": 0.6405739784240723}, "datetime": {"datetime": "2021-07-18 15:36:36", "elapsed": 0.192262, "delta": 0.000319}}
{"target": -3.1053900718688965, "params": {"x1": 1.6433145999908447, "x2": -1.3693593740463257}, "datetime": {"datetime": "2021-07-18 15:36:36", "elapsed": 0.192762, "delta": 0.0005}}
{"target": -5.84747314453125, "params": {"x1": 0.9949536919593811, "x2": -1.4026533365249634}, "datetime": {"datetime": "2021-07-18 15:36:36", "elapsed": 0.193269, "delta": 0.000507}}
{"target": -5.84747314453125, "params": {"x1": 0.9949536919593811, "x2": -1.4026533365249634}, "datetime": {"datetime": "2021-07-18 15:36:36", "elapsed": 0.193665, "delta": 0.000396}}
{"target": -4.15956449508667, "params": {"x1": 1.15656316280365, "x2": -0.30707496404647827}, "datetime": {"datetime": "2021-07-18 15:36:36", "elapsed": 0.194176, "delta": 0.000511}}
{"target": -5.167550563812256, "params": {"x1": 0.2690545618534088, "x2": 0.008886533789336681}, "datetime": {"datetime": "2021-07-18 15:36:36", "elapsed": 0.194689, "delta": 0.000513}}
{"target": -1.6755340099334717, "params": {"x1": 0.01691739819943905, "x2": 0.5263259410858154}, "datetime": {"datetime": "2021-07-18 15:36:36", "elapsed": 0.195196, "delta": 0.000507}}
{"target": -2.6285555362701416, "params": {"x1": 1.3061575889587402, "x2": -1.8084080219268799}, "datetime": {"datetime": "2021-07-18 15:36:36", "elapsed": 0.195705, "delta": 0.000509}}
{"target": -1.915820837020874, "params": {"x1": -0.4323408901691437, "x2": -0.22059734165668488}, "datetime": {"datetime": "2021-07-18 15:36:36", "elapsed": 0.196213, "delta": 0.000508}}
{"target": -2.9751174449920654, "params": {"x1": -0.39920157194137573, "x2": -0.9297109842300415}, "datetime": {"datetime": "2021-07-18 15:36:36", "elapsed": 0.196719, "delta": 0.000506}}
{"target": -2.9751174449920654, "params": {"x1": -0.39920157194137573, "x2": -0.9297109842300415}, "datetime": {"datetime": "2021-07-18 15:36:36", "elapsed": 0.197075, "delta": 0.000356}}
{"target": -2.9751174449920654, "params": {"x1": -0.39920157194137573, "x2": -0.9297109842300415}, "datetime": {"datetime": "2021-07-18 15:36:36", "elapsed": 0.197418, "delta": 0.000343}}
{"target": -5.489482402801514, "params": {"x1": 0.8520749807357788, "x2": -1.4860504865646362}, "datetime": {"datetime": "2021-07-18 15:36:36", "elapsed": 0.197928, "delta": 0.00051}}
{"target": -3.6637024879455566, "params": {"x1": 0.0329488180577755, "x2": -0.32648909091949463}, "datetime": {"datetime": "2021-07-18 15:36:36", "elapsed": 0.198437, "delta": 0.000509}}
{"target": -3.6637024879455566, "params": {"x1": 0.0329488180577755, "x2": -0.32648909091949463}, "datetime": {"datetime": "2021-07-18 15:36:36", "elapsed": 0.198774, "delta": 0.000337}}
{"target": -3.6637024879455566, "params": {"x1": 0.0329488180577755, "x2": -0.32648909091949463}, "datetime": {"datetime": "2021-07-18 15:36:36", "elapsed": 0.199107, "delta": 0.000333}}
{"target": -2.9707534313201904, "params": {"x1": 1.2779955863952637, "x2": -1.7395398616790771}, "datetime": {"datetime": "2021-07-18 15:36:36", "elapsed": 0.199607, "delta": 0.0005}}
{"target": -4.535504341125488, "params": {"x1": 1.3462589979171753, "x2": -1.6580263376235962}, "datetime": {"datetime": "2021-07-18 15:36:36", "elapsed": 0.200122, "delta": 0.000515}}
{"target": -4.535504341125488, "params": {"x1": 1.3462589979171753, "x2": -1.6580263376235962}, "datetime": {"datetime": "2021-07-18 15:36:36", "elapsed": 0.200461, "delta": 0.000339}}
{"target": -4.535504341125488, "params": {"x1": 1.3462589979171753, "x2": -1.6580263376235962}, "datetime": {"datetime": "2021-07-18 15:36:36", "elapsed": 0.200795, "delta": 0.000334}}
{"target": -5.7608842849731445, "params": {"x1": 0.01762307994067669, "x2": 1.0386160612106323}, "datetime": {"datetime": "2021-07-18 15:36:36", "elapsed": 0.201301, "delta": 0.000506}}
{"target": -3.4366908073425293, "params": {"x1": 0.6268176436424255, "x2": -0.5115848779678345}, "datetime": {"datetime": "2021-07-18 15:36:36", "elapsed": 0.201827, "delta": 0.000526}}
{"target": -3.722287654876709, "params": {"x1": -1.2741512060165405, "x2": 0.3946226239204407}, "datetime": {"datetime": "2021-07-18 15:36:36", "elapsed": 0.202341, "delta": 0.000514}}
{"target": -0.485253244638443, "params": {"x1": -0.44025033712387085, "x2": -0.24811258912086487}, "datetime": {"datetime": "2021-07-18 15:36:36", "elapsed": 0.202857, "delta": 0.000516}}
{"target": -0.485253244638443, "params": {"x1": -0.44025033712387085, "x2": -0.24811258912086487}, "datetime": {"datetime": "2021-07-18 15:36:36", "elapsed": 0.203199, "delta": 0.000342}}
{"target": -2.460108995437622, "params": {"x1": -0.13968797028064728, "x2": -1.5580800771713257}, "datetime": {"datetime": "2021-07-18 15:36:36", "elapsed": 0.203716, "delta": 0.000517}}
{"target": -4.15694522857666, "params": {"x1": 1.621694564819336, "x2": -0.11941836029291153}, "datetime": {"datetime": "2021-07-18 15:36:36", "elapsed": 0.204228, "delta": 0.000512}}
{"target": -3.718625545501709, "params": {"x1": -1.1209005117416382, "x2": 2.849227712431457e-05}, "datetime": {"datetime": "2021-07-18 15:36:36", "elapsed": 0.204748, "delta": 0.00052}}
{"target": -3.718625545501709, "params": {"x1": -1.1209005117416382, "x2": 2.849227712431457e-05}, "datetime": {"datetime": "2021-07-18 15:36:36", "elapsed": 0.205095, "delta": 0.000347}}
{"target": -5.806460380554199, "params": {"x1": 1.3835493326187134, "x2": 1.340224027633667}, "datetime": {"datetime": "2021-07-18 15:36:36", "elapsed": 0.205622, "delta": 0.000527}}
{"target": -5.806460380554199, "params": {"x1": 1.3835493326187134, "x2": 1.340224027633667}, "datetime": {"datetime": "2021-07-18 15:36:36", "elapsed": 0.205971, "delta": 0.000349}}
{"target": -5.0921430587768555, "params": {"x1": -0.13408313691616058, "x2": 0.928976833820343}, "datetime": {"datetime": "2021-07-18 15:36:36", "elapsed": 0.206486, "delta": 0.000515}}
{"target": -5.0921430587768555, "params": {"x1": -0.13408313691616058, "x2": 0.928976833820343}, "datetime": {"datetime": "2021-07-18 15:36:36", "elapsed": 0.206833, "delta": 0.000347}}
{"target": -5.997488021850586, "params": {"x1": 0.3188803195953369, "x2": 0.524500846862793}, "datetime": {"datetime": "2021-07-18 15:36:36", "elapsed": 0.207348, "delta": 0.000515}}
{"target": -5.9922332763671875, "params": {"x1": 1.195958137512207, "x2": 0.49002620577812195}, "datetime": {"datetime": "2021-07-18 15:36:36", "elapsed": 0.207869, "delta": 0.000521}}
{"target": -3.9329111576080322, "params": {"x1": -0.3924786448478699, "x2": -1.7024588584899902}, "datetime": {"datetime": "2021-07-18 15:36:36", "elapsed": 0.208392, "delta": 0.000523}}
{"target": -5.370668888092041, "params": {"x1": 1.0860532522201538, "x2": 1.253916621208191}, "datetime": {"datetime": "2021-07-18 15:36:36", "elapsed": 0.20891, "delta": 0.000518}}
{"target": -5.370668888092041, "params": {"x1": 1.0860532522201538, "x2": 1.253916621208191}, "datetime": {"datetime": "2021-07-18 15:36:36", "elapsed": 0.209258, "delta": 0.000348}}
{"target": -5.370668888092041, "params": {"x1": 1.0860532522201538, "x2": 1.253916621208191}, "datetime": {"datetime": "2021-07-18 15:36:36", "elapsed": 0.209595, "delta": 0.000337}}
{"target": -5.924466133117676, "params": {"x1": -0.7939430475234985, "x2": 2.244685411453247}, "datetime": {"datetime": "2021-07-18 15:36:36", "elapsed": 0.21017, "delta": 0.000575}}
{"target": -7.130987644195557, "params": {"x1": 1.294582724571228, "x2": 0.6899225115776062}, "datetime": {"datetime": "2021-07-18 15:36:36", "elapsed": 0.210736, "delta": 0.000566}}
{"target": -7.130987644195557, "params": {"x1": 1.294582724571228, "x2": 0.6899225115776062}, "datetime": {"datetime": "2021-07-18 15:36:36", "elapsed": 0.211089, "delta": 0.000353}}
{"target": -0.6570788621902466, "params": {"x1": -0.7508030533790588, "x2": -0.33510181307792664}, "datetime": {"datetime": "2021-07-18 15:36:36", "elapsed": 0.211606, "delta": 0.000517}}
{"target": -1.8717710971832275, "params": {"x1": -0.788766622543335, "x2": -1.3158544301986694}, "datetime": {"datetime": "2021-07-18 15:36:36", "elapsed": 0.21213, "delta": 0.000524}}
{"target": -1.8717710971832275, "params": {"x1": -0.788766622543335, "x2": -1.3158544301986694}, "datetime": {"datetime": "2021-07-18 15:36:36", "elapsed": 0.212479, "delta": 0.000349}}
{"target": -1.8717710971832275, "params": {"x1": -0.788766622543335, "x2": -1.3158544301986694}, "datetime": {"datetime": "2021-07-18 15:36:36", "elapsed": 0.212822, "delta": 0.000343}}
{"target": -1.8717710971832275, "params": {"x1": -0.788766622543335, "x2": -1.3158544301986694}, "datetime": {"datetime": "2021-07-18 15:36:36", "elapsed": 0.21316, "delta": 0.000338}}
{"target": -3.0060360431671143, "params": {"x1": -1.2660012245178223, "x2": -0.5115394592285156}, "datetime": {"datetime": "2021-07-18 15:36:36", "elapsed": 0.213693, "delta": 0.000533}}
{"target": -3.0060360431671143, "params": {"x1": -1.2660012245178223, "x2": -0.5115394592285156}, "datetime": {"datetime": "2021-07-18 15:36:36", "elapsed": 0.214043, "delta": 0.00035}}
{"target": -3.0060360431671143, "params": {"x1": -1.2660012245178223, "x2": -0.5115394592285156}, "datetime": {"datetime": "2021-07-18 15:36:36", "elapsed": 0.214385, "delta": 0.000342}}
{"target": -3.0060360431671143, "params": {"x1": -1.2660012245178223, "x2": -0.5115394592285156}, "datetime": {"datetime": "2021-07-18 15:36:36", "elapsed": 0.214723, "delta": 0.000338}}
{"target": -5.91627836227417, "params": {"x1": 0.5666652917861938, "x2": -0.011143443174660206}, "datetime": {"datetime": "2021-07-18 15:36:36", "elapsed": 0.215238, "delta": 0.000515}}
{"target": -7.994734287261963, "params": {"x1": 2.0207436084747314, "x2": -0.5776898264884949}, "datetime": {"datetime": "2021-07-18 15:36:36", "elapsed": 0.215759, "delta": 0.000521}}
{"target": -7.994734287261963, "params": {"x1": 2.0207436084747314, "x2": -0.5776898264884949}, "datetime": {"datetime": "2021-07-18 15:36:36", "elapsed": 0.21611, "delta": 0.000351}}
{"target": -5.031268119812012, "params": {"x1": -1.2123126983642578, "x2": 0.3184404969215393}, "datetime": {"datetime": "2021-07-18 15:36:36", "elapsed": 0.216627, "delta": 0.000517}}
{"target": -5.657692909240723, "params": {"x1": -0.21844321489334106, "x2": 1.8695621490478516}, "datetime": {"datetime": "2021-07-18 15:36:36", "elapsed": 0.217154, "delta": 0.000527}}
{"target": -3.0744364261627197, "params": {"x1": -0.06347727030515671, "x2": 0.5863364338874817}, "datetime": {"datetime": "2021-07-18 15:36:36", "elapsed": 0.217682, "delta": 0.000528}}
{"target": -3.0744364261627197, "params": {"x1": -0.06347727030515671, "x2": 0.5863364338874817}, "datetime": {"datetime": "2021-07-18 15:36:36", "elapsed": 0.218036, "delta": 0.000354}}
{"target": -3.0744364261627197, "params": {"x1": -0.06347727030515671, "x2": 0.5863364338874817}, "datetime": {"datetime": "2021-07-18 15:36:36", "elapsed": 0.218381, "delta": 0.000345}}
{"target": -7.647763252258301, "params": {"x1": 2.1477253437042236, "x2": -0.7637909650802612}, "datetime": {"datetime": "2021-07-18 15:36:36", "elapsed": 0.218902, "delta": 0.000521}}
{"target": -7.647763252258301, "params": {"x1": 2.1477253437042236, "x2": -0.7637909650802612}, "datetime": {"datetime": "2021-07-18 15:36:36", "elapsed": 0.219252, "delta": 0.00035}}
{"target": -7.647763252258301, "params": {"x1": 2.1477253437042236, "x2": -0.7637909650802612}, "datetime": {"datetime": "2021-07-18 15:36:36", "elapsed": 0.219596, "delta": 0.000344}}
