{"target": -5.15861701965332, "params": {"x1": 0.35730111598968506, "x2": 1.2105144262313843}, "datetime": {"datetime": "2021-07-18 15:36:36", "elapsed": 0.278657, "delta": 0.000414}}
{"target": -4.320511817932129, "params": {"x1": -0.676629364490509, "x2": 0.737216591835022}, "datetime": {"datetime": "2021-07-18 15:36:36", "elapsed": 0.279263, "delta": 0.000606}}
{"target": -4.080959320068359, "params": {"x1": 0.12306158244609833, "x2": -0.042423129081726074}, "datetime": {"datetime": "2021-07-18 15:36:36", "elapsed": 0.279873, "delta": 0.00061}}
{"target": -4.080959320068359, "params": {"x1": 0.12306158244609833, "x2": -0.042423129081726074}, "datetime": {"datetime": "2021-07-18 15:36:36", "elapsed": 0.280298, "delta": 0.000425}}
{"target": -6.131851673126221, "params": {"x1": 0.041759490966796875, "x2": 0.7250922322273254}, "datetime": {"datetime": "2021-07-18 15:36:36", "elapsed": 0.280902, "delta": 0.000604}}
{"target": -6.131851673126221, "params": {"x1": 0.041759490966796875, "x2": 0.7250922322273254}, "datetime": {"datetime": "2021-07-18 15:36:36", "elapsed": 0.281323, "delta": 0.000421}}
{"target": -2.2065253257751465, "params": {"x1": 0.6661149263381958, "x2": 0.19585292041301727}, "datetime": {"datetime": "2021-07-18 15:36:36", "elapsed": 0.281938, "delta": 0.000615}}
{"target": -2.2065253257751465, "params": {"x1": 0.6661149263381958, "x2": 0.19585292041301727}, "datetime": {"datetime": "2021-07-18 15:36:36", "elapsed": 0.282327, "delta": 0.000389}}
{"target": -5.116726875305176, "params": {"x1": 0.12505611777305603, "x2": -1.0222959518432617}, "datetime": {"datetime": "2021-07-18 15:36:36", "elapsed": 0.28288, "delta": 0.000553}}
{"target": -5.116726875305176, "params": {"x1": 0.12505611777305603, "x2": -1.0222959518432617}, "datetime": {"datetime": "2021-07-18 15:36:36", "elapsed": 0.283268, "delta": 0.000388}}
{"target": -5.116726875305176, "params": {"x1": 0.12505611777305603, "x2": -1.0222959518432617}, "datetime": {"datetime": "2021-07-18 15:36:36", "elapsed": 0.283647, "delta": 0.000379}}
{"target": -5.116726875305176, "params": {"x1": 0.12505611777305603, "x2": -1.0222959518432617}, "datetime": {"datetime": "2021-07-18 15:36:36", "elapsed": 0.284027, "delta": 0.00038}}
{"target": -2.8337881565093994, "params": {"x1": -0.1360345333814621, "x2": 1.6909829378128052}, "datetime": {"datetime": "2021-07-18 15:36:36", "elapsed": 0.284578, "delta": 0.000551}}
{"target": -2.8337881565093994, "params": {"x1": -0.1360345333814621, "x2": 1.6909829378128052}, "datetime": {"datetime": "2021-07-18 15:36:36", "elapsed": 0.284968, "delta": 0.00039}}
{"target": -2.8337881565093994, "params": {"x1": -0.1360345333814621, "x2": 1.6909829378128052}, "datetime": {"datetime": "2021-07-18 15:36:36", "elapsed": 0.285349, "delta": 0.000381}}
{"target": -2.8337881565093994, "params": {"x1": -0.1360345333814621, "x2": 1.6909829378128052}, "datetime": {"datetime": "2021-07-18 15:36:36", "elapsed": 0.285758, "delta": 0.000409}}
{"target": -2.8337881565093994, "params": {"x1": -0.1360345333814621, "x2": 1.6909829378128052}, "datetime": {"datetime": "2021-07-18 15:36:36", "elapsed": 0.286143, "delta": 0.000385}}
{"target": -2.8337881565093994, "params": {"x1": -0.1360345333814621, "x2": 1.6909829378128052}, "datetime": {"datetime": "2021-07-18 15:36:36", "elapsed": 0.286522, "delta": 0.000379}}
{"target": -5.235468864440918, "params": {"x1": 1.4384385347366333, "x2": -1.750167965888977}, "datetime": {"datetime": "2021-07-18 15:36:36", "elapsed": 0.287078, "delta": 0.000556}}
{"target": -5.235468864440918, "params": {"x1": 1.4384385347366333, "x2": -1.750167965888977}, "datetime": {"datetime": "2021-07-18 15:36:36", "elapsed": 0.287469, "delta": 0.000391}}
{"target": -2.9783706665039062, "params": {"x1": -0.7149624228477478, "x2": 1.0763427019119263}, "datetime": {"datetime": "2021-07-18 15:36:36", "elapsed": 0.288025, "delta": 0.000556}}
{"target": -2.9783706665039062, "params": {"x1": -0.7149624228477478, "x2": 1.0763427019119263}, "datetime": {"datetime": "2021-07-18 15:36:36", "elapsed": 0.288415, "delta": 0.00039}}
{"target": -4.13910436630249, "params": {"x1": 1.0229133367538452, "x2": 0.6574704647064209}, "datetime": {"datetime": "2021-07-18 15:36:36", "elapsed": 0.288972, "delta": 0.000557}}
{"target": -4.13910436630249, "params": {"x1": 1.0229133367538452, "x2": 0.6574704647064209}, "datetime": {"datetime": "2021-07-18 15:36:36", "elapsed": 0.289362, "delta": 0.00039}}
{"target": -2.5548839569091797, "params": {"x1": -0.09572362899780273, "x2": -0.25278961658477783}, "datetime": {"datetime": "2021-07-18 15:36:36", "elapsed": 0.28993, "delta": 0.000568}}
{"target": -5.3894429206848145, "params": {"x1": -0.9320061206817627, "x2": 0.47731438279151917}, "datetime": {"datetime": "2021-07-18 15:36:36", "elapsed": 0.290567, "delta": 0.000637}}
{"target": -5.3894429206848145, "params": {"x1": -0.9320061206817627, "x2": 0.47731438279151917}, "datetime": {"datetime": "2021-07-18 15:36:36", "elapsed": 0.290961, "delta": 0.000394}}
{"target": -5.3894429206848145, "params": {"x1": -0.9320061206817627, "x2": 0.47731438279151917}, "datetime": {"datetime": "2021-07-18 15:36:36", "elapsed": 0.291349, "delta": 0.000388}}
{"target": -6.392069339752197, "params": {"x1": 1.1366126537322998, "x2": -0.3609623908996582}, "datetime": {"datetime": "2021-07-18 15:36:36", "elapsed": 0.291907, "delta": 0.000558}}
{"target": -1.3068699836730957, "params": {"x1": -0.38583096861839294, "x2": -0.21163156628608704}, "datetime": {"datetime": "2021-07-18 15:36:36", "elapsed": 0.292479, "delta": 0.000572}}
{"target": -1.3068699836730957, "params": {"x1": -0.38583096861839294, "x2": -0.21163156628608704}, "datetime": {"datetime": "2021-07-18 15:36:36", "elapsed": 0.292872, "delta": 0.000393}}
{"target": -5.4238996505737305, "params": {"x1": -1.647040605545044, "x2": -0.17274071276187897}, "datetime": {"datetime": "2021-07-18 15:36:36", "elapsed": 0.293432, "delta": 0.00056}}
{"target": -5.4238996505737305, "params": {"x1": -1.647040605545044, "x2": -0.17274071276187897}, "datetime": {"datetime": "2021-07-18 15:36:36", "elapsed": 0.293878, "delta": 0.000446}}
{"target": -4.193524360656738, "params": {"x1": -0.6076440215110779, "x2": 1.1349895000457764}, "datetime": {"datetime": "2021-07-18 15:36:36", "elapsed": 0.294447, "delta": 0.000569}}
{"target": -0.8080062866210938, "params": {"x1": -0.5160817503929138, "x2": -0.24567294120788574}, "datetime": {"datetime": "2021-07-18 15:36:36", "elapsed": 0.295014, "delta": 0.000567}}
{"target": -4.119034767150879, "params": {"x1": -1.5844100713729858, "x2": 0.4504547417163849}, "datetime": {"datetime": "2021-07-18 15:36:36", "elapsed": 0.295584, "delta": 0.00057}}
{"target": -4.119034767150879, "params": {"x1": -1.5844100713729858, "x2": 0.4504547417163849}, "datetime": {"datetime": "2021-07-18 15:36:36", "elapsed": 0.295979, "delta": 0.000395}}
{"target": -4.570228099822998, "params": {"x1": -0.0729660615324974, "x2": 0.18195369839668274}, "datetime": {"datetime": "2021-07-18 15:36:36", "elapsed": 0.296546, "delta": 0.000567}}
{"target": -4.570228099822998, "params": {"x1": -0.0729660615324974, "x2": 0.18195369839668274}, "datetime": {"datetime": "2021-07-18 15:36:36", "elapsed": 0.296942, "delta": 0.000396}}
{"target": -4.570228099822998, "params": {"x1": -0.0729660615324974, "x2": 0.18195369839668274}, "datetime": {"datetime": "2021-07-18 15:36:36", "elapsed": 0.297334, "delta": 0.000392}}
{"target": -1.9250355958938599, "params": {"x1": -2.5849502086639404, "x2": -2.1851394176483154}, "datetime": {"datetime": "2021-07-18 15:36:36", "elapsed": 0.297905, "delta": 0.000571}}
{"target": -3.98037052154541, "params": {"x1": 0.3057299852371216, "x2": -0.2917172610759735}, "datetime": {"datetime": "2021-07-18 15:36:36", "elapsed": 0.298477, "delta": 0.000572}}
{"target": -0.7961050271987915, "params": {"x1": -0.4973975419998169, "x2": -1.1787039041519165}, "datetime": {"datetime": "2021-07-18 15:36:36", "elapsed": 0.299044, "delta": 0.000567}}
{"target": -6.734470367431641, "params": {"x1": 2.1860759258270264, "x2": -0.30908405780792236}, "datetime": {"datetime": "2021-07-18 15:36:36", "elapsed": 0.299618, "delta": 0.000574}}
{"target": -5.064732074737549, "params": {"x1": 0.5237884521484375, "x2": 0.030971217900514603}, "datetime": {"datetime": "2021-07-18 15:36:36", "elapsed": 0.300193, "delta": 0.000575}}
{"target": -1.2974404096603394, "params": {"x1": -0.5388752818107605, "x2": 0.2529439628124237}, "datetime": {"datetime": "2021-07-18 15:36:36", "elapsed": 0.300772, "delta": 0.000579}}
{"target": -1.2974404096603394, "params": {"x1": -0.5388752818107605, "x2": 0.2529439628124237}, "datetime": {"datetime": "2021-07-18 15:36:36", "elapsed": 0.301172, "delta": 0.0004}}
{"target": -5.890838146209717, "params": {"x1": 0.6756148934364319, "x2": -1.7526601552963257}, "datetime": {"datetime": "2021-07-18 15:36:36", "elapsed": 0.301753, "delta": 0.000581}}
{"target": -2.546992063522339, "params": {"x1": -0.4503057301044464, "x2": -0.3206574320793152}, "datetime": {"datetime": "2021-07-18 15:36:36", "elapsed": 0.302334, "delta": 0.000581}}
{"target": -4.621145248413086, "params": {"x1": 0.40967342257499695, "x2": -0.2742422819137573}, "datetime": {"datetime": "2021-07-18 15:36:36", "elapsed": 0.302919, "delta": 0.000585}}
{"target": -4.621145248413086, "params": {"x1": 0.40967342257499695, "x2": -0.2742422819137573}, "datetime": {"datetime": "2021-07-18 15:36:36", "elapsed": 0.303319, "delta": 0.0004}}
{"target": -4.621145248413086, "params": {"x1": 0.40967342257499695, "x2": -0.2742422819137573}, "datetime": {"datetime": "2021-07-18 15:36:36", "elapsed": 0.303782, "delta": 0.000463}}
{"target": -1.8489004373550415, "params": {"x1": -0.9857985377311707, "x2": 0.6449635624885559}, "datetime": {"datetime": "2021-07-18 15:36:36", "elapsed": 0.304354, "delta": 0.000572}}
{"target": -1.8489004373550415, "params": {"x1": -0.9857985377311707, "x2": 0.6449635624885559}, "datetime": {"datetime": "2021-07-18 15:36:36", "elapsed": 0.304756, "delta": 0.000402}}
{"target": -1.8489004373550415, "params": {"x1": -0.9857985377311707, "x2": 0.6449635624885559}, "datetime": {"datetime": "2021-07-18 15:36:36", "elapsed": 0.305148, "delta": 0.000392}}
{"target": -5.187157154083252, "params": {"x1": 1.419979453086853, "x2": 0.03766324743628502}, "datetime": {"datetime": "2021-07-18 15:36:36", "elapsed": 0.305752, "delta": 0.000604}}
{"target": -5.187157154083252, "params": {"x1": 1.419979453086853, "x2": 0.03766324743628502}, "datetime": {"datetime": "2021-07-18 15:36:36", "elapsed": 0.306152, "delta": 0.0004}}
{"target": -0.8918761014938354, "params": {"x1": -0.3532457649707794, "x2": -0.5991747379302979}, "datetime": {"datetime": "2021-07-18 15:36:36", "elapsed": 0.306724, "delta": 0.000572}}
{"target": -0.8918761014938354, "params": {"x1": -0.3532457649707794, "x2": -0.5991747379302979}, "datetime": {"datetime": "2021-07-18 15:36:36", "elapsed": 0.307126, "delta": 0.000402}}
{"target": -2.617539882659912, "params": {"x1": -0.5853705406188965, "x2": -1.269239068031311}, "datetime": {"datetime": "2021-07-18 15:36:36", "elapsed": 0.307699, "delta": 0.000573}}
{"target": -0.9464704394340515, "params": {"x1": -0.7581311464309692, "x2": -0.4902830123901367}, "datetime": {"datetime": "2021-07-18 15:36:36", "elapsed": 0.308276, "delta": 0.000577}}
{"target": -1.8826855421066284, "params": {"x1": -1.6682480573654175, "x2": -0.0068255518563091755}, "datetime": {"datetime": "2021-07-18 15:36:36", "elapsed": 0.308854, "delta": 0.000578}}
{"target": -3.6015965938568115, "params": {"x1": 0.8391514420509338, "x2": -1.04723060131073}, "datetime": {"datetime": "2021-07-18 15:36:36", "elapsed": 0.309433, "delta": 0.000579}}
{"target": -3.6015965938568115, "params": {"x1": 0.8391514420509338, "x2": -1.04723060131073}, "datetime": {"datetime": "2021-07-18 15:36:36", "elapsed": 0.309852, "delta": 0.000419}}
{"target": -3.5517005920410156, "params": {"x1": -0.18526747822761536, "x2": 0.8574033975601196}, "datetime": {"datetime": "2021-07-18 15:36:36", "elapsed": 0.310477, "delta": 0.000625}}
{"target": -3.5517005920410156, "params": {"x1": -0.18526747822761536, "x2": 0.8574033975601196}, "datetime": {"datetime": "2021-07-18 15:36:36", "elapsed": 0.310884, "delta": 0.000407}}
{"target": -0.6366232633590698, "params": {"x1": -1.2531019449234009, "x2": -0.2485211342573166}, "datetime": {"datetime": "2021-07-18 15:36:36", "elapsed": 0.311465, "delta": 0.000581}}
{"target": -0.6366232633590698, "params": {"x1": -1.2531019449234009, "x2": -0.2485211342573166}, "datetime": {"datetime": "2021-07-18 15:36:36", "elapsed": 0.311871, "delta": 0.000406}}
{"target": -6.308466911315918, "params": {"x1": -0.027118360623717308, "x2": 2.2149014472961426}, "datetime": {"datetime": "2021-07-18 15:36:36", "elapsed": 0.312444, "delta": 0.000573}}
{"target": -6.308466911315918, "params": {"x1": -0.027118360623717308, "x2": 2.2149014472961426}, "datetime": {"datetime": "2021-07-18 15:36:36", "elapsed": 0.312849, "delta": 0.000405}}
{"target": -6.308466911315918, "params": {"x1": -0.027118360623717308, "x2": 2.2149014472961426}, "datetime": {"datetime": "2021-07-18 15:36:36", "elapsed": 0.313244, "delta": 0.000395}}
{"target": -2.4837942123413086, "params": {"x1": -0.827768862247467, "x2": -1.7002266645431519}, "datetime": {"datetime": "2021-07-18 15:36:36", "elapsed": 0.313843, "delta": 0.000599}}
{"target": -4.349750995635986, "params": {"x1": 0.6902899742126465, "x2": -1.491906762123108}, "datetime": {"datetime": "2021-07-18 15:36:36", "elapsed": 0.31442, "delta": 0.000577}}
{"target": -4.473322868347168, "params": {"x1": 0.3547132909297943, "x2": 1.6401057243347168}, "datetime": {"datetime": "2021-07-18 15:36:36", "elapsed": 0.315001, "delta": 0.000581}}
{"target": -4.805912494659424, "params": {"x1": -0.10318559408187866, "x2": 0.560422420501709}, "datetime": {"datetime": "2021-07-18 15:36:36", "elapsed": 0.315584, "delta": 0.000583}}
{"target": -3.3958961963653564, "params": {"x1": -2.247206211090088, "x2": 0.11392442137002945}, "datetime": {"datetime": "2021-07-18 15:36:36", "elapsed": 0.316168, "delta": 0.000584}}
{"target": -3.3958961963653564, "params": {"x1": -2.247206211090088, "x2": 0.11392442137002945}, "datetime": {"datetime": "2021-07-18 15:36:36", "elapsed": 0.316579, "delta": 0.000411}}
{"target": -3.3958961963653564, "params": {"x1": -2.247206211090088, "x2": 0.11392442137002945}, "datetime": {"datetime": "2021-07-18 15:36:36", "elapsed": 0.316981, "delta": 0.000402}}
{"target": -3.3958961963653564, "params": {"x1": -2.247206211090088, "x2": 0.11392442137002945}, "datetime": {"datetime": "2021-07-18 15:36:36", "elapsed": 0.317458, "delta": 0.000477}}
{"target": -2.2077131271362305, "params": {"x1": 0.42497751116752625, "x2": 0.20150239765644073}, "datetime": {"datetime": "2021-07-18 15:36:36", "elapsed": 0.318051, "delta": 0.000593}}
{"target": -2.2077131271362305, "params": {"x1": 0.42497751116752625, "x2": 0.20150239765644073}, "datetime": {"datetime": "2021-07-18 15:36:36", "elapsed": 0.31846, "delta": 0.000409}}
{"target": -5.581117630004883, "params": {"x1": -1.4036071300506592, "x2": 1.669644832611084}, "datetime": {"datetime": "2021-07-18 15:36:36", "elapsed": 0.319036, "delta": 0.000576}}
{"target": -4.524571895599365, "params": {"x1": 0.7401772737503052, "x2": 1.0840699672698975}, "datetime": {"datetime": "2021-07-18 15:36:36", "elapsed": 0.319617, "delta": 0.000581}}
{"target": -4.524571895599365, "params": {"x1": 0.7401772737503052, "x2": 1.0840699672698975}, "datetime": {"datetime": "2021-07-18 15:36:36", "elapsed": 0.320029, "delta": 0.000412}}
{"target": -4.524571895599365, "params": {"x1": 0.7401772737503052, "x2": 1.0840699672698975}, "datetime": {"datetime": "2021-07-18 15:36:36", "elapsed": 0.320433, "delta": 0.000404}}
{"target": -2.7487077713012695, "params": {"x1": -0.5730168223381042, "x2": 1.1485421657562256}, "datetime": {"datetime": "2021-07-18 15:36:36", "elapsed": 0.321014, "delta": 0.000581}}
{"target": -2.7487077713012695, "params": {"x1": -0.5730168223381042, "x2": 1.1485421657562256}, "datetime": {"datetime": "2021-07-18 15:36:36", "elapsed": 0.321425, "delta": 0.000411}}
{"target": -2.7487077713012695, "params": {"x1": -0.5730168223381042, "x2": 1.1485421657562256}, "datetime": {"datetime": "2021-07-18 15:36:36", "elapsed": 0.321849, "delta": 0.000424}}
{"target": -2.7487077713012695, "params": {"x1": -0.5730168223381042, "x2": 1.1485421657562256}, "datetime": {"datetime": "2021-07-18 15:36:36", "elapsed": 0.322264, "delta": 0.000415}}
{"target": -2.7487077713012695, "params": {"x1": -0.5730168223381042, "x2": 1.1485421657562256}, "datetime": {"datetime": "2021-07-18 15:36:36", "elapsed": 0.32267, "delta": 0.000406}}
{"target": -2.7487077713012695, "params": {"x1": -0.5730168223381042, "x2": 1.1485421657562256}, "datetime": {"datetime": "2021-07-18 15:36:36", "elapsed": 0.323072, "delta": 0.000402}}
{"target": -2.7487077713012695, "params": {"x1": -0.5730168223381042, "x2": 1.1485421657562256}, "datetime": {"datetime": "2021-07-18 15:36:36", "elapsed": 0.323478, "delta": 0.000406}}
{"target": -2.7487077713012695, "params": {"x1": -0.5730168223381042, "x2": 1.1485421657562256}, "datetime": {"datetime": "2021-07-18 15:36:36", "elapsed": 0.323875, "delta": 0.000397}}
{"target": -2.7487077713012695, "params": {"x1": -0.5730168223381042, "x2": 1.1485421657562256}, "datetime": {"datetime": "2021-07-18 15:36:36", "elapsed": 0.324276, "delta": 0.000401}}
{"target": -2.7487077713012695, "params": {"x1": -0.5730168223381042, "x2": 1.1485421657562256}, "datetime": {"datetime": "2021-07-18 15:36:36", "elapsed": 0.324672, "delta": 0.000396}}
{"target": -2.7487077713012695, "params": {"x1": -0.5730168223381042, "x2": 1.1485421657562256}, "datetime": {"datetime": "2021-07-18 15:36:36", "elapsed": 0.325071, "delta": 0.000399}}
{"target": -3.326005458831787, "params": {"x1": 0.6899017095565796, "x2": -0.24542789161205292}, "datetime": {"datetime": "2021-07-18 15:36:36", "elapsed": 0.325706, "delta": 0.000635}}
{"target": -3.326005458831787, "params": {"x1": 0.6899017095565796, "x2": -0.24542789161205292}, "datetime": {"datetime": "2021-07-18 15:36:36", "elapsed": 0.326121, "delta": 0.000415}}
{"target": -3.326005458831787, "params": {"x1": 0.6899017095565796, "x2": -0.24542789161205292}, "datetime": {"datetime": "2021-07-18 15:36:36", "elapsed": 0.326525, "delta": 0.000404}}
{"target": -1.668707013130188, "params": {"x1": 0.6838752627372742, "x2": 0.309842973947525}, "datetime": {"datetime": "2021-07-18 15:36:36", "elapsed": 0.327171, "delta": 0.000646}}
{"target": -1.668707013130188, "params": {"x1": 0.6838752627372742, "x2": 0.309842973947525}, "datetime": {"datetime": "2021-07-18 15:36:36", "elapsed": 0.327584, "delta": 0.000413}}
{"target": -4.679773807525635, "params": {"x1": -1.077892780303955, "x2": 2.2334160804748535}, "datetime": {"datetime": "2021-07-18 15:36:36", "elapsed": 0.328179, "delta": 0.000595}}
{"target": -2.260023832321167, "params": {"x1": -0.5701602697372437, "x2": 0.17085814476013184}, "datetime": {"datetime": "2021-07-18 15:36:36", "elapsed": 0.328774, "delta": 0.000595}}
{"target": -2.260023832321167, "params": {"x1": -0.5701602697372437, "x2": 0.17085814476013184}, "datetime": {"datetime": "2021-07-18 15:36:36", "elapsed": 0.329198, "delta": 0.000424}}
{"target": -6.4913411140441895, "params": {"x1": 1.3433040380477905, "x2": 1.0011943578720093}, "datetime": {"datetime": "2021-07-18 15:36:36", "elapsed": 0.329798, "delta": 0.0006}}
{"target": -6.4913411140441895, "params": {"x1": 1.3433040380477905, "x2": 1.0011943578720093}, "datetime": {"datetime": "2021-07-18 15:36:36", "elapsed": 0.330222, "delta": 0.000424}}
{"target": -6.323739051818848, "params": {"x1": 1.8018341064453125, "x2": -0.589046061038971}, "datetime": {"datetime": "2021-07-18 15:36:36", "elapsed": 0.330879, "delta": 0.000657}}
{"target": -5.624425411224365, "params": {"x1": 0.30942854285240173, "x2": 0.92328941822052}, "datetime": {"datetime": "2021-07-18 15:36:36", "elapsed": 0.331476, "delta": 0.000597}}
{"target": -5.624425411224365, "params": {"x1": 0.30942854285240173, "x2": 0.92328941822052}, "datetime": {"datetime": "2021-07-18 15:36:36", "elapsed": 0.33189, "delta": 0.000414}}
{"target": -5.624425411224365, "params": {"x1": 0.30942854285240173, "x2": 0.92328941822052}, "datetime": {"datetime": "2021-07-18 15:36:36", "elapsed": 0.332305, "delta": 0.000415}}
{"target": -5.624425411224365, "params": {"x1": 0.30942854285240173, "x2": 0.92328941822052}, "datetime": {"datetime": "2021-07-18 15:36:36", "elapsed": 0.332711, "delta": 0.000406}}
{"target": -3.6598427295684814, "params": {"x1": 0.8512656688690186, "x2": 1.3993206024169922}, "datetime": {"datetime": "2021-07-18 15:36:36", "elapsed": 0.333298, "delta": 0.000587}}
{"target": -3.6598427295684814, "params": {"x1": 0.8512656688690186, "x2": 1.3993206024169922}, "datetime": {"datetime": "2021-07-18 15:36:36", "elapsed": 0.333725, "delta": 0.000427}}
{"target": -3.6598427295684814, "params": {"x1": 0.8512656688690186, "x2": 1.3993206024169922}, "datetime": {"datetime": "2021-07-18 15:36:36", "elapsed": 0.334136, "delta": 0.000411}}
{"target": -3.273610830307007, "params": {"x1": -0.7647228837013245, "x2": -0.08767813444137573}, "datetime": {"datetime": "2021-07-18 15:36:36", "elapsed": 0.334717, "delta": 0.000581}}
{"target": -3.273610830307007, "params": {"x1": -0.7647228837013245, "x2": -0.08767813444137573}, "datetime": {"datetime": "2021-07-18 15:36:36", "elapsed": 0.335136, "delta": 0.000419}}
{"target": -3.273610830307007, "params": {"x1": -0.7647228837013245, "x2": -0.08767813444137573}, "datetime": {"datetime": "2021-07-18 15:36:36", "elapsed": 0.335549, "delta": 0.000413}}
{"target": -3.273610830307007, "params": {"x1": -0.7647228837013245, "x2": -0.08767813444137573}, "datetime": {"datetime": "2021-07-18 15:36:36", "elapsed": 0.33596, "delta": 0.000411}}
