{"target": -2.7164342403411865, "params": {"x1": -0.9585452079772949, "x2": -1.2727054357528687}, "datetime": {"datetime": "2021-07-18 15:36:36", "elapsed": 0.079339, "delta": 0.000387}}
{"target": -4.933929443359375, "params": {"x1": -0.1208132952451706, "x2": -0.6201243996620178}, "datetime": {"datetime": "2021-07-18 15:36:36", "elapsed": 0.079727, "delta": 0.000388}}
{"target": -4.114447593688965, "params": {"x1": 0.7060741186141968, "x2": -0.4098454415798187}, "datetime": {"datetime": "2021-07-18 15:36:36", "elapsed": 0.080116, "delta": 0.000389}}
{"target": -4.427441596984863, "params": {"x1": 1.563033103942871, "x2": -2.0042972564697266}, "datetime": {"datetime": "2021-07-18 15:36:36", "elapsed": 0.080503, "delta": 0.000387}}
{"target": -4.9890289306640625, "params": {"x1": 1.6005686521530151, "x2": 1.2867711782455444}, "datetime": {"datetime": "2021-07-18 15:36:36", "elapsed": 0.080889, "delta": 0.000386}}
{"target": -4.9890289306640625, "params": {"x1": 1.6005686521530151, "x2": 1.2867711782455444}, "datetime": {"datetime": "2021-07-18 15:36:36", "elapsed": 0.081108, "delta": 0.000219}}
{"target": -5.755174160003662, "params": {"x1": 1.8445940017700195, "x2": 0.11009205877780914}, "datetime": {"datetime": "2021-07-18 15:36:36", "elapsed": 0.081489, "delta": 0.000381}}
{"target": -1.4343546628952026, "params": {"x1": -2.4801201820373535, "x2": 0.2301393747329712}, "datetime": {"datetime": "2021-07-18 15:36:36", "elapsed": 0.081992, "delta": 0.000503}}
{"target": -3.698423147201538, "params": {"x1": -0.5513465404510498, "x2": 1.2739273309707642}, "datetime": {"datetime": "2021-07-18 15:36:36", "elapsed": 0.082388, "delta": 0.000396}}
{"target": -3.698423147201538, "params": {"x1": -0.5513465404510498, "x2": 1.2739273309707642}, "datetime": {"datetime": "2021-07-18 15:36:36", "elapsed": 0.082606, "delta": 0.000218}}
{"target": -3.717829465866089, "params": {"x1": 0.3378446102142334, "x2": 0.5800896286964417}, "datetime": {"datetime": "2021-07-18 15:36:36", "elapsed": 0.082988, "delta": 0.000382}}
{"target": -3.717829465866089, "params": {"x1": 0.3378446102142334, "x2": 0.5800896286964417}, "datetime": {"datetime": "2021-07-18 15:36:36", "elapsed": 0.083205, "delta": 0.000217}}
{"target": -5.305866241455078, "params": {"x1": 0.8540631532669067, "x2": -0.1828203797340393}, "datetime": {"datetime": "2021-07-18 15:36:36", "elapsed": 0.083589, "delta": 0.000384}}
{"target": -2.8784561157226562, "params": {"x1": 0.4038029611110687, "x2": 0.5553734302520752}, "datetime": {"datetime": "2021-07-18 15:36:36", "elapsed": 0.083983, "delta": 0.000394}}
{"target": -4.643134593963623, "params": {"x1": 0.22523505985736847, "x2": 0.4634987413883209}, "datetime": {"datetime": "2021-07-18 15:36:36", "elapsed": 0.08438, "delta": 0.000397}}
{"target": -5.029751777648926, "params": {"x1": 0.9675941467285156, "x2": 1.0439283847808838}, "datetime": {"datetime": "2021-07-18 15:36:36", "elapsed": 0.084778, "delta": 0.000398}}
{"target": -3.1075439453125, "params": {"x1": -0.7308424115180969, "x2": 0.6193552613258362}, "datetime": {"datetime": "2021-07-18 15:36:36", "elapsed": 0.085172, "delta": 0.000394}}
{"target": -4.856875896453857, "params": {"x1": 0.4625823199748993, "x2": 0.12658123672008514}, "datetime": {"datetime": "2021-07-18 15:36:36", "elapsed": 0.085566, "delta": 0.000394}}
{"target": -5.187180042266846, "params": {"x1": -2.1055209636688232, "x2": 0.46809425950050354}, "datetime": {"datetime": "2021-07-18 15:36:36", "elapsed": 0.085964, "delta": 0.000398}}
{"target": -5.187180042266846, "params": {"x1": -2.1055209636688232, "x2": 0.46809425950050354}, "datetime": {"datetime": "2021-07-18 15:36:36", "elapsed": 0.086187, "delta": 0.000223}}
{"target": -3.039571523666382, "params": {"x1": -0.036629438400268555, "x2": -1.5550737380981445}, "datetime": {"datetime": "2021-07-18 15:36:36", "elapsed": 0.086575, "delta": 0.000388}}
{"target": -3.039571523666382, "params": {"x1": -0.036629438400268555, "x2": -1.5550737380981445}, "datetime": {"datetime": "2021-07-18 15:36:36", "elapsed": 0.086798, "delta": 0.000223}}
{"target": -5.687995910644531, "params": {"x1": 0.41459226608276367, "x2": 2.533888816833496}, "datetime": {"datetime": "2021-07-18 15:36:36", "elapsed": 0.087189, "delta": 0.000391}}
{"target": -5.154171466827393, "params": {"x1": 0.7983470559120178, "x2": 1.4675588607788086}, "datetime": {"datetime": "2021-07-18 15:36:36", "elapsed": 0.087581, "delta": 0.000392}}
{"target": -4.758245468139648, "params": {"x1": -0.10912995040416718, "x2": 1.0582003593444824}, "datetime": {"datetime": "2021-07-18 15:36:36", "elapsed": 0.087975, "delta": 0.000394}}
{"target": -4.758245468139648, "params": {"x1": -0.10912995040416718, "x2": 1.0582003593444824}, "datetime": {"datetime": "2021-07-18 15:36:36", "elapsed": 0.088199, "delta": 0.000224}}
{"target": -3.418882369995117, "params": {"x1": -0.3303174376487732, "x2": 0.725890040397644}, "datetime": {"datetime": "2021-07-18 15:36:36", "elapsed": 0.088587, "delta": 0.000388}}
{"target": -4.798049449920654, "params": {"x1": -1.0602530241012573, "x2": 0.9563636779785156}, "datetime": {"datetime": "2021-07-18 15:36:36", "elapsed": 0.088982, "delta": 0.000395}}
{"target": -5.794384479522705, "params": {"x1": 0.1929578185081482, "x2": -0.5416104793548584}, "datetime": {"datetime": "2021-07-18 15:36:36", "elapsed": 0.089379, "delta": 0.000397}}
{"target": -5.794384479522705, "params": {"x1": 0.1929578185081482, "x2": -0.5416104793548584}, "datetime": {"datetime": "2021-07-18 15:36:36", "elapsed": 0.089606, "delta": 0.000227}}
{"target": -3.899016857147217, "params": {"x1": 0.448485791683197, "x2": -0.5472618341445923}, "datetime": {"datetime": "2021-07-18 15:36:36", "elapsed": 0.090012, "delta": 0.000406}}
{"target": -2.649735927581787, "params": {"x1": -0.5614708065986633, "x2": -0.4876663088798523}, "datetime": {"datetime": "2021-07-18 15:36:36", "elapsed": 0.090452, "delta": 0.00044}}
{"target": -6.819000720977783, "params": {"x1": 1.8868111371994019, "x2": 0.6723096370697021}, "datetime": {"datetime": "2021-07-18 15:36:36", "elapsed": 0.090873, "delta": 0.000421}}
{"target": -3.0480411052703857, "params": {"x1": -0.48302069306373596, "x2": 0.6630563139915466}, "datetime": {"datetime": "2021-07-18 15:36:36", "elapsed": 0.091281, "delta": 0.000408}}
{"target": -3.7311086654663086, "params": {"x1": 0.3487516939640045, "x2": 1.0092873573303223}, "datetime": {"datetime": "2021-07-18 15:36:36", "elapsed": 0.091686, "delta": 0.000405}}
{"target": -3.7311086654663086, "params": {"x1": 0.3487516939640045, "x2": 1.0092873573303223}, "datetime": {"datetime": "2021-07-18 15:36:36", "elapsed": 0.091918, "delta": 0.000232}}
{"target": -5.107630252838135, "params": {"x1": 0.1387282907962799, "x2": -0.4858148694038391}, "datetime": {"datetime": "2021-07-18 15:36:36", "elapsed": 0.092318, "delta": 0.0004}}
{"target": -5.1931328773498535, "params": {"x1": -1.2786966562271118, "x2": 1.6714451313018799}, "datetime": {"datetime": "2021-07-18 15:36:36", "elapsed": 0.092723, "delta": 0.000405}}
{"target": -5.1931328773498535, "params": {"x1": -1.2786966562271118, "x2": 1.6714451313018799}, "datetime": {"datetime": "2021-07-18 15:36:36", "elapsed": 0.092952, "delta": 0.000229}}
{"target": -5.1931328773498535, "params": {"x1": -1.2786966562271118, "x2": 1.6714451313018799}, "datetime": {"datetime": "2021-07-18 15:36:36", "elapsed": 0.09318, "delta": 0.000228}}
{"target": -2.049060821533203, "params": {"x1": -0.031765542924404144, "x2": 0.9376945495605469}, "datetime": {"datetime": "2021-07-18 15:36:36", "elapsed": 0.093633, "delta": 0.000453}}
{"target": -3.6611218452453613, "params": {"x1": -0.3495793640613556, "x2": -0.7467212677001953}, "datetime": {"datetime": "2021-07-18 15:36:36", "elapsed": 0.094046, "delta": 0.000413}}
{"target": -2.56472110748291, "params": {"x1": -0.3889259994029999, "x2": 0.5569576621055603}, "datetime": {"datetime": "2021-07-18 15:36:36", "elapsed": 0.094451, "delta": 0.000405}}
{"target": -3.632521867752075, "params": {"x1": -1.1999552249908447, "x2": 0.6591296792030334}, "datetime": {"datetime": "2021-07-18 15:36:36", "elapsed": 0.09486, "delta": 0.000409}}
{"target": -5.64597749710083, "params": {"x1": 1.5921050310134888, "x2": -1.9805819988250732}, "datetime": {"datetime": "2021-07-18 15:36:36", "elapsed": 0.095264, "delta": 0.000404}}
{"target": -3.0093746185302734, "params": {"x1": -2.488459348678589, "x2": -0.03959815204143524}, "datetime": {"datetime": "2021-07-18 15:36:36", "elapsed": 0.095672, "delta": 0.000408}}
{"target": -2.8663086891174316, "params": {"x1": 1.0686918497085571, "x2": -1.6015666723251343}, "datetime": {"datetime": "2021-07-18 15:36:36", "elapsed": 0.096076, "delta": 0.000404}}
{"target": -4.191612243652344, "params": {"x1": 0.0033933203667402267, "x2": 1.1481481790542603}, "datetime": {"datetime": "2021-07-18 15:36:36", "elapsed": 0.096482, "delta": 0.000406}}
{"target": -4.885176658630371, "params": {"x1": -0.518220841884613, "x2": -0.6580986976623535}, "datetime": {"datetime": "2021-07-18 15:36:36", "elapsed": 0.096886, "delta": 0.000404}}
{"target": -4.885176658630371, "params": {"x1": -0.518220841884613, "x2": -0.6580986976623535}, "datetime": {"datetime": "2021-07-18 15:36:36", "elapsed": 0.09712, "delta": 0.000234}}
{"target": -5.979665756225586, "params": {"x1": 1.670624852180481, "x2": 0.1798500418663025}, "datetime": {"datetime": "2021-07-18 15:36:36", "elapsed": 0.097518, "delta": 0.000398}}
{"target": -4.182637691497803, "params": {"x1": 1.0762810707092285, "x2": 0.5867423415184021}, "datetime": {"datetime": "2021-07-18 15:36:36", "elapsed": 0.097929, "delta": 0.000411}}
{"target": -1.7594106197357178, "params": {"x1": -1.9152568578720093, "x2": -1.0242458581924438}, "datetime": {"datetime": "2021-07-18 15:36:36", "elapsed": 0.098338, "delta": 0.000409}}
{"target": -1.7594106197357178, "params": {"x1": -1.9152568578720093, "x2": -1.0242458581924438}, "datetime": {"datetime": "2021-07-18 15:36:36", "elapsed": 0.098575, "delta": 0.000237}}
{"target": -3.9919350147247314, "params": {"x1": -0.8718891143798828, "x2": -1.2758959531784058}, "datetime": {"datetime": "2021-07-18 15:36:36", "elapsed": 0.09898, "delta": 0.000405}}
{"target": -3.981201648712158, "params": {"x1": 0.3802972435951233, "x2": -1.0226510763168335}, "datetime": {"datetime": "2021-07-18 15:36:36", "elapsed": 0.099388, "delta": 0.000408}}
{"target": -3.981201648712158, "params": {"x1": 0.3802972435951233, "x2": -1.0226510763168335}, "datetime": {"datetime": "2021-07-18 15:36:36", "elapsed": 0.099627, "delta": 0.000239}}
{"target": -3.981201648712158, "params": {"x1": 0.3802972435951233, "x2": -1.0226510763168335}, "datetime": {"datetime": "2021-07-18 15:36:36", "elapsed": 0.09986, "delta": 0.000233}}
{"target": -3.871310234069824, "params": {"x1": -1.4364064931869507, "x2": 0.20705069601535797}, "datetime": {"datetime": "2021-07-18 15:36:36", "elapsed": 0.100261, "delta": 0.000401}}
{"target": -3.871310234069824, "params": {"x1": -1.4364064931869507, "x2": 0.20705069601535797}, "datetime": {"datetime": "2021-07-18 15:36:36", "elapsed": 0.100498, "delta": 0.000237}}
{"target": -5.240057468414307, "params": {"x1": 1.919209361076355, "x2": 1.1501456499099731}, "datetime": {"datetime": "2021-07-18 15:36:36", "elapsed": 0.100902, "delta": 0.000404}}
{"target": -2.2268171310424805, "params": {"x1": 0.5279164910316467, "x2": 0.733337938785553}, "datetime": {"datetime": "2021-07-18 15:36:36", "elapsed": 0.101315, "delta": 0.000413}}
{"target": -2.2268171310424805, "params": {"x1": 0.5279164910316467, "x2": 0.733337938785553}, "datetime": {"datetime": "2021-07-18 15:36:36", "elapsed": 0.101555, "delta": 0.00024}}
{"target": -3.92710018157959, "params": {"x1": 2.602391004562378, "x2": -0.24027781188488007}, "datetime": {"datetime": "2021-07-18 15:36:36", "elapsed": 0.102006, "delta": 0.000451}}
{"target": -6.006714344024658, "params": {"x1": 1.9372931718826294, "x2": 0.9056491851806641}, "datetime": {"datetime": "2021-07-18 15:36:36", "elapsed": 0.102417, "delta": 0.000411}}
{"target": -3.1467490196228027, "params": {"x1": 0.7261772155761719, "x2": -0.9025399684906006}, "datetime": {"datetime": "2021-07-18 15:36:36", "elapsed": 0.102828, "delta": 0.000411}}
{"target": -6.112914562225342, "params": {"x1": 0.6662830114364624, "x2": -0.6448984146118164}, "datetime": {"datetime": "2021-07-18 15:36:36", "elapsed": 0.103239, "delta": 0.000411}}
{"target": -5.001119136810303, "params": {"x1": 1.7093087434768677, "x2": -1.9485222101211548}, "datetime": {"datetime": "2021-07-18 15:36:36", "elapsed": 0.103649, "delta": 0.00041}}
{"target": -3.4324731826782227, "params": {"x1": -0.012685478664934635, "x2": 0.36726734042167664}, "datetime": {"datetime": "2021-07-18 15:36:36", "elapsed": 0.104082, "delta": 0.000433}}
{"target": -3.4889092445373535, "params": {"x1": -0.0388023778796196, "x2": 0.11936674267053604}, "datetime": {"datetime": "2021-07-18 15:36:36", "elapsed": 0.104498, "delta": 0.000416}}
{"target": -6.323058605194092, "params": {"x1": 1.204850673675537, "x2": 1.2101126909255981}, "datetime": {"datetime": "2021-07-18 15:36:36", "elapsed": 0.104911, "delta": 0.000413}}
{"target": -5.039621353149414, "params": {"x1": -0.46568843722343445, "x2": 0.29792049527168274}, "datetime": {"datetime": "2021-07-18 15:36:36", "elapsed": 0.105329, "delta": 0.000418}}
{"target": -5.687719821929932, "params": {"x1": 1.1284750699996948, "x2": -0.005647851154208183}, "datetime": {"datetime": "2021-07-18 15:36:36", "elapsed": 0.105753, "delta": 0.000424}}
{"target": -3.9273884296417236, "params": {"x1": 0.7098760008811951, "x2": 0.17598535120487213}, "datetime": {"datetime": "2021-07-18 15:36:36", "elapsed": 0.106174, "delta": 0.000421}}
{"target": -8.74405574798584, "params": {"x1": 2.0921294689178467, "x2": 1.88334321975708}, "datetime": {"datetime": "2021-07-18 15:36:36", "elapsed": 0.106596, "delta": 0.000422}}
{"target": -8.74405574798584, "params": {"x1": 2.0921294689178467, "x2": 1.88334321975708}, "datetime": {"datetime": "2021-07-18 15:36:36", "elapsed": 0.106843, "delta": 0.000247}}
{"target": -4.583526611328125, "params": {"x1": 0.4262961447238922, "x2": -0.3154546320438385}, "datetime": {"datetime": "2021-07-18 15:36:36", "elapsed": 0.107253, "delta": 0.00041}}
{"target": -6.186636924743652, "params": {"x1": -0.6836934685707092, "x2": 1.6894441843032837}, "datetime": {"datetime": "2021-07-18 15:36:36", "elapsed": 0.107673, "delta": 0.00042}}
{"target": -6.186636924743652, "params": {"x1": -0.6836934685707092, "x2": 1.6894441843032837}, "datetime": {"datetime": "2021-07-18 15:36:36", "elapsed": 0.107921, "delta": 0.000248}}
{"target": -3.4366190433502197, "params": {"x1": 0.3926331400871277, "x2": -0.5889208316802979}, "datetime": {"datetime": "2021-07-18 15:36:36", "elapsed": 0.108337, "delta": 0.000416}}
{"target": -2.7330222129821777, "params": {"x1": -2.071660280227661, "x2": 0.9057887196540833}, "datetime": {"datetime": "2021-07-18 15:36:36", "elapsed": 0.108759, "delta": 0.000422}}
{"target": -4.9447197914123535, "params": {"x1": 1.4558700323104858, "x2": 0.5262377858161926}, "datetime": {"datetime": "2021-07-18 15:36:36", "elapsed": 0.10918, "delta": 0.000421}}
{"target": -4.9447197914123535, "params": {"x1": 1.4558700323104858, "x2": 0.5262377858161926}, "datetime": {"datetime": "2021-07-18 15:36:36", "elapsed": 0.109428, "delta": 0.000248}}
{"target": -4.254051685333252, "params": {"x1": 0.9993040561676025, "x2": -0.8472920060157776}, "datetime": {"datetime": "2021-07-18 15:36:36", "elapsed": 0.109864, "delta": 0.000436}}
{"target": -3.6415295600891113, "params": {"x1": 1.2904434204101562, "x2": -1.3658616542816162}, "datetime": {"datetime": "2021-07-18 15:36:36", "elapsed": 0.110329, "delta": 0.000465}}
{"target": -3.6415295600891113, "params": {"x1": 1.2904434204101562, "x2": -1.3658616542816162}, "datetime": {"datetime": "2021-07-18 15:36:36", "elapsed": 0.110582, "delta": 0.000253}}
{"target": -3.4386253356933594, "params": {"x1": -0.6307737827301025, "x2": -1.2208786010742188}, "datetime": {"datetime": "2021-07-18 15:36:36", "elapsed": 0.111002, "delta": 0.00042}}
{"target": -3.4386253356933594, "params": {"x1": -0.6307737827301025, "x2": -1.2208786010742188}, "datetime": {"datetime": "2021-07-18 15:36:36", "elapsed": 0.111252, "delta": 0.00025}}
{"target": -3.79999041557312, "params": {"x1": -0.49492356181144714, "x2": 1.6892662048339844}, "datetime": {"datetime": "2021-07-18 15:36:36", "elapsed": 0.111667, "delta": 0.000415}}
{"target": -0.9452611804008484, "params": {"x1": -0.508095383644104, "x2": -1.298253059387207}, "datetime": {"datetime": "2021-07-18 15:36:36", "elapsed": 0.11209, "delta": 0.000423}}
{"target": -7.27913236618042, "params": {"x1": 0.9199973940849304, "x2": 1.5598026514053345}, "datetime": {"datetime": "2021-07-18 15:36:36", "elapsed": 0.112518, "delta": 0.000428}}
{"target": -5.6689300537109375, "params": {"x1": 0.42318588495254517, "x2": 1.4803948402404785}, "datetime": {"datetime": "2021-07-18 15:36:36", "elapsed": 0.112942, "delta": 0.000424}}
{"target": -4.773941516876221, "params": {"x1": -0.13345853984355927, "x2": -0.6963290572166443}, "datetime": {"datetime": "2021-07-18 15:36:36", "elapsed": 0.113366, "delta": 0.000424}}
{"target": -4.773941516876221, "params": {"x1": -0.13345853984355927, "x2": -0.6963290572166443}, "datetime": {"datetime": "2021-07-18 15:36:36", "elapsed": 0.113626, "delta": 0.00026}}
{"target": -1.1583819389343262, "params": {"x1": -1.234653115272522, "x2": -1.366931438446045}, "datetime": {"datetime": "2021-07-18 15:36:36", "elapsed": 0.114051, "delta": 0.000425}}
{"target": -0.47493013739585876, "params": {"x1": -1.01665461063385, "x2": -1.287382960319519}, "datetime": {"datetime": "2021-07-18 15:36:36", "elapsed": 0.114479, "delta": 0.000428}}
{"target": -2.2117159366607666, "params": {"x1": -0.8146268725395203, "x2": -1.0818850994110107}, "datetime": {"datetime": "2021-07-18 15:36:36", "elapsed": 0.114909, "delta": 0.00043}}
{"target": -3.891824960708618, "params": {"x1": 0.7199674844741821, "x2": -2.10394024848938}, "datetime": {"datetime": "2021-07-18 15:36:36", "elapsed": 0.115333, "delta": 0.000424}}
{"target": -6.452192306518555, "params": {"x1": -0.38666075468063354, "x2": 1.5204353332519531}, "datetime": {"datetime": "2021-07-18 15:36:36", "elapsed": 0.115761, "delta": 0.000428}}
{"target": -3.8492703437805176, "params": {"x1": 0.3220294117927551, "x2": -1.022117257118225}, "datetime": {"datetime": "2021-07-18 15:36:36", "elapsed": 0.116188, "delta": 0.000427}}
{"target": -4.93863582611084, "params": {"x1": -0.9726738929748535, "x2": 0.727317214012146}, "datetime": {"datetime": "2021-07-18 15:36:36", "elapsed": 0.116616, "delta": 0.000428}}
{"target": -3.604440927505493, "params": {"x1": -0.5949130654335022, "x2": 0.6470434069633484}, "datetime": {"datetime": "2021-07-18 15:36:36", "elapsed": 0.117072, "delta": 0.000456}}
{"target": -4.935081481933594, "params": {"x1": -1.6046669483184814, "x2": -0.12449756264686584}, "datetime": {"datetime": "2021-07-18 15:36:36", "elapsed": 0.117509, "delta": 0.000437}}
{"target": -5.593545913696289, "params": {"x1": -0.32025346159935, "x2": 0.581663191318512}, "datetime": {"datetime": "2021-07-18 15:36:36", "elapsed": 0.118009, "delta": 0.0005}}
{"target": -3.487025499343872, "params": {"x1": -0.8097057938575745, "x2": -1.0800817012786865}, "datetime": {"datetime": "2021-07-18 15:36:36", "elapsed": 0.118448, "delta": 0.000439}}
{"target": -3.487025499343872, "params": {"x1": -0.8097057938575745, "x2": -1.0800817012786865}, "datetime": {"datetime": "2021-07-18 15:36:36", "elapsed": 0.118708, "delta": 0.00026}}
{"target": -3.487025499343872, "params": {"x1": -0.8097057938575745, "x2": -1.0800817012786865}, "datetime": {"datetime": "2021-07-18 15:36:36", "elapsed": 0.118963, "delta": 0.000255}}
{"target": -2.1956627368927, "params": {"x1": -1.0641486644744873, "x2": 0.6531567573547363}, "datetime": {"datetime": "2021-07-18 15:36:36", "elapsed": 0.119389, "delta": 0.000426}}
{"target": -2.036257266998291, "params": {"x1": -1.5012763738632202, "x2": 0.4178215563297272}, "datetime": {"datetime": "2021-07-18 15:36:36", "elapsed": 0.119817, "delta": 0.000428}}
{"target": -4.295449733734131, "params": {"x1": 1.3675810098648071, "x2": 0.8679789900779724}, "datetime": {"datetime": "2021-07-18 15:36:36", "elapsed": 0.120252, "delta": 0.000435}}
{"target": -4.295449733734131, "params": {"x1": 1.3675810098648071, "x2": 0.8679789900779724}, "datetime": {"datetime": "2021-07-18 15:36:36", "elapsed": 0.120513, "delta": 0.000261}}
{"target": -3.3242146968841553, "params": {"x1": 0.03913922235369682, "x2": 1.905626654624939}, "datetime": {"datetime": "2021-07-18 15:36:36", "elapsed": 0.120942, "delta": 0.000429}}
{"target": -3.3242146968841553, "params": {"x1": 0.03913922235369682, "x2": 1.905626654624939}, "datetime": {"datetime": "2021-07-18 15:36:36", "elapsed": 0.121203, "delta": 0.000261}}
{"target": -5.326724529266357, "params": {"x1": -0.4175437390804291, "x2": -0.5780777335166931}, "datetime": {"datetime": "2021-07-18 15:36:36", "elapsed": 0.121653, "delta": 0.00045}}
{"target": -3.616240978240967, "params": {"x1": -0.2698453664779663, "x2": -2.687852621078491}, "datetime": {"datetime": "2021-07-18 15:36:36", "elapsed": 0.122087, "delta": 0.000434}}
{"target": -5.891570568084717, "params": {"x1": -0.7111086845397949, "x2": 0.6351331472396851}, "datetime": {"datetime": "2021-07-18 15:36:36", "elapsed": 0.122519, "delta": 0.000432}}
{"target": -5.891570568084717, "params": {"x1": -0.7111086845397949, "x2": 0.6351331472396851}, "datetime": {"datetime": "2021-07-18 15:36:36", "elapsed": 0.122782, "delta": 0.000263}}
{"target": -2.8464620113372803, "params": {"x1": -0.7601934671401978, "x2": -1.015342116355896}, "datetime": {"datetime": "2021-07-18 15:36:36", "elapsed": 0.123212, "delta": 0.00043}}
