{"target": -7.647763252258301, "params": {"x1": 2.1477253437042236, "x2": -0.7637909650802612}, "datetime": {"datetime": "2021-07-18 15:36:36", "elapsed": 0.219934, "delta": 0.000338}}
{"target": -4.675877571105957, "params": {"x1": -0.9291303157806396, "x2": 0.9935671091079712}, "datetime": {"datetime": "2021-07-18 15:36:36", "elapsed": 0.220454, "delta": 0.00052}}
{"target": -4.675877571105957, "params": {"x1": -0.9291303157806396, "x2": 0.9935671091079712}, "datetime": {"datetime": "2021-07-18 15:36:36", "elapsed": 0.220809, "delta": 0.000355}}
{"target": -4.675877571105957, "params": {"x1": -0.9291303157806396, "x2": 0.9935671091079712}, "datetime": {"datetime": "2021-07-18 15:36:36", "elapsed": 0.221158, "delta": 0.000349}}
{"target": -3.9897308349609375, "params": {"x1": 0.36905255913734436, "x2": -1.1608222723007202}, "datetime": {"datetime": "2021-07-18 15:36:36", "elapsed": 0.22175, "delta": 0.000592}}
{"target": -5.506498336791992, "params": {"x1": 1.7422553300857544, "x2": -0.8419854044914246}, "datetime": {"datetime": "2021-07-18 15:36:36", "elapsed": 0.22228, "delta": 0.00053}}
{"target": -5.506498336791992, "params": {"x1": 1.7422553300857544, "x2": -0.8419854044914246}, "datetime": {"datetime": "2021-07-18 15:36:36", "elapsed": 0.222633, "delta": 0.000353}}
{"target": -5.506498336791992, "params": {"x1": 1.7422553300857544, "x2": -0.8419854044914246}, "datetime": {"datetime": "2021-07-18 15:36:36", "elapsed": 0.222985, "delta": 0.000352}}
{"target": -5.506498336791992, "params": {"x1": 1.7422553300857544, "x2": -0.8419854044914246}, "datetime": {"datetime": "2021-07-18 15:36:36", "elapsed": 0.223328, "delta": 0.000343}}
{"target": -1.595940113067627, "params": {"x1": -0.9319478273391724, "x2": -0.28297218680381775}, "datetime": {"datetime": "2021-07-18 15:36:36", "elapsed": 0.223895, "delta": 0.000567}}
{"target": -1.595940113067627, "params": {"x1": -0.9319478273391724, "x2": -0.28297218680381775}, "datetime": {"datetime": "2021-07-18 15:36:36", "elapsed": 0.224252, "delta": 0.000357}}
{"target": -1.595940113067627, "params": {"x1": -0.9319478273391724, "x2": -0.28297218680381775}, "datetime": {"datetime": "2021-07-18 15:36:36", "elapsed": 0.224602, "delta": 0.00035}}
{"target": -1.595940113067627, "params": {"x1": -0.9319478273391724, "x2": -0.28297218680381775}, "datetime": {"datetime": "2021-07-18 15:36:36", "elapsed": 0.224946, "delta": 0.000344}}
{"target": -1.595940113067627, "params": {"x1": -0.9319478273391724, "x2": -0.28297218680381775}, "datetime": {"datetime": "2021-07-18 15:36:36", "elapsed": 0.22529, "delta": 0.000344}}
{"target": -4.109125137329102, "params": {"x1": 0.7378400564193726, "x2": -0.9719300866127014}, "datetime": {"datetime": "2021-07-18 15:36:36", "elapsed": 0.22582, "delta": 0.00053}}
{"target": -1.3419253826141357, "params": {"x1": -0.5407329201698303, "x2": 0.46033239364624023}, "datetime": {"datetime": "2021-07-18 15:36:36", "elapsed": 0.226354, "delta": 0.000534}}
{"target": -1.3419253826141357, "params": {"x1": -0.5407329201698303, "x2": 0.46033239364624023}, "datetime": {"datetime": "2021-07-18 15:36:36", "elapsed": 0.226709, "delta": 0.000355}}
{"target": -1.5526094436645508, "params": {"x1": -0.40709349513053894, "x2": -0.9353750944137573}, "datetime": {"datetime": "2021-07-18 15:36:36", "elapsed": 0.227262, "delta": 0.000553}}
{"target": -1.5526094436645508, "params": {"x1": -0.40709349513053894, "x2": -0.9353750944137573}, "datetime": {"datetime": "2021-07-18 15:36:36", "elapsed": 0.22762, "delta": 0.000358}}
{"target": -4.073616027832031, "params": {"x1": 0.3781784772872925, "x2": -0.4192134737968445}, "datetime": {"datetime": "2021-07-18 15:36:36", "elapsed": 0.228144, "delta": 0.000524}}
{"target": -4.073616027832031, "params": {"x1": 0.3781784772872925, "x2": -0.4192134737968445}, "datetime": {"datetime": "2021-07-18 15:36:36", "elapsed": 0.228501, "delta": 0.000357}}
{"target": -4.073616027832031, "params": {"x1": 0.3781784772872925, "x2": -0.4192134737968445}, "datetime": {"datetime": "2021-07-18 15:36:36", "elapsed": 0.22885, "delta": 0.000349}}
{"target": -5.215569496154785, "params": {"x1": -1.241483449935913, "x2": 0.9176274538040161}, "datetime": {"datetime": "2021-07-18 15:36:36", "elapsed": 0.229373, "delta": 0.000523}}
{"target": -1.7558974027633667, "params": {"x1": -0.9536206126213074, "x2": 0.5358533263206482}, "datetime": {"datetime": "2021-07-18 15:36:36", "elapsed": 0.22991, "delta": 0.000537}}
{"target": -4.724697589874268, "params": {"x1": 0.7637977004051208, "x2": -1.7268661260604858}, "datetime": {"datetime": "2021-07-18 15:36:36", "elapsed": 0.230445, "delta": 0.000535}}
{"target": -5.967227935791016, "params": {"x1": 0.8384853601455688, "x2": 1.7147032022476196}, "datetime": {"datetime": "2021-07-18 15:36:36", "elapsed": 0.230982, "delta": 0.000537}}
{"target": -4.944448471069336, "params": {"x1": -1.205536127090454, "x2": 0.53551185131073}, "datetime": {"datetime": "2021-07-18 15:36:36", "elapsed": 0.231514, "delta": 0.000532}}
{"target": -2.2117879390716553, "params": {"x1": -2.0487122535705566, "x2": 0.4790245592594147}, "datetime": {"datetime": "2021-07-18 15:36:36", "elapsed": 0.232048, "delta": 0.000534}}
{"target": -6.061661720275879, "params": {"x1": 1.2783364057540894, "x2": -0.91494220495224}, "datetime": {"datetime": "2021-07-18 15:36:36", "elapsed": 0.232584, "delta": 0.000536}}
{"target": -5.6747870445251465, "params": {"x1": 0.9007171988487244, "x2": -0.41035687923431396}, "datetime": {"datetime": "2021-07-18 15:36:36", "elapsed": 0.23312, "delta": 0.000536}}
{"target": -5.6747870445251465, "params": {"x1": 0.9007171988487244, "x2": -0.41035687923431396}, "datetime": {"datetime": "2021-07-18 15:36:36", "elapsed": 0.233486, "delta": 0.000366}}
{"target": -5.6747870445251465, "params": {"x1": 0.9007171988487244, "x2": -0.41035687923431396}, "datetime": {"datetime": "2021-07-18 15:36:36", "elapsed": 0.233845, "delta": 0.000359}}
{"target": -1.1206402778625488, "params": {"x1": 0.11329790204763412, "x2": -0.9804876446723938}, "datetime": {"datetime": "2021-07-18 15:36:36", "elapsed": 0.234372, "delta": 0.000527}}
{"target": -1.1206402778625488, "params": {"x1": 0.11329790204763412, "x2": -0.9804876446723938}, "datetime": {"datetime": "2021-07-18 15:36:36", "elapsed": 0.234733, "delta": 0.000361}}
{"target": -1.1206402778625488, "params": {"x1": 0.11329790204763412, "x2": -0.9804876446723938}, "datetime": {"datetime": "2021-07-18 15:36:36", "elapsed": 0.235083, "delta": 0.00035}}
{"target": -2.2310783863067627, "params": {"x1": -2.3065085411071777, "x2": 1.0745830535888672}, "datetime": {"datetime": "2021-07-18 15:36:36", "elapsed": 0.23561, "delta": 0.000527}}
{"target": -2.2310783863067627, "params": {"x1": -2.3065085411071777, "x2": 1.0745830535888672}, "datetime": {"datetime": "2021-07-18 15:36:36", "elapsed": 0.235974, "delta": 0.000364}}
{"target": -7.653003692626953, "params": {"x1": 0.4322742819786072, "x2": 0.8924002051353455}, "datetime": {"datetime": "2021-07-18 15:36:36", "elapsed": 0.236505, "delta": 0.000531}}
{"target": -7.653003692626953, "params": {"x1": 0.4322742819786072, "x2": 0.8924002051353455}, "datetime": {"datetime": "2021-07-18 15:36:36", "elapsed": 0.236868, "delta": 0.000363}}
{"target": -4.9412736892700195, "params": {"x1": 0.5216943025588989, "x2": -0.5861101150512695}, "datetime": {"datetime": "2021-07-18 15:36:36", "elapsed": 0.237429, "delta": 0.000561}}
{"target": -3.1548943519592285, "params": {"x1": -0.39799532294273376, "x2": -1.242173194885254}, "datetime": {"datetime": "2021-07-18 15:36:36", "elapsed": 0.238005, "delta": 0.000576}}
{"target": -3.903801918029785, "params": {"x1": -0.7891808748245239, "x2": 0.277293860912323}, "datetime": {"datetime": "2021-07-18 15:36:36", "elapsed": 0.238552, "delta": 0.000547}}
{"target": -3.903801918029785, "params": {"x1": -0.7891808748245239, "x2": 0.277293860912323}, "datetime": {"datetime": "2021-07-18 15:36:36", "elapsed": 0.238917, "delta": 0.000365}}
{"target": -3.585158348083496, "params": {"x1": -1.9005532264709473, "x2": -1.6120555400848389}, "datetime": {"datetime": "2021-07-18 15:36:36", "elapsed": 0.239449, "delta": 0.000532}}
{"target": -3.585158348083496, "params": {"x1": -1.9005532264709473, "x2": -1.6120555400848389}, "datetime": {"datetime": "2021-07-18 15:36:36", "elapsed": 0.239816, "delta": 0.000367}}
{"target": -5.464311599731445, "params": {"x1": 0.8702965974807739, "x2": 1.050157904624939}, "datetime": {"datetime": "2021-07-18 15:36:36", "elapsed": 0.240348, "delta": 0.000532}}
{"target": -3.040707588195801, "params": {"x1": 1.6192004680633545, "x2": -2.0726318359375}, "datetime": {"datetime": "2021-07-18 15:36:36", "elapsed": 0.240887, "delta": 0.000539}}
{"target": -1.4357973337173462, "params": {"x1": 0.12682189047336578, "x2": -0.10626579821109772}, "datetime": {"datetime": "2021-07-18 15:36:36", "elapsed": 0.241427, "delta": 0.00054}}
{"target": -3.3331797122955322, "params": {"x1": -0.33197471499443054, "x2": 0.832058310508728}, "datetime": {"datetime": "2021-07-18 15:36:36", "elapsed": 0.241969, "delta": 0.000542}}
{"target": -1.695734977722168, "params": {"x1": -0.057920295745134354, "x2": -0.746330976486206}, "datetime": {"datetime": "2021-07-18 15:36:36", "elapsed": 0.242511, "delta": 0.000542}}
{"target": -4.535213947296143, "params": {"x1": 0.5064983367919922, "x2": 0.27361416816711426}, "datetime": {"datetime": "2021-07-18 15:36:36", "elapsed": 0.243052, "delta": 0.000541}}
{"target": -4.53952169418335, "params": {"x1": 0.8123369216918945, "x2": -1.2018290758132935}, "datetime": {"datetime": "2021-07-18 15:36:36", "elapsed": 0.243624, "delta": 0.000572}}
{"target": -5.721023082733154, "params": {"x1": 0.03610055148601532, "x2": 1.255910038948059}, "datetime": {"datetime": "2021-07-18 15:36:36", "elapsed": 0.244174, "delta": 0.00055}}
{"target": -5.768481731414795, "params": {"x1": 1.7684898376464844, "x2": 0.6679447293281555}, "datetime": {"datetime": "2021-07-18 15:36:36", "elapsed": 0.244721, "delta": 0.000547}}
{"target": -1.9752463102340698, "params": {"x1": 1.1412016153335571, "x2": -0.15184549987316132}, "datetime": {"datetime": "2021-07-18 15:36:36", "elapsed": 0.245261, "delta": 0.00054}}
{"target": -4.504051208496094, "params": {"x1": 0.15431594848632812, "x2": -1.0814110040664673}, "datetime": {"datetime": "2021-07-18 15:36:36", "elapsed": 0.245848, "delta": 0.000587}}
{"target": -4.504051208496094, "params": {"x1": 0.15431594848632812, "x2": -1.0814110040664673}, "datetime": {"datetime": "2021-07-18 15:36:36", "elapsed": 0.24622, "delta": 0.000372}}
{"target": -4.841647148132324, "params": {"x1": 2.0486814975738525, "x2": 1.2465280294418335}, "datetime": {"datetime": "2021-07-18 15:36:36", "elapsed": 0.246761, "delta": 0.000541}}
{"target": -5.4539971351623535, "params": {"x1": -2.172283887863159, "x2": 1.3563427925109863}, "datetime": {"datetime": "2021-07-18 15:36:36", "elapsed": 0.247304, "delta": 0.000543}}
{"target": -5.4539971351623535, "params": {"x1": -2.172283887863159, "x2": 1.3563427925109863}, "datetime": {"datetime": "2021-07-18 15:36:36", "elapsed": 0.24768, "delta": 0.000376}}
{"target": -5.4539971351623535, "params": {"x1": -2.172283887863159, "x2": 1.3563427925109863}, "datetime": {"datetime": "2021-07-18 15:36:36", "elapsed": 0.248044, "delta": 0.000364}}
{"target": -5.4539971351623535, "params": {"x1": -2.172283887863159, "x2": 1.3563427925109863}, "datetime": {"datetime": "2021-07-18 15:36:36", "elapsed": 0.248408, "delta": 0.000364}}
{"target": -3.2851829528808594, "params": {"x1": -0.35899198055267334, "x2": -0.9907869696617126}, "datetime": {"datetime": "2021-07-18 15:36:36", "elapsed": 0.248944, "delta": 0.000536}}
{"target": -3.2851829528808594, "params": {"x1": -0.35899198055267334, "x2": -0.9907869696617126}, "datetime": {"datetime": "2021-07-18 15:36:36", "elapsed": 0.249315, "delta": 0.000371}}
{"target": -3.2851829528808594, "params": {"x1": -0.35899198055267334, "x2": -0.9907869696617126}, "datetime": {"datetime": "2021-07-18 15:36:36", "elapsed": 0.249687, "delta": 0.000372}}
{"target": -4.609038829803467, "params": {"x1": 0.6784184575080872, "x2": -0.2346276491880417}, "datetime": {"datetime": "2021-07-18 15:36:36", "elapsed": 0.250237, "delta": 0.00055}}
{"target": -4.609038829803467, "params": {"x1": 0.6784184575080872, "x2": -0.2346276491880417}, "datetime": {"datetime": "2021-07-18 15:36:36", "elapsed": 0.250652, "delta": 0.000415}}
{"target": -0.24198958277702332, "params": {"x1": -0.6417241096496582, "x2": -1.6844158172607422}, "datetime": {"datetime": "2021-07-18 15:36:36", "elapsed": 0.251202, "delta": 0.00055}}
{"target": -0.24198958277702332, "params": {"x1": -0.6417241096496582, "x2": -1.6844158172607422}, "datetime": {"datetime": "2021-07-18 15:36:36", "elapsed": 0.251577, "delta": 0.000375}}
{"target": -0.24198958277702332, "params": {"x1": -0.6417241096496582, "x2": -1.6844158172607422}, "datetime": {"datetime": "2021-07-18 15:36:36", "elapsed": 0.251945, "delta": 0.000368}}
{"target": -0.24198958277702332, "params": {"x1": -0.6417241096496582, "x2": -1.6844158172607422}, "datetime": {"datetime": "2021-07-18 15:36:36", "elapsed": 0.252307, "delta": 0.000362}}
{"target": -7.380314826965332, "params": {"x1": 1.8890222311019897, "x2": 1.5677039623260498}, "datetime": {"datetime": "2021-07-18 15:36:36", "elapsed": 0.252851, "delta": 0.000544}}
{"target": -7.380314826965332, "params": {"x1": 1.8890222311019897, "x2": 1.5677039623260498}, "datetime": {"datetime": "2021-07-18 15:36:36", "elapsed": 0.253227, "delta": 0.000376}}
{"target": -4.234922885894775, "params": {"x1": -0.6011420488357544, "x2": 0.5014525055885315}, "datetime": {"datetime": "2021-07-18 15:36:36", "elapsed": 0.253816, "delta": 0.000589}}
{"target": -4.234922885894775, "params": {"x1": -0.6011420488357544, "x2": 0.5014525055885315}, "datetime": {"datetime": "2021-07-18 15:36:36", "elapsed": 0.254194, "delta": 0.000378}}
{"target": -4.234922885894775, "params": {"x1": -0.6011420488357544, "x2": 0.5014525055885315}, "datetime": {"datetime": "2021-07-18 15:36:36", "elapsed": 0.25456, "delta": 0.000366}}
{"target": -2.454782247543335, "params": {"x1": -0.6919524669647217, "x2": 0.44275155663490295}, "datetime": {"datetime": "2021-07-18 15:36:36", "elapsed": 0.255099, "delta": 0.000539}}
{"target": -2.454782247543335, "params": {"x1": -0.6919524669647217, "x2": 0.44275155663490295}, "datetime": {"datetime": "2021-07-18 15:36:36", "elapsed": 0.255473, "delta": 0.000374}}
{"target": -3.29449200630188, "params": {"x1": -1.13597571849823, "x2": -0.2916174530982971}, "datetime": {"datetime": "2021-07-18 15:36:36", "elapsed": 0.256014, "delta": 0.000541}}
{"target": -3.29449200630188, "params": {"x1": -1.13597571849823, "x2": -0.2916174530982971}, "datetime": {"datetime": "2021-07-18 15:36:36", "elapsed": 0.25639, "delta": 0.000376}}
{"target": -2.9160330295562744, "params": {"x1": 1.0330873727798462, "x2": -1.1237260103225708}, "datetime": {"datetime": "2021-07-18 15:36:36", "elapsed": 0.256934, "delta": 0.000544}}
{"target": -2.9160330295562744, "params": {"x1": 1.0330873727798462, "x2": -1.1237260103225708}, "datetime": {"datetime": "2021-07-18 15:36:36", "elapsed": 0.257312, "delta": 0.000378}}
{"target": -3.595259189605713, "params": {"x1": 1.2964228391647339, "x2": -0.23220781981945038}, "datetime": {"datetime": "2021-07-18 15:36:36", "elapsed": 0.257882, "delta": 0.00057}}
{"target": -3.3908205032348633, "params": {"x1": 1.1477830410003662, "x2": -0.4358613193035126}, "datetime": {"datetime": "2021-07-18 15:36:36", "elapsed": 0.258443, "delta": 0.000561}}
{"target": -2.0483407974243164, "params": {"x1": 0.3830311596393585, "x2": 1.3371288776397705}, "datetime": {"datetime": "2021-07-18 15:36:36", "elapsed": 0.259, "delta": 0.000557}}
{"target": -1.6046417951583862, "params": {"x1": -0.5207571387290955, "x2": -2.527074098587036}, "datetime": {"datetime": "2021-07-18 15:36:36", "elapsed": 0.259552, "delta": 0.000552}}
{"target": -3.8690850734710693, "params": {"x1": 0.25403109192848206, "x2": -1.318347454071045}, "datetime": {"datetime": "2021-07-18 15:36:36", "elapsed": 0.260104, "delta": 0.000552}}
{"target": -3.8690850734710693, "params": {"x1": 0.25403109192848206, "x2": -1.318347454071045}, "datetime": {"datetime": "2021-07-18 15:36:36", "elapsed": 0.260539, "delta": 0.000435}}
{"target": -5.393612384796143, "params": {"x1": -1.3614802360534668, "x2": 0.04335293173789978}, "datetime": {"datetime": "2021-07-18 15:36:36", "elapsed": 0.261091, "delta": 0.000552}}
{"target": -3.236516237258911, "params": {"x1": -1.3793021440505981, "x2": 1.4447131156921387}, "datetime": {"datetime": "2021-07-18 15:36:36", "elapsed": 0.261691, "delta": 0.0006}}
{"target": -3.236516237258911, "params": {"x1": -1.3793021440505981, "x2": 1.4447131156921387}, "datetime": {"datetime": "2021-07-18 15:36:36", "elapsed": 0.262204, "delta": 0.000513}}
{"target": -3.236516237258911, "params": {"x1": -1.3793021440505981, "x2": 1.4447131156921387}, "datetime": {"datetime": "2021-07-18 15:36:36", "elapsed": 0.262707, "delta": 0.000503}}
{"target": -3.236516237258911, "params": {"x1": -1.3793021440505981, "x2": 1.4447131156921387}, "datetime": {"datetime": "2021-07-18 15:36:36", "elapsed": 0.263201, "delta": 0.000494}}
{"target": -3.236516237258911, "params": {"x1": -1.3793021440505981, "x2": 1.4447131156921387}, "datetime": {"datetime": "2021-07-18 15:36:36", "elapsed": 0.263776, "delta": 0.000575}}
{"target": -4.437525749206543, "params": {"x1": -2.5095443725585938, "x2": 0.03007749281823635}, "datetime": {"datetime": "2021-07-18 15:36:36", "elapsed": 0.264521, "delta": 0.000745}}
{"target": -2.369020462036133, "params": {"x1": -0.03363388776779175, "x2": 0.5342488288879395}, "datetime": {"datetime": "2021-07-18 15:36:36", "elapsed": 0.265264, "delta": 0.000743}}
{"target": -4.9681477546691895, "params": {"x1": 0.44605663418769836, "x2": 0.16795289516448975}, "datetime": {"datetime": "2021-07-18 15:36:36", "elapsed": 0.266027, "delta": 0.000763}}
{"target": -4.9681477546691895, "params": {"x1": 0.44605663418769836, "x2": 0.16795289516448975}, "datetime": {"datetime": "2021-07-18 15:36:36", "elapsed": 0.266543, "delta": 0.000516}}
{"target": -4.9681477546691895, "params": {"x1": 0.44605663418769836, "x2": 0.16795289516448975}, "datetime": {"datetime": "2021-07-18 15:36:36", "elapsed": 0.267046, "delta": 0.000503}}
{"target": -4.9681477546691895, "params": {"x1": 0.44605663418769836, "x2": 0.16795289516448975}, "datetime": {"datetime": "2021-07-18 15:36:36", "elapsed": 0.267546, "delta": 0.0005}}
{"target": -4.9681477546691895, "params": {"x1": 0.44605663418769836, "x2": 0.16795289516448975}, "datetime": {"datetime": "2021-07-18 15:36:36", "elapsed": 0.268043, "delta": 0.000497}}
{"target": -5.496318817138672, "params": {"x1": -0.8076189756393433, "x2": 0.9070028066635132}, "datetime": {"datetime": "2021-07-18 15:36:36", "elapsed": 0.268779, "delta": 0.000736}}
{"target": -5.496318817138672, "params": {"x1": -0.8076189756393433, "x2": 0.9070028066635132}, "datetime": {"datetime": "2021-07-18 15:36:36", "elapsed": 0.269292, "delta": 0.000513}}
{"target": -2.457618474960327, "params": {"x1": 0.9871290922164917, "x2": 0.46789491176605225}, "datetime": {"datetime": "2021-07-18 15:36:36", "elapsed": 0.270039, "delta": 0.000747}}
{"target": -3.2039647102355957, "params": {"x1": -1.0494661331176758, "x2": -0.9303572773933411}, "datetime": {"datetime": "2021-07-18 15:36:36", "elapsed": 0.270795, "delta": 0.000756}}
{"target": -2.292328119277954, "params": {"x1": -0.5297411680221558, "x2": 0.9206437468528748}, "datetime": {"datetime": "2021-07-18 15:36:36", "elapsed": 0.271549, "delta": 0.000754}}
{"target": -3.4578797817230225, "params": {"x1": 0.739393413066864, "x2": -0.5315045118331909}, "datetime": {"datetime": "2021-07-18 15:36:36", "elapsed": 0.272312, "delta": 0.000763}}
{"target": -3.4578797817230225, "params": {"x1": 0.739393413066864, "x2": -0.5315045118331909}, "datetime": {"datetime": "2021-07-18 15:36:36", "elapsed": 0.272845, "delta": 0.000533}}
{"target": -3.4578797817230225, "params": {"x1": 0.739393413066864, "x2": -0.5315045118331909}, "datetime": {"datetime": "2021-07-18 15:36:36", "elapsed": 0.273365, "delta": 0.00052}}
{"target": -3.4578797817230225, "params": {"x1": 0.739393413066864, "x2": -0.5315045118331909}, "datetime": {"datetime": "2021-07-18 15:36:36", "elapsed": 0.273902, "delta": 0.000537}}
{"target": -4.451403617858887, "params": {"x1": 0.24659274518489838, "x2": -1.4810338020324707}, "datetime": {"datetime": "2021-07-18 15:36:36", "elapsed": 0.274573, "delta": 0.000671}}
{"target": -4.451403617858887, "params": {"x1": 0.24659274518489838, "x2": -1.4810338020324707}, "datetime": {"datetime": "2021-07-18 15:36:36", "elapsed": 0.275038, "delta": 0.000465}}
{"target": -6.113260746002197, "params": {"x1": 0.3398909568786621, "x2": 0.10542400926351547}, "datetime": {"datetime": "2021-07-18 15:36:36", "elapsed": 0.275701, "delta": 0.000663}}
{"target": -6.113260746002197, "params": {"x1": 0.3398909568786621, "x2": 0.10542400926351547}, "datetime": {"datetime": "2021-07-18 15:36:36", "elapsed": 0.276164, "delta": 0.000463}}
{"target": -5.15861701965332, "params": {"x1": 0.35730111598968506, "x2": 1.2105144262313843}, "datetime": {"datetime": "2021-07-18 15:36:36", "elapsed": 0.276836, "delta": 0.000672}}
{"target": -5.15861701965332, "params": {"x1": 0.35730111598968506, "x2": 1.2105144262313843}, "datetime": {"datetime": "2021-07-18 15:36:36", "elapsed": 0.277406, "delta": 0.00057}}
{"target": -5.15861701965332, "params": {"x1": 0.35730111598968506, "x2": 1.2105144262313843}, "datetime": {"datetime": "2021-07-18 15:36:36", "elapsed": 0.277829, "delta": 0.000423}}
{"target": -5.15861701965332, "params": {"x1": 0.35730111598968506, "x2": 1.2105144262313843}, "datetime": {"datetime": "2021-07-18 15:36:36", "elapsed": 0.278243, "delta": 0.000414}}
