{"target": -3.468956232070923, "params": {"x1": -0.605182409286499, "x2": -0.22237657010555267}, "datetime": {"datetime": "2021-07-18 15:36:36", "elapsed": 0.040602, "delta": 0.000329}}
{"target": -2.5564815998077393, "params": {"x1": -1.8736529350280762, "x2": -1.4793612957000732}, "datetime": {"datetime": "2021-07-18 15:36:36", "elapsed": 0.040933, "delta": 0.000331}}
{"target": -2.5564815998077393, "params": {"x1": -1.8736529350280762, "x2": -1.4793612957000732}, "datetime": {"datetime": "2021-07-18 15:36:36", "elapsed": 0.041095, "delta": 0.000162}}
{"target": -2.724909543991089, "params": {"x1": -2.2063984870910645, "x2": -1.163604974746704}, "datetime": {"datetime": "2021-07-18 15:36:36", "elapsed": 0.041421, "delta": 0.000326}}
{"target": -0.8112695813179016, "params": {"x1": -0.22963792085647583, "x2": 0.14227113127708435}, "datetime": {"datetime": "2021-07-18 15:36:36", "elapsed": 0.041759, "delta": 0.000338}}
{"target": -3.7661890983581543, "params": {"x1": 2.0265355110168457, "x2": -0.26485249400138855}, "datetime": {"datetime": "2021-07-18 15:36:36", "elapsed": 0.042099, "delta": 0.00034}}
{"target": -2.021772861480713, "params": {"x1": 0.5934628248214722, "x2": 0.4278451204299927}, "datetime": {"datetime": "2021-07-18 15:36:36", "elapsed": 0.042433, "delta": 0.000334}}
{"target": -6.444424152374268, "params": {"x1": 1.5080454349517822, "x2": 2.810397148132324}, "datetime": {"datetime": "2021-07-18 15:36:36", "elapsed": 0.042768, "delta": 0.000335}}
{"target": -5.538002967834473, "params": {"x1": 0.9624499082565308, "x2": -0.1418401002883911}, "datetime": {"datetime": "2021-07-18 15:36:36", "elapsed": 0.043103, "delta": 0.000335}}
{"target": -3.272777795791626, "params": {"x1": 0.6092063784599304, "x2": -1.315760612487793}, "datetime": {"datetime": "2021-07-18 15:36:36", "elapsed": 0.043443, "delta": 0.00034}}
{"target": -4.9922261238098145, "params": {"x1": 0.2649095058441162, "x2": -0.4611479938030243}, "datetime": {"datetime": "2021-07-18 15:36:36", "elapsed": 0.04381, "delta": 0.000367}}
{"target": -6.161223411560059, "params": {"x1": 1.179942011833191, "x2": 0.7780604362487793}, "datetime": {"datetime": "2021-07-18 15:36:36", "elapsed": 0.04415, "delta": 0.00034}}
{"target": -4.131341457366943, "params": {"x1": 0.12191462516784668, "x2": 0.528777003288269}, "datetime": {"datetime": "2021-07-18 15:36:36", "elapsed": 0.044487, "delta": 0.000337}}
{"target": -4.131341457366943, "params": {"x1": 0.12191462516784668, "x2": 0.528777003288269}, "datetime": {"datetime": "2021-07-18 15:36:36", "elapsed": 0.044653, "delta": 0.000166}}
{"target": -3.6018147468566895, "params": {"x1": -0.20004984736442566, "x2": 1.5084929466247559}, "datetime": {"datetime": "2021-07-18 15:36:36", "elapsed": 0.044986, "delta": 0.000333}}
{"target": -3.6890997886657715, "params": {"x1": -0.0007737990817986429, "x2": 0.12175866961479187}, "datetime": {"datetime": "2021-07-18 15:36:36", "elapsed": 0.045329, "delta": 0.000343}}
{"target": -5.153111934661865, "params": {"x1": -0.45791950821876526, "x2": 1.3513535261154175}, "datetime": {"datetime": "2021-07-18 15:36:36", "elapsed": 0.045713, "delta": 0.000384}}
{"target": -4.92525053024292, "params": {"x1": 0.2761341631412506, "x2": 0.09833063185214996}, "datetime": {"datetime": "2021-07-18 15:36:36", "elapsed": 0.04606, "delta": 0.000347}}
{"target": -4.9780049324035645, "params": {"x1": 0.08790969103574753, "x2": 0.9141790866851807}, "datetime": {"datetime": "2021-07-18 15:36:36", "elapsed": 0.046403, "delta": 0.000343}}
{"target": -3.1056437492370605, "params": {"x1": -0.8056637048721313, "x2": -0.20693671703338623}, "datetime": {"datetime": "2021-07-18 15:36:36", "elapsed": 0.046743, "delta": 0.00034}}
{"target": -5.520932674407959, "params": {"x1": 1.1792222261428833, "x2": -0.500217616558075}, "datetime": {"datetime": "2021-07-18 15:36:36", "elapsed": 0.047089, "delta": 0.000346}}
{"target": -7.214365005493164, "params": {"x1": 0.5309328436851501, "x2": 2.353518486022949}, "datetime": {"datetime": "2021-07-18 15:36:36", "elapsed": 0.047476, "delta": 0.000387}}
{"target": -6.323740005493164, "params": {"x1": 1.182044506072998, "x2": 0.37779226899147034}, "datetime": {"datetime": "2021-07-18 15:36:36", "elapsed": 0.047818, "delta": 0.000342}}
{"target": -1.5857499837875366, "params": {"x1": -0.2633814215660095, "x2": -2.8945116996765137}, "datetime": {"datetime": "2021-07-18 15:36:36", "elapsed": 0.048164, "delta": 0.000346}}
{"target": -4.232332706451416, "params": {"x1": 0.6663737893104553, "x2": 0.1490848809480667}, "datetime": {"datetime": "2021-07-18 15:36:36", "elapsed": 0.048504, "delta": 0.00034}}
{"target": -6.888199329376221, "params": {"x1": -0.1177205815911293, "x2": 1.936702013015747}, "datetime": {"datetime": "2021-07-18 15:36:36", "elapsed": 0.048849, "delta": 0.000345}}
{"target": -3.527301073074341, "params": {"x1": -0.3875778615474701, "x2": -0.7671046257019043}, "datetime": {"datetime": "2021-07-18 15:36:36", "elapsed": 0.04919, "delta": 0.000341}}
{"target": -3.009230375289917, "params": {"x1": 0.3683530390262604, "x2": -0.28223374485969543}, "datetime": {"datetime": "2021-07-18 15:36:36", "elapsed": 0.049535, "delta": 0.000345}}
{"target": -3.009230375289917, "params": {"x1": 0.3683530390262604, "x2": -0.28223374485969543}, "datetime": {"datetime": "2021-07-18 15:36:36", "elapsed": 0.049713, "delta": 0.000178}}
{"target": -3.009230375289917, "params": {"x1": 0.3683530390262604, "x2": -0.28223374485969543}, "datetime": {"datetime": "2021-07-18 15:36:36", "elapsed": 0.049879, "delta": 0.000166}}
{"target": -3.009230375289917, "params": {"x1": 0.3683530390262604, "x2": -0.28223374485969543}, "datetime": {"datetime": "2021-07-18 15:36:36", "elapsed": 0.050042, "delta": 0.000163}}
{"target": -0.43211373686790466, "params": {"x1": 0.0835680365562439, "x2": -1.2148451805114746}, "datetime": {"datetime": "2021-07-18 15:36:36", "elapsed": 0.050423, "delta": 0.000381}}
{"target": -4.31917667388916, "params": {"x1": -0.7110859751701355, "x2": -0.1686161607503891}, "datetime": {"datetime": "2021-07-18 15:36:36", "elapsed": 0.050775, "delta": 0.000352}}
{"target": -4.21980094909668, "params": {"x1": 0.5760045647621155, "x2": 2.0516979694366455}, "datetime": {"datetime": "2021-07-18 15:36:36", "elapsed": 0.051123, "delta": 0.000348}}
{"target": -4.677916049957275, "params": {"x1": 0.47876790165901184, "x2": -0.45266544818878174}, "datetime": {"datetime": "2021-07-18 15:36:36", "elapsed": 0.05147, "delta": 0.000347}}
{"target": -5.507006645202637, "params": {"x1": 0.455719918012619, "x2": 0.6544674038887024}, "datetime": {"datetime": "2021-07-18 15:36:36", "elapsed": 0.051821, "delta": 0.000351}}
{"target": -6.946952819824219, "params": {"x1": -0.5187733173370361, "x2": 2.121837854385376}, "datetime": {"datetime": "2021-07-18 15:36:36", "elapsed": 0.052166, "delta": 0.000345}}
{"target": -2.781193971633911, "params": {"x1": 2.1227850914001465, "x2": -0.7586203217506409}, "datetime": {"datetime": "2021-07-18 15:36:36", "elapsed": 0.052519, "delta": 0.000353}}
{"target": -4.499236106872559, "params": {"x1": 1.96529221534729, "x2": -0.6502721905708313}, "datetime": {"datetime": "2021-07-18 15:36:36", "elapsed": 0.052868, "delta": 0.000349}}
{"target": -4.499236106872559, "params": {"x1": 1.96529221534729, "x2": -0.6502721905708313}, "datetime": {"datetime": "2021-07-18 15:36:36", "elapsed": 0.053052, "delta": 0.000184}}
{"target": -1.6985384225845337, "params": {"x1": -0.8225308656692505, "x2": -0.9300417900085449}, "datetime": {"datetime": "2021-07-18 15:36:36", "elapsed": 0.053394, "delta": 0.000342}}
{"target": -6.722857475280762, "params": {"x1": 0.8556069731712341, "x2": 3.150531768798828}, "datetime": {"datetime": "2021-07-18 15:36:36", "elapsed": 0.053747, "delta": 0.000353}}
{"target": -4.682124137878418, "params": {"x1": 0.02864718623459339, "x2": 0.3934462368488312}, "datetime": {"datetime": "2021-07-18 15:36:36", "elapsed": 0.054097, "delta": 0.00035}}
{"target": -4.682124137878418, "params": {"x1": 0.02864718623459339, "x2": 0.3934462368488312}, "datetime": {"datetime": "2021-07-18 15:36:36", "elapsed": 0.054277, "delta": 0.00018}}
{"target": -4.682124137878418, "params": {"x1": 0.02864718623459339, "x2": 0.3934462368488312}, "datetime": {"datetime": "2021-07-18 15:36:36", "elapsed": 0.054452, "delta": 0.000175}}
{"target": -1.2986180782318115, "params": {"x1": 0.4344584047794342, "x2": -0.029142292216420174}, "datetime": {"datetime": "2021-07-18 15:36:36", "elapsed": 0.054797, "delta": 0.000345}}
{"target": -1.2986180782318115, "params": {"x1": 0.4344584047794342, "x2": -0.029142292216420174}, "datetime": {"datetime": "2021-07-18 15:36:36", "elapsed": 0.054977, "delta": 0.00018}}
{"target": -1.2986180782318115, "params": {"x1": 0.4344584047794342, "x2": -0.029142292216420174}, "datetime": {"datetime": "2021-07-18 15:36:36", "elapsed": 0.055153, "delta": 0.000176}}
{"target": -4.03367805480957, "params": {"x1": 1.7173614501953125, "x2": 0.9274609088897705}, "datetime": {"datetime": "2021-07-18 15:36:36", "elapsed": 0.055501, "delta": 0.000348}}
{"target": -4.03367805480957, "params": {"x1": 1.7173614501953125, "x2": 0.9274609088897705}, "datetime": {"datetime": "2021-07-18 15:36:36", "elapsed": 0.055685, "delta": 0.000184}}
{"target": -4.31721305847168, "params": {"x1": -0.33701515197753906, "x2": -0.24391917884349823}, "datetime": {"datetime": "2021-07-18 15:36:36", "elapsed": 0.056032, "delta": 0.000347}}
{"target": -5.37313175201416, "params": {"x1": 0.47808775305747986, "x2": -0.9880816340446472}, "datetime": {"datetime": "2021-07-18 15:36:36", "elapsed": 0.056387, "delta": 0.000355}}
{"target": -5.640695571899414, "params": {"x1": 0.09495851397514343, "x2": 1.8279902935028076}, "datetime": {"datetime": "2021-07-18 15:36:36", "elapsed": 0.056742, "delta": 0.000355}}
{"target": -1.0073785781860352, "params": {"x1": -1.5575724840164185, "x2": 0.569308340549469}, "datetime": {"datetime": "2021-07-18 15:36:36", "elapsed": 0.057095, "delta": 0.000353}}
{"target": -1.0073785781860352, "params": {"x1": -1.5575724840164185, "x2": 0.569308340549469}, "datetime": {"datetime": "2021-07-18 15:36:36", "elapsed": 0.057278, "delta": 0.000183}}
{"target": -1.0158922672271729, "params": {"x1": -0.42919591069221497, "x2": -1.7307369709014893}, "datetime": {"datetime": "2021-07-18 15:36:36", "elapsed": 0.057636, "delta": 0.000358}}
{"target": -4.232614040374756, "params": {"x1": 0.6016423106193542, "x2": 1.7113765478134155}, "datetime": {"datetime": "2021-07-18 15:36:36", "elapsed": 0.057994, "delta": 0.000358}}
{"target": -3.9624621868133545, "params": {"x1": 0.49674081802368164, "x2": -0.8541247248649597}, "datetime": {"datetime": "2021-07-18 15:36:36", "elapsed": 0.05835, "delta": 0.000356}}
{"target": -4.936347007751465, "params": {"x1": -0.4501533806324005, "x2": 1.5023123025894165}, "datetime": {"datetime": "2021-07-18 15:36:36", "elapsed": 0.058702, "delta": 0.000352}}
{"target": -3.377613067626953, "params": {"x1": -1.1298598051071167, "x2": -0.2612513303756714}, "datetime": {"datetime": "2021-07-18 15:36:36", "elapsed": 0.059061, "delta": 0.000359}}
{"target": -6.252107620239258, "params": {"x1": 0.3657907545566559, "x2": 1.6375963687896729}, "datetime": {"datetime": "2021-07-18 15:36:36", "elapsed": 0.059419, "delta": 0.000358}}
{"target": -4.784520149230957, "params": {"x1": 0.32332202792167664, "x2": -0.7267439365386963}, "datetime": {"datetime": "2021-07-18 15:36:36", "elapsed": 0.059777, "delta": 0.000358}}
{"target": -5.690307140350342, "params": {"x1": -0.7328027486801147, "x2": 0.5908071398735046}, "datetime": {"datetime": "2021-07-18 15:36:36", "elapsed": 0.060138, "delta": 0.000361}}
{"target": -2.0607521533966064, "params": {"x1": -1.6021603345870972, "x2": -0.6535475254058838}, "datetime": {"datetime": "2021-07-18 15:36:36", "elapsed": 0.060527, "delta": 0.000389}}
{"target": -3.417346715927124, "params": {"x1": -0.5285393595695496, "x2": -0.7779799103736877}, "datetime": {"datetime": "2021-07-18 15:36:36", "elapsed": 0.060889, "delta": 0.000362}}
{"target": -3.8216488361358643, "params": {"x1": -0.5895728468894958, "x2": 0.31492868065834045}, "datetime": {"datetime": "2021-07-18 15:36:36", "elapsed": 0.061253, "delta": 0.000364}}
{"target": -3.055097818374634, "params": {"x1": 0.056621819734573364, "x2": -0.5865293741226196}, "datetime": {"datetime": "2021-07-18 15:36:36", "elapsed": 0.061618, "delta": 0.000365}}
{"target": -4.3445916175842285, "params": {"x1": 0.8229668736457825, "x2": -0.030815819278359413}, "datetime": {"datetime": "2021-07-18 15:36:36", "elapsed": 0.061981, "delta": 0.000363}}
{"target": -5.344485759735107, "params": {"x1": 1.7732776403427124, "x2": -0.8421810865402222}, "datetime": {"datetime": "2021-07-18 15:36:36", "elapsed": 0.062341, "delta": 0.00036}}
{"target": -5.344485759735107, "params": {"x1": 1.7732776403427124, "x2": -0.8421810865402222}, "datetime": {"datetime": "2021-07-18 15:36:36", "elapsed": 0.062533, "delta": 0.000192}}
{"target": -5.344485759735107, "params": {"x1": 1.7732776403427124, "x2": -0.8421810865402222}, "datetime": {"datetime": "2021-07-18 15:36:36", "elapsed": 0.062714, "delta": 0.000181}}
{"target": -5.344485759735107, "params": {"x1": 1.7732776403427124, "x2": -0.8421810865402222}, "datetime": {"datetime": "2021-07-18 15:36:36", "elapsed": 0.062892, "delta": 0.000178}}
{"target": -2.1445651054382324, "params": {"x1": -0.04476971551775932, "x2": -0.2887089252471924}, "datetime": {"datetime": "2021-07-18 15:36:36", "elapsed": 0.063243, "delta": 0.000351}}
{"target": -2.647686719894409, "params": {"x1": -2.3184432983398438, "x2": 1.08867609500885}, "datetime": {"datetime": "2021-07-18 15:36:36", "elapsed": 0.063613, "delta": 0.00037}}
{"target": -5.4869065284729, "params": {"x1": -0.14829230308532715, "x2": -1.5535473823547363}, "datetime": {"datetime": "2021-07-18 15:36:36", "elapsed": 0.063994, "delta": 0.000381}}
{"target": -4.12322998046875, "params": {"x1": -0.2505214214324951, "x2": -0.8289412260055542}, "datetime": {"datetime": "2021-07-18 15:36:36", "elapsed": 0.064357, "delta": 0.000363}}
{"target": -4.12322998046875, "params": {"x1": -0.2505214214324951, "x2": -0.8289412260055542}, "datetime": {"datetime": "2021-07-18 15:36:36", "elapsed": 0.06455, "delta": 0.000193}}
{"target": -4.12322998046875, "params": {"x1": -0.2505214214324951, "x2": -0.8289412260055542}, "datetime": {"datetime": "2021-07-18 15:36:36", "elapsed": 0.064737, "delta": 0.000187}}
{"target": -4.767572402954102, "params": {"x1": 0.2792847752571106, "x2": -1.2331957817077637}, "datetime": {"datetime": "2021-07-18 15:36:36", "elapsed": 0.0651, "delta": 0.000363}}
{"target": -1.3468385934829712, "params": {"x1": -1.3846737146377563, "x2": -1.253058671951294}, "datetime": {"datetime": "2021-07-18 15:36:36", "elapsed": 0.065468, "delta": 0.000368}}
{"target": -5.288513660430908, "params": {"x1": 0.5635589957237244, "x2": -1.05904221534729}, "datetime": {"datetime": "2021-07-18 15:36:36", "elapsed": 0.065879, "delta": 0.000411}}
{"target": -5.288513660430908, "params": {"x1": 0.5635589957237244, "x2": -1.05904221534729}, "datetime": {"datetime": "2021-07-18 15:36:36", "elapsed": 0.06608, "delta": 0.000201}}
{"target": -3.437124729156494, "params": {"x1": 0.03780364990234375, "x2": -0.7247031331062317}, "datetime": {"datetime": "2021-07-18 15:36:36", "elapsed": 0.06644, "delta": 0.00036}}
{"target": -4.83991003036499, "params": {"x1": -1.3641812801361084, "x2": -0.6978610754013062}, "datetime": {"datetime": "2021-07-18 15:36:36", "elapsed": 0.066805, "delta": 0.000365}}
{"target": -1.5271389484405518, "params": {"x1": -0.7171905636787415, "x2": 0.2299439013004303}, "datetime": {"datetime": "2021-07-18 15:36:36", "elapsed": 0.067173, "delta": 0.000368}}
{"target": -3.2230515480041504, "params": {"x1": -1.2868918180465698, "x2": 0.8366460204124451}, "datetime": {"datetime": "2021-07-18 15:36:36", "elapsed": 0.067542, "delta": 0.000369}}
{"target": -1.8210514783859253, "params": {"x1": -0.9228128790855408, "x2": -2.396167278289795}, "datetime": {"datetime": "2021-07-18 15:36:36", "elapsed": 0.067913, "delta": 0.000371}}
{"target": -1.8210514783859253, "params": {"x1": -0.9228128790855408, "x2": -2.396167278289795}, "datetime": {"datetime": "2021-07-18 15:36:36", "elapsed": 0.068113, "delta": 0.0002}}
{"target": -2.8253350257873535, "params": {"x1": -1.3143675327301025, "x2": 0.09018303453922272}, "datetime": {"datetime": "2021-07-18 15:36:36", "elapsed": 0.068476, "delta": 0.000363}}
{"target": -3.0600407123565674, "params": {"x1": 1.591395616531372, "x2": 0.17590725421905518}, "datetime": {"datetime": "2021-07-18 15:36:36", "elapsed": 0.068843, "delta": 0.000367}}
{"target": -3.0600407123565674, "params": {"x1": 1.591395616531372, "x2": 0.17590725421905518}, "datetime": {"datetime": "2021-07-18 15:36:36", "elapsed": 0.069044, "delta": 0.000201}}
{"target": -3.2985994815826416, "params": {"x1": -0.1742597371339798, "x2": 0.3929608166217804}, "datetime": {"datetime": "2021-07-18 15:36:36", "elapsed": 0.069409, "delta": 0.000365}}
{"target": -2.9305858612060547, "params": {"x1": -1.9775909185409546, "x2": -1.122417688369751}, "datetime": {"datetime": "2021-07-18 15:36:36", "elapsed": 0.06979, "delta": 0.000381}}
{"target": -4.0029296875, "params": {"x1": -1.2370758056640625, "x2": -1.5224734544754028}, "datetime": {"datetime": "2021-07-18 15:36:36", "elapsed": 0.070166, "delta": 0.000376}}
{"target": -3.384614944458008, "params": {"x1": -1.282929539680481, "x2": -0.32746249437332153}, "datetime": {"datetime": "2021-07-18 15:36:36", "elapsed": 0.070537, "delta": 0.000371}}
{"target": -1.4091888666152954, "params": {"x1": -0.20395424962043762, "x2": 0.41304811835289}, "datetime": {"datetime": "2021-07-18 15:36:36", "elapsed": 0.070908, "delta": 0.000371}}
{"target": -1.8813722133636475, "params": {"x1": -0.9085567593574524, "x2": 0.48605024814605713}, "datetime": {"datetime": "2021-07-18 15:36:36", "elapsed": 0.071276, "delta": 0.000368}}
{"target": -4.834025859832764, "params": {"x1": 0.08768323808908463, "x2": -1.2485027313232422}, "datetime": {"datetime": "2021-07-18 15:36:36", "elapsed": 0.071649, "delta": 0.000373}}
{"target": -4.671532154083252, "params": {"x1": -0.5786357522010803, "x2": 0.40662944316864014}, "datetime": {"datetime": "2021-07-18 15:36:36", "elapsed": 0.072027, "delta": 0.000378}}
{"target": -5.9983978271484375, "params": {"x1": 0.19955870509147644, "x2": -0.8338645100593567}, "datetime": {"datetime": "2021-07-18 15:36:36", "elapsed": 0.0724, "delta": 0.000373}}
{"target": -3.14532208442688, "params": {"x1": 0.7201864719390869, "x2": -1.339130163192749}, "datetime": {"datetime": "2021-07-18 15:36:36", "elapsed": 0.072773, "delta": 0.000373}}
{"target": -3.1780636310577393, "params": {"x1": -0.7554785013198853, "x2": -0.5482404828071594}, "datetime": {"datetime": "2021-07-18 15:36:36", "elapsed": 0.073154, "delta": 0.000381}}
{"target": -3.8939690589904785, "params": {"x1": 0.4334380030632019, "x2": -1.6395642757415771}, "datetime": {"datetime": "2021-07-18 15:36:36", "elapsed": 0.073528, "delta": 0.000374}}
{"target": -3.457805871963501, "params": {"x1": -0.23609064519405365, "x2": 0.7801634073257446}, "datetime": {"datetime": "2021-07-18 15:36:36", "elapsed": 0.07391, "delta": 0.000382}}
{"target": -0.43563133478164673, "params": {"x1": -0.8534544110298157, "x2": -0.5897568464279175}, "datetime": {"datetime": "2021-07-18 15:36:36", "elapsed": 0.074294, "delta": 0.000384}}
{"target": -0.4750017523765564, "params": {"x1": -2.7936289310455322, "x2": -0.13073162734508514}, "datetime": {"datetime": "2021-07-18 15:36:36", "elapsed": 0.074671, "delta": 0.000377}}
{"target": -0.756868839263916, "params": {"x1": -1.6593921184539795, "x2": -0.020498022437095642}, "datetime": {"datetime": "2021-07-18 15:36:36", "elapsed": 0.075048, "delta": 0.000377}}
{"target": -1.8519693613052368, "params": {"x1": -0.2515752911567688, "x2": -0.5886698961257935}, "datetime": {"datetime": "2021-07-18 15:36:36", "elapsed": 0.075429, "delta": 0.000381}}
{"target": -3.7470271587371826, "params": {"x1": 0.3316534161567688, "x2": -0.6242712140083313}, "datetime": {"datetime": "2021-07-18 15:36:36", "elapsed": 0.07581, "delta": 0.000381}}
{"target": -5.73281192779541, "params": {"x1": -0.9203909635543823, "x2": 1.002107858657837}, "datetime": {"datetime": "2021-07-18 15:36:36", "elapsed": 0.07619, "delta": 0.00038}}
{"target": -2.950637102127075, "params": {"x1": 1.2751853466033936, "x2": -0.33594465255737305}, "datetime": {"datetime": "2021-07-18 15:36:36", "elapsed": 0.07657, "delta": 0.00038}}
{"target": -2.950637102127075, "params": {"x1": 1.2751853466033936, "x2": -0.33594465255737305}, "datetime": {"datetime": "2021-07-18 15:36:36", "elapsed": 0.076781, "delta": 0.000211}}
{"target": -8.590639114379883, "params": {"x1": 1.9562491178512573, "x2": 0.580488383769989}, "datetime": {"datetime": "2021-07-18 15:36:36", "elapsed": 0.077207, "delta": 0.000426}}
{"target": -2.8132970333099365, "params": {"x1": -0.9769555926322937, "x2": -0.792843759059906}, "datetime": {"datetime": "2021-07-18 15:36:36", "elapsed": 0.077593, "delta": 0.000386}}
{"target": -2.8132970333099365, "params": {"x1": -0.9769555926322937, "x2": -0.792843759059906}, "datetime": {"datetime": "2021-07-18 15:36:36", "elapsed": 0.077811, "delta": 0.000218}}
{"target": -5.1507697105407715, "params": {"x1": 0.9956361055374146, "x2": 0.7476243376731873}, "datetime": {"datetime": "2021-07-18 15:36:36", "elapsed": 0.078189, "delta": 0.000378}}
{"target": -2.293022871017456, "params": {"x1": 0.34287506341934204, "x2": 0.008891783654689789}, "datetime": {"datetime": "2021-07-18 15:36:36", "elapsed": 0.078569, "delta": 0.00038}}
{"target": -4.42708158493042, "params": {"x1": 1.1662380695343018, "x2": -0.23876145482063293}, "datetime": {"datetime": "2021-07-18 15:36:36", "elapsed": 0.078952, "delta": 0.000383}}
