{"target": -2.8025224208831787, "params": {"x1": -2.126762628555298, "x2": -1.1626940965652466}, "datetime": {"datetime": "2021-07-18 15:36:36", "elapsed": 0.0, "delta": 0.0}}
{"target": -6.183969974517822, "params": {"x1": 0.12711313366889954, "x2": -0.08529242128133774}, "datetime": {"datetime": "2021-07-18 15:36:36", "elapsed": 0.000451, "delta": 0.000451}}
{"target": -4.090465545654297, "params": {"x1": -0.7688388824462891, "x2": -0.38158681988716125}, "datetime": {"datetime": "2021-07-18 15:36:36", "elapsed": 0.000879, "delta": 0.000428}}
{"target": -3.415783166885376, "params": {"x1": -0.6071268916130066, "x2": -0.11644338816404343}, "datetime": {"datetime": "2021-07-18 15:36:36", "elapsed": 0.001149, "delta": 0.00027}}
{"target": -3.1815433502197266, "params": {"x1": -0.1790592074394226, "x2": -1.2894185781478882}, "datetime": {"datetime": "2021-07-18 15:36:36", "elapsed": 0.001417, "delta": 0.000268}}
{"target": -2.104269027709961, "params": {"x1": -1.1797568798065186, "x2": -0.49008455872535706}, "datetime": {"datetime": "2021-07-18 15:36:36", "elapsed": 0.001744, "delta": 0.000327}}
{"target": -3.109764575958252, "params": {"x1": -0.02399955503642559, "x2": 0.25435417890548706}, "datetime": {"datetime": "2021-07-18 15:36:36", "elapsed": 0.00214, "delta": 0.000396}}
{"target": -3.109764575958252, "params": {"x1": -0.02399955503642559, "x2": 0.25435417890548706}, "datetime": {"datetime": "2021-07-18 15:36:36", "elapsed": 0.002287, "delta": 0.000147}}
{"target": -1.009582757949829, "params": {"x1": -0.7469954490661621, "x2": -0.8518043160438538}, "datetime": {"datetime": "2021-07-18 15:36:36", "elapsed": 0.002677, "delta": 0.00039}}
{"target": -2.778749942779541, "params": {"x1": 0.15392017364501953, "x2": -1.2532026767730713}, "datetime": {"datetime": "2021-07-18 15:36:36", "elapsed": 0.00307, "delta": 0.000393}}
{"target": -6.087760925292969, "params": {"x1": 1.5885895490646362, "x2": 0.2531333863735199}, "datetime": {"datetime": "2021-07-18 15:36:36", "elapsed": 0.003464, "delta": 0.000394}}
{"target": -6.310206890106201, "params": {"x1": 2.0070879459381104, "x2": 0.10004822909832001}, "datetime": {"datetime": "2021-07-18 15:36:36", "elapsed": 0.003861, "delta": 0.000397}}
{"target": -3.42128324508667, "params": {"x1": -0.886031985282898, "x2": -1.737373948097229}, "datetime": {"datetime": "2021-07-18 15:36:36", "elapsed": 0.004258, "delta": 0.000397}}
{"target": -7.229555130004883, "params": {"x1": 0.8757511377334595, "x2": 0.7085697650909424}, "datetime": {"datetime": "2021-07-18 15:36:36", "elapsed": 0.004648, "delta": 0.00039}}
{"target": -1.6149507761001587, "params": {"x1": -0.32063713669776917, "x2": -1.7002424001693726}, "datetime": {"datetime": "2021-07-18 15:36:36", "elapsed": 0.005043, "delta": 0.000395}}
{"target": -3.4030792713165283, "params": {"x1": 1.111746072769165, "x2": -0.3568725883960724}, "datetime": {"datetime": "2021-07-18 15:36:36", "elapsed": 0.005443, "delta": 0.0004}}
{"target": -5.678561210632324, "params": {"x1": 0.5655050277709961, "x2": 0.09797175228595734}, "datetime": {"datetime": "2021-07-18 15:36:36", "elapsed": 0.005912, "delta": 0.000469}}
{"target": -1.627228856086731, "params": {"x1": -0.036269914358854294, "x2": -0.620258629322052}, "datetime": {"datetime": "2021-07-18 15:36:36", "elapsed": 0.006356, "delta": 0.000444}}
{"target": -2.1019680500030518, "params": {"x1": -0.7015367746353149, "x2": -0.6375272274017334}, "datetime": {"datetime": "2021-07-18 15:36:36", "elapsed": 0.006802, "delta": 0.000446}}
{"target": -2.7794439792633057, "params": {"x1": 0.6214459538459778, "x2": -1.2425028085708618}, "datetime": {"datetime": "2021-07-18 15:36:36", "elapsed": 0.007247, "delta": 0.000445}}
{"target": -1.511528491973877, "params": {"x1": -0.6866509318351746, "x2": 0.25674545764923096}, "datetime": {"datetime": "2021-07-18 15:36:36", "elapsed": 0.007697, "delta": 0.00045}}
{"target": -1.2404975891113281, "params": {"x1": -1.5597758293151855, "x2": 0.37926265597343445}, "datetime": {"datetime": "2021-07-18 15:36:36", "elapsed": 0.008142, "delta": 0.000445}}
{"target": -5.697588920593262, "params": {"x1": -0.10233523696660995, "x2": 1.4375979900360107}, "datetime": {"datetime": "2021-07-18 15:36:36", "elapsed": 0.008588, "delta": 0.000446}}
{"target": -4.822432994842529, "params": {"x1": -0.9705761075019836, "x2": 0.5822432041168213}, "datetime": {"datetime": "2021-07-18 15:36:36", "elapsed": 0.009045, "delta": 0.000457}}
{"target": -2.639763593673706, "params": {"x1": -0.7288169264793396, "x2": -0.6041805148124695}, "datetime": {"datetime": "2021-07-18 15:36:36", "elapsed": 0.009499, "delta": 0.000454}}
{"target": -1.3445332050323486, "params": {"x1": 0.9477656483650208, "x2": -0.6384463906288147}, "datetime": {"datetime": "2021-07-18 15:36:36", "elapsed": 0.009951, "delta": 0.000452}}
{"target": -3.0368926525115967, "params": {"x1": 1.2460919618606567, "x2": 0.16372191905975342}, "datetime": {"datetime": "2021-07-18 15:36:36", "elapsed": 0.01042, "delta": 0.000469}}
{"target": -6.036970615386963, "params": {"x1": 2.8543806076049805, "x2": -1.1566962003707886}, "datetime": {"datetime": "2021-07-18 15:36:36", "elapsed": 0.010839, "delta": 0.000419}}
{"target": -3.8985302448272705, "params": {"x1": -1.0597201585769653, "x2": 0.35882535576820374}, "datetime": {"datetime": "2021-07-18 15:36:36", "elapsed": 0.011256, "delta": 0.000417}}
{"target": -3.486680746078491, "params": {"x1": 0.1824439913034439, "x2": -0.913332462310791}, "datetime": {"datetime": "2021-07-18 15:36:36", "elapsed": 0.011668, "delta": 0.000412}}
{"target": -4.665377140045166, "params": {"x1": 0.08027740567922592, "x2": 0.12554097175598145}, "datetime": {"datetime": "2021-07-18 15:36:36", "elapsed": 0.012081, "delta": 0.000413}}
{"target": -4.030277252197266, "params": {"x1": 0.05182264745235443, "x2": -0.6659766435623169}, "datetime": {"datetime": "2021-07-18 15:36:36", "elapsed": 0.012501, "delta": 0.00042}}
{"target": -2.909862995147705, "params": {"x1": 0.028089528903365135, "x2": -0.8245381116867065}, "datetime": {"datetime": "2021-07-18 15:36:36", "elapsed": 0.012917, "delta": 0.000416}}
{"target": -2.1070995330810547, "params": {"x1": 0.8290349841117859, "x2": -0.44559621810913086}, "datetime": {"datetime": "2021-07-18 15:36:36", "elapsed": 0.013325, "delta": 0.000408}}
{"target": -6.160794258117676, "params": {"x1": 1.6423169374465942, "x2": 0.7928460836410522}, "datetime": {"datetime": "2021-07-18 15:36:36", "elapsed": 0.013749, "delta": 0.000424}}
{"target": -4.859846115112305, "params": {"x1": 0.45214036107063293, "x2": -1.5479099750518799}, "datetime": {"datetime": "2021-07-18 15:36:36", "elapsed": 0.014099, "delta": 0.00035}}
{"target": -3.8487250804901123, "params": {"x1": -0.3890652060508728, "x2": -2.381291389465332}, "datetime": {"datetime": "2021-07-18 15:36:36", "elapsed": 0.014456, "delta": 0.000357}}
{"target": -5.615168571472168, "params": {"x1": -0.6086435317993164, "x2": 0.8992058634757996}, "datetime": {"datetime": "2021-07-18 15:36:36", "elapsed": 0.014806, "delta": 0.00035}}
{"target": -3.3780863285064697, "params": {"x1": 0.512991189956665, "x2": -0.3824302554130554}, "datetime": {"datetime": "2021-07-18 15:36:36", "elapsed": 0.015157, "delta": 0.000351}}
{"target": -0.3763728141784668, "params": {"x1": -1.2871733903884888, "x2": -0.6034095287322998}, "datetime": {"datetime": "2021-07-18 15:36:36", "elapsed": 0.015515, "delta": 0.000358}}
{"target": -3.7440242767333984, "params": {"x1": -0.5223758816719055, "x2": 1.8162529468536377}, "datetime": {"datetime": "2021-07-18 15:36:36", "elapsed": 0.015871, "delta": 0.000356}}
{"target": -3.971999406814575, "params": {"x1": 1.6896470785140991, "x2": -0.7581161856651306}, "datetime": {"datetime": "2021-07-18 15:36:36", "elapsed": 0.016227, "delta": 0.000356}}
{"target": -3.44399094581604, "params": {"x1": 1.1456739902496338, "x2": 1.3091100454330444}, "datetime": {"datetime": "2021-07-18 15:36:36", "elapsed": 0.01658, "delta": 0.000353}}
{"target": -5.0100932121276855, "params": {"x1": -0.007675689645111561, "x2": -1.2039293050765991}, "datetime": {"datetime": "2021-07-18 15:36:36", "elapsed": 0.01694, "delta": 0.00036}}
{"target": -1.21369469165802, "params": {"x1": -0.982473611831665, "x2": -2.1411423683166504}, "datetime": {"datetime": "2021-07-18 15:36:36", "elapsed": 0.017301, "delta": 0.000361}}
{"target": -1.8478039503097534, "params": {"x1": -0.9390866756439209, "x2": -0.001647569122724235}, "datetime": {"datetime": "2021-07-18 15:36:36", "elapsed": 0.017672, "delta": 0.000371}}
{"target": -2.9100935459136963, "params": {"x1": 0.7388824224472046, "x2": 0.4626772999763489}, "datetime": {"datetime": "2021-07-18 15:36:36", "elapsed": 0.018024, "delta": 0.000352}}
{"target": -4.463770866394043, "params": {"x1": -0.03842746838927269, "x2": -0.4941222369670868}, "datetime": {"datetime": "2021-07-18 15:36:36", "elapsed": 0.01835, "delta": 0.000326}}
{"target": -6.496031761169434, "params": {"x1": 1.4108561277389526, "x2": 1.2537622451782227}, "datetime": {"datetime": "2021-07-18 15:36:36", "elapsed": 0.018677, "delta": 0.000327}}
{"target": -1.5772860050201416, "params": {"x1": -1.3838845491409302, "x2": -0.8095768690109253}, "datetime": {"datetime": "2021-07-18 15:36:36", "elapsed": 0.019, "delta": 0.000323}}
{"target": -3.9936442375183105, "params": {"x1": -1.2519514560699463, "x2": -0.7037500739097595}, "datetime": {"datetime": "2021-07-18 15:36:36", "elapsed": 0.019328, "delta": 0.000328}}
{"target": -6.317893981933594, "params": {"x1": 2.3259060382843018, "x2": -0.7297910451889038}, "datetime": {"datetime": "2021-07-18 15:36:36", "elapsed": 0.019659, "delta": 0.000331}}
{"target": -1.0881325006484985, "params": {"x1": -0.4815843999385834, "x2": -2.081273078918457}, "datetime": {"datetime": "2021-07-18 15:36:36", "elapsed": 0.019989, "delta": 0.00033}}
{"target": -3.879074811935425, "params": {"x1": 1.2687278985977173, "x2": -1.8527090549468994}, "datetime": {"datetime": "2021-07-18 15:36:36", "elapsed": 0.020319, "delta": 0.00033}}
{"target": -2.322469711303711, "params": {"x1": -1.190559983253479, "x2": 0.0595916211605072}, "datetime": {"datetime": "2021-07-18 15:36:36", "elapsed": 0.020649, "delta": 0.00033}}
{"target": -4.986601829528809, "params": {"x1": -0.1595974713563919, "x2": 0.28815269470214844}, "datetime": {"datetime": "2021-07-18 15:36:36", "elapsed": 0.020983, "delta": 0.000334}}
{"target": -4.986601829528809, "params": {"x1": -0.1595974713563919, "x2": 0.28815269470214844}, "datetime": {"datetime": "2021-07-18 15:36:36", "elapsed": 0.021124, "delta": 0.000141}}
{"target": -3.9435391426086426, "params": {"x1": 0.061276569962501526, "x2": -1.1293034553527832}, "datetime": {"datetime": "2021-07-18 15:36:36", "elapsed": 0.021459, "delta": 0.000335}}
{"target": -2.9127321243286133, "params": {"x1": 1.1805996894836426, "x2": -0.03328368067741394}, "datetime": {"datetime": "2021-07-18 15:36:36", "elapsed": 0.021819, "delta": 0.00036}}
{"target": -2.72953724861145, "params": {"x1": 0.7439519762992859, "x2": 0.6467097401618958}, "datetime": {"datetime": "2021-07-18 15:36:36", "elapsed": 0.022155, "delta": 0.000336}}
{"target": -5.782151699066162, "params": {"x1": 1.6487230062484741, "x2": 0.6636945605278015}, "datetime": {"datetime": "2021-07-18 15:36:36", "elapsed": 0.022493, "delta": 0.000338}}
{"target": -2.353070020675659, "params": {"x1": -0.46386733651161194, "x2": 0.7809817790985107}, "datetime": {"datetime": "2021-07-18 15:36:36", "elapsed": 0.022829, "delta": 0.000336}}
{"target": -2.4944448471069336, "params": {"x1": 0.7122363448143005, "x2": 0.536309540271759}, "datetime": {"datetime": "2021-07-18 15:36:36", "elapsed": 0.023161, "delta": 0.000332}}
{"target": -3.4451048374176025, "params": {"x1": -0.9903622269630432, "x2": -0.4819910228252411}, "datetime": {"datetime": "2021-07-18 15:36:36", "elapsed": 0.023494, "delta": 0.000333}}
{"target": -3.4451048374176025, "params": {"x1": -0.9903622269630432, "x2": -0.4819910228252411}, "datetime": {"datetime": "2021-07-18 15:36:36", "elapsed": 0.023638, "delta": 0.000144}}
{"target": -3.3670437335968018, "params": {"x1": -0.2541753351688385, "x2": -0.6140995025634766}, "datetime": {"datetime": "2021-07-18 15:36:36", "elapsed": 0.023991, "delta": 0.000353}}
{"target": -6.053619384765625, "params": {"x1": 0.7756073474884033, "x2": -0.6863325834274292}, "datetime": {"datetime": "2021-07-18 15:36:36", "elapsed": 0.024325, "delta": 0.000334}}
{"target": -2.7333409786224365, "params": {"x1": -1.71055006980896, "x2": 0.7324181199073792}, "datetime": {"datetime": "2021-07-18 15:36:36", "elapsed": 0.024668, "delta": 0.000343}}
{"target": -0.4460415244102478, "params": {"x1": 0.0696544423699379, "x2": -0.2732718884944916}, "datetime": {"datetime": "2021-07-18 15:36:36", "elapsed": 0.024992, "delta": 0.000324}}
{"target": -0.4460415244102478, "params": {"x1": 0.0696544423699379, "x2": -0.2732718884944916}, "datetime": {"datetime": "2021-07-18 15:36:36", "elapsed": 0.025128, "delta": 0.000136}}
{"target": -4.263726234436035, "params": {"x1": 0.3459012508392334, "x2": -1.0021978616714478}, "datetime": {"datetime": "2021-07-18 15:36:36", "elapsed": 0.025432, "delta": 0.000304}}
{"target": -7.018387794494629, "params": {"x1": 1.010284185409546, "x2": 0.4190983772277832}, "datetime": {"datetime": "2021-07-18 15:36:36", "elapsed": 0.025758, "delta": 0.000326}}
{"target": -3.348477840423584, "params": {"x1": -0.6227966547012329, "x2": -0.6434195041656494}, "datetime": {"datetime": "2021-07-18 15:36:36", "elapsed": 0.026069, "delta": 0.000311}}
{"target": -6.80380916595459, "params": {"x1": -0.0978068932890892, "x2": 1.6813273429870605}, "datetime": {"datetime": "2021-07-18 15:36:36", "elapsed": 0.02638, "delta": 0.000311}}
{"target": -2.8412692546844482, "params": {"x1": -0.33142781257629395, "x2": -1.4069199562072754}, "datetime": {"datetime": "2021-07-18 15:36:36", "elapsed": 0.026692, "delta": 0.000312}}
{"target": -5.3710432052612305, "params": {"x1": 0.6001842617988586, "x2": 1.1451576948165894}, "datetime": {"datetime": "2021-07-18 15:36:36", "elapsed": 0.027035, "delta": 0.000343}}
{"target": -3.732285976409912, "params": {"x1": -0.7252011299133301, "x2": -0.39229029417037964}, "datetime": {"datetime": "2021-07-18 15:36:36", "elapsed": 0.02735, "delta": 0.000315}}
{"target": -5.717612266540527, "params": {"x1": 0.7132695913314819, "x2": -0.8710179924964905}, "datetime": {"datetime": "2021-07-18 15:36:36", "elapsed": 0.027667, "delta": 0.000317}}
{"target": -3.548314094543457, "params": {"x1": 1.334737777709961, "x2": -1.666461706161499}, "datetime": {"datetime": "2021-07-18 15:36:36", "elapsed": 0.02798, "delta": 0.000313}}
{"target": -1.4663435220718384, "params": {"x1": -1.5181471109390259, "x2": -0.4908296763896942}, "datetime": {"datetime": "2021-07-18 15:36:36", "elapsed": 0.028295, "delta": 0.000315}}
{"target": -4.718881607055664, "params": {"x1": 1.931160569190979, "x2": -0.7020950317382812}, "datetime": {"datetime": "2021-07-18 15:36:36", "elapsed": 0.02861, "delta": 0.000315}}
{"target": -2.4579131603240967, "params": {"x1": -1.1133604049682617, "x2": -0.17284108698368073}, "datetime": {"datetime": "2021-07-18 15:36:36", "elapsed": 0.028926, "delta": 0.000316}}
{"target": -2.683104991912842, "params": {"x1": -0.26273947954177856, "x2": -0.3542896807193756}, "datetime": {"datetime": "2021-07-18 15:36:36", "elapsed": 0.02924, "delta": 0.000314}}
{"target": -3.9262704849243164, "params": {"x1": -0.28251126408576965, "x2": 0.21664851903915405}, "datetime": {"datetime": "2021-07-18 15:36:36", "elapsed": 0.029556, "delta": 0.000316}}
{"target": -3.9262704849243164, "params": {"x1": -0.28251126408576965, "x2": 0.21664851903915405}, "datetime": {"datetime": "2021-07-18 15:36:36", "elapsed": 0.029705, "delta": 0.000149}}
{"target": -4.593570232391357, "params": {"x1": -0.3874586224555969, "x2": -0.6460883021354675}, "datetime": {"datetime": "2021-07-18 15:36:36", "elapsed": 0.030023, "delta": 0.000318}}
{"target": -5.8638691902160645, "params": {"x1": 0.8691263794898987, "x2": -0.3182602822780609}, "datetime": {"datetime": "2021-07-18 15:36:36", "elapsed": 0.030345, "delta": 0.000322}}
{"target": -4.152590751647949, "params": {"x1": 0.02485940419137478, "x2": -2.0851516723632812}, "datetime": {"datetime": "2021-07-18 15:36:36", "elapsed": 0.030665, "delta": 0.00032}}
{"target": -1.607328176498413, "params": {"x1": 0.6424751281738281, "x2": -0.2665819525718689}, "datetime": {"datetime": "2021-07-18 15:36:36", "elapsed": 0.030983, "delta": 0.000318}}
{"target": -2.9552249908447266, "params": {"x1": -0.31229403614997864, "x2": -0.17061950266361237}, "datetime": {"datetime": "2021-07-18 15:36:36", "elapsed": 0.031307, "delta": 0.000324}}
{"target": -2.9552249908447266, "params": {"x1": -0.31229403614997864, "x2": -0.17061950266361237}, "datetime": {"datetime": "2021-07-18 15:36:36", "elapsed": 0.031454, "delta": 0.000147}}
{"target": -3.9384982585906982, "params": {"x1": 0.9584577679634094, "x2": -1.2680994272232056}, "datetime": {"datetime": "2021-07-18 15:36:36", "elapsed": 0.031785, "delta": 0.000331}}
{"target": -2.8752784729003906, "params": {"x1": 0.8126105666160583, "x2": 0.06820867955684662}, "datetime": {"datetime": "2021-07-18 15:36:36", "elapsed": 0.032098, "delta": 0.000313}}
{"target": -2.7939751148223877, "params": {"x1": 0.9874473810195923, "x2": -0.08652620017528534}, "datetime": {"datetime": "2021-07-18 15:36:36", "elapsed": 0.032411, "delta": 0.000313}}
{"target": -5.463928699493408, "params": {"x1": 0.859858512878418, "x2": -0.995787501335144}, "datetime": {"datetime": "2021-07-18 15:36:36", "elapsed": 0.032722, "delta": 0.000311}}
{"target": -1.2691634893417358, "params": {"x1": -2.3609628677368164, "x2": -0.9761450290679932}, "datetime": {"datetime": "2021-07-18 15:36:36", "elapsed": 0.03305, "delta": 0.000328}}
{"target": -4.762681484222412, "params": {"x1": -0.7278813123703003, "x2": -0.12137421220541}, "datetime": {"datetime": "2021-07-18 15:36:36", "elapsed": 0.033368, "delta": 0.000318}}
{"target": -5.266529560089111, "params": {"x1": -0.09964022785425186, "x2": -1.0801341533660889}, "datetime": {"datetime": "2021-07-18 15:36:36", "elapsed": 0.033735, "delta": 0.000367}}
{"target": -4.535309314727783, "params": {"x1": -1.0362098217010498, "x2": 0.6041818261146545}, "datetime": {"datetime": "2021-07-18 15:36:36", "elapsed": 0.03406, "delta": 0.000325}}
{"target": -4.74143123626709, "params": {"x1": 1.1894739866256714, "x2": -2.4270148277282715}, "datetime": {"datetime": "2021-07-18 15:36:36", "elapsed": 0.034384, "delta": 0.000324}}
{"target": -5.870429039001465, "params": {"x1": -1.4493319988250732, "x2": 1.9228159189224243}, "datetime": {"datetime": "2021-07-18 15:36:36", "elapsed": 0.034706, "delta": 0.000322}}
{"target": -4.096313953399658, "params": {"x1": 2.7312309741973877, "x2": 0.5763423442840576}, "datetime": {"datetime": "2021-07-18 15:36:36", "elapsed": 0.035028, "delta": 0.000322}}
{"target": -5.767207622528076, "params": {"x1": -0.9494866728782654, "x2": 0.1715654879808426}, "datetime": {"datetime": "2021-07-18 15:36:36", "elapsed": 0.035349, "delta": 0.000321}}
{"target": -5.280208587646484, "params": {"x1": -0.25973787903785706, "x2": 0.3850177526473999}, "datetime": {"datetime": "2021-07-18 15:36:36", "elapsed": 0.035669, "delta": 0.00032}}
{"target": -1.8187114000320435, "params": {"x1": -0.4833274185657501, "x2": 1.3926104307174683}, "datetime": {"datetime": "2021-07-18 15:36:36", "elapsed": 0.035988, "delta": 0.000319}}
{"target": -1.5461963415145874, "params": {"x1": -1.8058050870895386, "x2": 0.7373694777488708}, "datetime": {"datetime": "2021-07-18 15:36:36", "elapsed": 0.036309, "delta": 0.000321}}
{"target": -3.1359901428222656, "params": {"x1": -1.3245893716812134, "x2": -2.6218323707580566}, "datetime": {"datetime": "2021-07-18 15:36:36", "elapsed": 0.036637, "delta": 0.000328}}
{"target": -5.697993755340576, "params": {"x1": 1.353700041770935, "x2": 1.1752355098724365}, "datetime": {"datetime": "2021-07-18 15:36:36", "elapsed": 0.03696, "delta": 0.000323}}
{"target": -7.074419021606445, "params": {"x1": -0.8708454966545105, "x2": 1.8646320104599}, "datetime": {"datetime": "2021-07-18 15:36:36", "elapsed": 0.037302, "delta": 0.000342}}
{"target": -4.041749000549316, "params": {"x1": -0.7906641364097595, "x2": -0.9062879085540771}, "datetime": {"datetime": "2021-07-18 15:36:36", "elapsed": 0.037635, "delta": 0.000333}}
{"target": -5.471789836883545, "params": {"x1": 0.824364185333252, "x2": 0.03912770003080368}, "datetime": {"datetime": "2021-07-18 15:36:36", "elapsed": 0.037965, "delta": 0.00033}}
{"target": -2.206148386001587, "params": {"x1": 0.7953095436096191, "x2": -1.2941471338272095}, "datetime": {"datetime": "2021-07-18 15:36:36", "elapsed": 0.038297, "delta": 0.000332}}
{"target": -4.300141334533691, "params": {"x1": 0.7755194902420044, "x2": 0.3138394057750702}, "datetime": {"datetime": "2021-07-18 15:36:36", "elapsed": 0.038623, "delta": 0.000326}}
{"target": -5.064312934875488, "params": {"x1": -0.6184902191162109, "x2": -0.46082329750061035}, "datetime": {"datetime": "2021-07-18 15:36:36", "elapsed": 0.038953, "delta": 0.00033}}
{"target": -5.38212251663208, "params": {"x1": 1.0082393884658813, "x2": 1.5109810829162598}, "datetime": {"datetime": "2021-07-18 15:36:36", "elapsed": 0.039282, "delta": 0.000329}}
{"target": -4.91770076751709, "params": {"x1": -0.5870985388755798, "x2": 0.0905831828713417}, "datetime": {"datetime": "2021-07-18 15:36:36", "elapsed": 0.039609, "delta": 0.000327}}
{"target": -7.593888759613037, "params": {"x1": 1.4801039695739746, "x2": 1.2176311016082764}, "datetime": {"datetime": "2021-07-18 15:36:36", "elapsed": 0.039943, "delta": 0.000334}}
{"target": -3.8993303775787354, "params": {"x1": -0.07198750972747803, "x2": 0.7283791899681091}, "datetime": {"datetime": "2021-07-18 15:36:36", "elapsed": 0.040273, "delta": 0.00033}}
